# JRE version: Java(TM) SE Runtime Environment (17.0.1+12) (build 17.0.1+12-LTS-39)
# Java VM: Java HotSpot(TM) 64-Bit Server VM (17.0.1+12-LTS-39, mixed mode, sharing, tiered, compressed oops, compressed class ptrs, g1 gc, windows-amd64)
GC Precious Log:
 CPUs: 16 total, 16 available
 Memory: 15695M
 Large Page Support: Disabled
 NUMA Support: Disabled
 Compressed Oops: Enabled (Zero based)
 Heap Region Size: 2M
 Heap Min Capacity: 8M
 Heap Initial Capacity: 246M
 Heap Max Capacity: 3924M
 Pre-touch: Disabled
 Parallel Workers: 13
 Concurrent Workers: 3
 Concurrent Refinement Workers: 13
 Periodic GC: Disabled
Heap:
 garbage-first heap   total 182272K, used 71561K [0x000000070ac00000, 0x0000000800000000)
  region size 2048K, 31 young (63488K), 1 survivors (2048K)
 Metaspace       used 21645K, committed 22016K, reserved 1073152K
  class space    used 1889K, committed 2112K, reserved 1048576K
GC Heap History (20 events):
Event: 5.517 GC heap before
{Heap before GC invocations=6 (full 0):
 garbage-first heap   total 49152K, used 13843K [0x000000070ac00000, 0x0000000800000000)
  region size 2048K, 5 young (10240K), 4 survivors (8192K)
 Metaspace       used 21348K, committed 21696K, reserved 1073152K
  class space    used 1858K, committed 1984K, reserved 1048576K
}
Event: 5.523 GC heap after
{Heap after GC invocations=7 (full 0):
 garbage-first heap   total 49152K, used 12184K [0x000000070ac00000, 0x0000000800000000)
  region size 2048K, 1 young (2048K), 1 survivors (2048K)
 Metaspace       used 21348K, committed 21696K, reserved 1073152K
  class space    used 1858K, committed 1984K, reserved 1048576K
}
Event: 5.559 GC heap before
{Heap before GC invocations=7 (full 0):
 garbage-first heap   total 49152K, used 34712K [0x000000070ac00000, 0x0000000800000000)
  region size 2048K, 12 young (24576K), 1 survivors (2048K)
 Metaspace       used 21363K, committed 21696K, reserved 1073152K
  class space    used 1858K, committed 1984K, reserved 1048576K
}
Event: 5.561 GC heap after
{Heap after GC invocations=8 (full 0):
 garbage-first heap   total 49152K, used 12171K [0x000000070ac00000, 0x0000000800000000)
  region size 2048K, 1 young (2048K), 1 survivors (2048K)
 Metaspace       used 21363K, committed 21696K, reserved 1073152K
  class space    used 1858K, committed 1984K, reserved 1048576K
}
Event: 5.585 GC heap before
{Heap before GC invocations=8 (full 0):
 garbage-first heap   total 49152K, used 34699K [0x000000070ac00000, 0x0000000800000000)
  region size 2048K, 12 young (24576K), 1 survivors (2048K)
 Metaspace       used 21467K, committed 21824K, reserved 1073152K
  class space    used 1866K, committed 2048K, reserved 1048576K
}
Event: 5.586 GC heap after
{Heap after GC invocations=9 (full 0):
 garbage-first heap   total 49152K, used 11402K [0x000000070ac00000, 0x0000000800000000)
  region size 2048K, 1 young (2048K), 1 survivors (2048K)
 Metaspace       used 21467K, committed 21824K, reserved 1073152K
  class space    used 1866K, committed 2048K, reserved 1048576K
}
Event: 5.624 GC heap before
{Heap before GC invocations=9 (full 0):
 garbage-first heap   total 49152K, used 35978K [0x000000070ac00000, 0x0000000800000000)
  region size 2048K, 13 young (26624K), 1 survivors (2048K)
 Metaspace       used 21481K, committed 21824K, reserved 1073152K
  class space    used 1868K, committed 2048K, reserved 1048576K
}
Event: 5.626 GC heap after
{Heap after GC invocations=10 (full 0):
 garbage-first heap   total 151552K, used 11307K [0x000000070ac00000, 0x0000000800000000)
  region size 2048K, 1 young (2048K), 1 survivors (2048K)
 Metaspace       used 21481K, committed 21824K, reserved 1073152K
  class space    used 1868K, committed 2048K, reserved 1048576K
}
Event: 5.697 GC heap before
{Heap before GC invocations=10 (full 0):
 garbage-first heap   total 151552K, used 99371K [0x000000070ac00000, 0x0000000800000000)
  region size 2048K, 44 young (90112K), 1 survivors (2048K)
 Metaspace       used 21490K, committed 21824K, reserved 1073152K
  class space    used 1869K, committed 2048K, reserved 1048576K
}
Event: 5.699 GC heap after
{Heap after GC invocations=11 (full 0):
 garbage-first heap   total 151552K, used 11641K [0x000000070ac00000, 0x0000000800000000)
  region size 2048K, 1 young (2048K), 1 survivors (2048K)
 Metaspace       used 21490K, committed 21824K, reserved 1073152K
  class space    used 1869K, committed 2048K, reserved 1048576K
}
Event: 5.771 GC heap before
{Heap before GC invocations=11 (full 0):
 garbage-first heap   total 151552K, used 99705K [0x000000070ac00000, 0x0000000800000000)
  region size 2048K, 44 young (90112K), 1 survivors (2048K)
 Metaspace       used 21500K, committed 21888K, reserved 1073152K
  class space    used 1869K, committed 2048K, reserved 1048576K
}
Event: 5.772 GC heap after
{Heap after GC invocations=12 (full 0):
 garbage-first heap   total 151552K, used 11639K [0x000000070ac00000, 0x0000000800000000)
  region size 2048K, 1 young (2048K), 1 survivors (2048K)
 Metaspace       used 21500K, committed 21888K, reserved 1073152K
  class space    used 1869K, committed 2048K, reserved 1048576K
}
Event: 5.859 GC heap before
{Heap before GC invocations=12 (full 0):
 garbage-first heap   total 151552K, used 99703K [0x000000070ac00000, 0x0000000800000000)
  region size 2048K, 44 young (90112K), 1 survivors (2048K)
 Metaspace       used 21513K, committed 21888K, reserved 1073152K
  class space    used 1869K, committed 2048K, reserved 1048576K
}
Event: 5.860 GC heap after
{Heap after GC invocations=13 (full 0):
 garbage-first heap   total 151552K, used 11527K [0x000000070ac00000, 0x0000000800000000)
  region size 2048K, 1 young (2048K), 1 survivors (2048K)
 Metaspace       used 21513K, committed 21888K, reserved 1073152K
  class space    used 1869K, committed 2048K, reserved 1048576K
}
Event: 5.948 GC heap before
{Heap before GC invocations=13 (full 0):
 garbage-first heap   total 151552K, used 97543K [0x000000070ac00000, 0x0000000800000000)
  region size 2048K, 44 young (90112K), 1 survivors (2048K)
 Metaspace       used 21517K, committed 21888K, reserved 1073152K
  class space    used 1869K, committed 2048K, reserved 1048576K
}
Event: 5.950 GC heap after
{Heap after GC invocations=14 (full 0):
 garbage-first heap   total 182272K, used 11897K [0x000000070ac00000, 0x0000000800000000)
  region size 2048K, 1 young (2048K), 1 survivors (2048K)
 Metaspace       used 21517K, committed 21888K, reserved 1073152K
  class space    used 1869K, committed 2048K, reserved 1048576K
}
Event: 6.053 GC heap before
{Heap before GC invocations=14 (full 0):
 garbage-first heap   total 182272K, used 116345K [0x000000070ac00000, 0x0000000800000000)
  region size 2048K, 53 young (108544K), 1 survivors (2048K)
 Metaspace       used 21522K, committed 21888K, reserved 1073152K
  class space    used 1869K, committed 2048K, reserved 1048576K
}
Event: 6.054 GC heap after
{Heap after GC invocations=15 (full 0):
 garbage-first heap   total 182272K, used 12002K [0x000000070ac00000, 0x0000000800000000)
  region size 2048K, 1 young (2048K), 1 survivors (2048K)
 Metaspace       used 21522K, committed 21888K, reserved 1073152K
  class space    used 1869K, committed 2048K, reserved 1048576K
}
Event: 6.143 GC heap before
{Heap before GC invocations=15 (full 0):
 garbage-first heap   total 182272K, used 118498K [0x000000070ac00000, 0x0000000800000000)
  region size 2048K, 53 young (108544K), 1 survivors (2048K)
 Metaspace       used 21531K, committed 21888K, reserved 1073152K
  class space    used 1871K, committed 2048K, reserved 1048576K
}
Event: 6.144 GC heap after
{Heap after GC invocations=16 (full 0):
 garbage-first heap   total 182272K, used 12169K [0x000000070ac00000, 0x0000000800000000)
  region size 2048K, 1 young (2048K), 1 survivors (2048K)
 Metaspace       used 21531K, committed 21888K, reserved 1073152K
  class space    used 1871K, committed 2048K, reserved 1048576K
}

