# JRE version: Java(TM) SE Runtime Environment (17.0.1+12) (build 17.0.1+12-LTS-39)
# Java VM: Java HotSpot(TM) 64-Bit Server VM (17.0.1+12-LTS-39, mixed mode, sharing, tiered, compressed oops, compressed class ptrs, g1 gc, windows-amd64)
GC Precious Log:
 CPUs: 16 total, 16 available
 Memory: 15695M
 Large Page Support: Disabled
 NUMA Support: Disabled
 Compressed Oops: Enabled (Zero based)
 Heap Region Size: 2M
 Heap Min Capacity: 8M
 Heap Initial Capacity: 246M
 Heap Max Capacity: 3924M
 Pre-touch: Disabled
 Parallel Workers: 13
 Concurrent Workers: 3
 Concurrent Refinement Workers: 13
 Periodic GC: Disabled
Heap:
 garbage-first heap   total 206848K, used 61548K [0x000000070ac00000, 0x0000000800000000)
  region size 2048K, 25 young (51200K), 4 survivors (8192K)
 Metaspace       used 22595K, committed 22976K, reserved 1073152K
  class space    used 1910K, committed 2112K, reserved 1048576K
GC Heap History (20 events):
Event: 6.896 GC heap before
{Heap before GC invocations=5 (full 0):
 garbage-first heap   total 75776K, used 56450K [0x000000070ac00000, 0x0000000800000000)
  region size 2048K, 28 young (57344K), 5 survivors (10240K)
 Metaspace       used 21254K, committed 21568K, reserved 1073152K
  class space    used 1858K, committed 1984K, reserved 1048576K
}
Event: 6.902 GC heap after
{Heap after GC invocations=6 (full 0):
 garbage-first heap   total 75776K, used 12985K [0x000000070ac00000, 0x0000000800000000)
  region size 2048K, 4 young (8192K), 4 survivors (8192K)
 Metaspace       used 21254K, committed 21568K, reserved 1073152K
  class space    used 1858K, committed 1984K, reserved 1048576K
}
Event: 6.905 GC heap before
{Heap before GC invocations=6 (full 0):
 garbage-first heap   total 75776K, used 15033K [0x000000070ac00000, 0x0000000800000000)
  region size 2048K, 5 young (10240K), 4 survivors (8192K)
 Metaspace       used 21254K, committed 21568K, reserved 1073152K
  class space    used 1858K, committed 1984K, reserved 1048576K
}
Event: 6.911 GC heap after
{Heap after GC invocations=7 (full 0):
 garbage-first heap   total 75776K, used 14192K [0x000000070ac00000, 0x0000000800000000)
  region size 2048K, 1 young (2048K), 1 survivors (2048K)
 Metaspace       used 21254K, committed 21568K, reserved 1073152K
  class space    used 1858K, committed 1984K, reserved 1048576K
}
Event: 7.056 GC heap before
{Heap before GC invocations=7 (full 0):
 garbage-first heap   total 75776K, used 55152K [0x000000070ac00000, 0x0000000800000000)
  region size 2048K, 21 young (43008K), 1 survivors (2048K)
 Metaspace       used 21259K, committed 21568K, reserved 1073152K
  class space    used 1858K, committed 1984K, reserved 1048576K
}
Event: 7.058 GC heap after
{Heap after GC invocations=8 (full 0):
 garbage-first heap   total 75776K, used 15739K [0x000000070ac00000, 0x0000000800000000)
  region size 2048K, 2 young (4096K), 2 survivors (4096K)
 Metaspace       used 21259K, committed 21568K, reserved 1073152K
  class space    used 1858K, committed 1984K, reserved 1048576K
}
Event: 7.225 GC heap before
{Heap before GC invocations=8 (full 0):
 garbage-first heap   total 75776K, used 56699K [0x000000070ac00000, 0x0000000800000000)
  region size 2048K, 22 young (45056K), 2 survivors (4096K)
 Metaspace       used 21270K, committed 21568K, reserved 1073152K
  class space    used 1858K, committed 1984K, reserved 1048576K
}
Event: 7.228 GC heap after
{Heap after GC invocations=9 (full 0):
 garbage-first heap   total 172032K, used 15867K [0x000000070ac00000, 0x0000000800000000)
  region size 2048K, 2 young (4096K), 2 survivors (4096K)
 Metaspace       used 21270K, committed 21568K, reserved 1073152K
  class space    used 1858K, committed 1984K, reserved 1048576K
}
Event: 7.527 GC heap before
{Heap before GC invocations=9 (full 0):
 garbage-first heap   total 172032K, used 114171K [0x000000070ac00000, 0x0000000800000000)
  region size 2048K, 50 young (102400K), 2 survivors (4096K)
 Metaspace       used 21297K, committed 21568K, reserved 1073152K
  class space    used 1858K, committed 1984K, reserved 1048576K
}
Event: 7.531 GC heap after
{Heap after GC invocations=10 (full 0):
 garbage-first heap   total 172032K, used 17938K [0x000000070ac00000, 0x0000000800000000)
  region size 2048K, 3 young (6144K), 3 survivors (6144K)
 Metaspace       used 21297K, committed 21568K, reserved 1073152K
  class space    used 1858K, committed 1984K, reserved 1048576K
}
Event: 7.917 GC heap before
{Heap before GC invocations=10 (full 0):
 garbage-first heap   total 172032K, used 114194K [0x000000070ac00000, 0x0000000800000000)
  region size 2048K, 50 young (102400K), 3 survivors (6144K)
 Metaspace       used 21637K, committed 22016K, reserved 1073152K
  class space    used 1873K, committed 2048K, reserved 1048576K
}
Event: 7.921 GC heap after
{Heap after GC invocations=11 (full 0):
 garbage-first heap   total 172032K, used 18755K [0x000000070ac00000, 0x0000000800000000)
  region size 2048K, 3 young (6144K), 3 survivors (6144K)
 Metaspace       used 21637K, committed 22016K, reserved 1073152K
  class space    used 1873K, committed 2048K, reserved 1048576K
}
Event: 8.189 GC heap before
{Heap before GC invocations=11 (full 0):
 garbage-first heap   total 172032K, used 112963K [0x000000070ac00000, 0x0000000800000000)
  region size 2048K, 50 young (102400K), 3 survivors (6144K)
 Metaspace       used 21844K, committed 22208K, reserved 1073152K
  class space    used 1884K, committed 2048K, reserved 1048576K
}
Event: 8.192 GC heap after
{Heap after GC invocations=12 (full 0):
 garbage-first heap   total 172032K, used 18701K [0x000000070ac00000, 0x0000000800000000)
  region size 2048K, 3 young (6144K), 3 survivors (6144K)
 Metaspace       used 21844K, committed 22208K, reserved 1073152K
  class space    used 1884K, committed 2048K, reserved 1048576K
}
Event: 12.650 GC heap before
{Heap before GC invocations=12 (full 0):
 garbage-first heap   total 172032K, used 112909K [0x000000070ac00000, 0x0000000800000000)
  region size 2048K, 50 young (102400K), 3 survivors (6144K)
 Metaspace       used 22506K, committed 22912K, reserved 1073152K
  class space    used 1910K, committed 2112K, reserved 1048576K
}
Event: 12.652 GC heap after
{Heap after GC invocations=13 (full 0):
 garbage-first heap   total 206848K, used 18457K [0x000000070ac00000, 0x0000000800000000)
  region size 2048K, 3 young (6144K), 3 survivors (6144K)
 Metaspace       used 22506K, committed 22912K, reserved 1073152K
  class space    used 1910K, committed 2112K, reserved 1048576K
}
Event: 13.401 GC heap before
{Heap before GC invocations=13 (full 0):
 garbage-first heap   total 206848K, used 135193K [0x000000070ac00000, 0x0000000800000000)
  region size 2048K, 60 young (122880K), 3 survivors (6144K)
 Metaspace       used 22574K, committed 22976K, reserved 1073152K
  class space    used 1910K, committed 2112K, reserved 1048576K
}
Event: 13.404 GC heap after
{Heap after GC invocations=14 (full 0):
 garbage-first heap   total 206848K, used 19009K [0x000000070ac00000, 0x0000000800000000)
  region size 2048K, 4 young (8192K), 4 survivors (8192K)
 Metaspace       used 22574K, committed 22976K, reserved 1073152K
  class space    used 1910K, committed 2112K, reserved 1048576K
}
Event: 14.004 GC heap before
{Heap before GC invocations=14 (full 0):
 garbage-first heap   total 206848K, used 133697K [0x000000070ac00000, 0x0000000800000000)
  region size 2048K, 60 young (122880K), 4 survivors (8192K)
 Metaspace       used 22590K, committed 22976K, reserved 1073152K
  class space    used 1910K, committed 2112K, reserved 1048576K
}
Event: 14.007 GC heap after
{Heap after GC invocations=15 (full 0):
 garbage-first heap   total 206848K, used 20588K [0x000000070ac00000, 0x0000000800000000)
  region size 2048K, 4 young (8192K), 4 survivors (8192K)
 Metaspace       used 22590K, committed 22976K, reserved 1073152K
  class space    used 1910K, committed 2112K, reserved 1048576K
}

