# JRE version: OpenJDK Runtime Environment Corretto-17.0.11.9.1 (17.0.11+9) (build 17.0.11+9-LTS)
# Java VM: OpenJDK 64-Bit Server VM Corretto-17.0.11.9.1 (17.0.11+9-LTS, mixed mode, sharing, tiered, compressed oops, compressed class ptrs, g1 gc, windows-amd64)
GC Precious Log:
 CPUs: 4 total, 4 available
 Memory: 16327M
 Large Page Support: Disabled
 NUMA Support: Disabled
 Compressed Oops: Enabled (Zero based)
 Heap Region Size: 2M
 Heap Min Capacity: 8M
 Heap Initial Capacity: 256M
 Heap Max Capacity: 4082M
 Pre-touch: Disabled
 Parallel Workers: 4
 Concurrent Workers: 1
 Concurrent Refinement Workers: 4
 Periodic GC: Disabled
Heap:
 garbage-first heap   total 49152K, used 27701K [0x0000000700e00000, 0x0000000800000000)
  region size 2048K, 13 young (26624K), 4 survivors (8192K)
 Metaspace       used 22457K, committed 22848K, reserved 1114112K
  class space    used 1943K, committed 2112K, reserved 1048576K
GC Heap History (18 events):
Event: 0.471 GC heap before
{Heap before GC invocations=0 (full 0):
 garbage-first heap   total 262144K, used 12288K [0x0000000700e00000, 0x0000000800000000)
  region size 2048K, 6 young (12288K), 0 survivors (0K)
 Metaspace       used 3425K, committed 3584K, reserved 1114112K
  class space    used 268K, committed 320K, reserved 1048576K
}
Event: 0.475 GC heap after
{Heap after GC invocations=1 (full 0):
 garbage-first heap   total 262144K, used 3381K [0x0000000700e00000, 0x0000000800000000)
  region size 2048K, 1 young (2048K), 1 survivors (2048K)
 Metaspace       used 3425K, committed 3584K, reserved 1114112K
  class space    used 268K, committed 320K, reserved 1048576K
}
Event: 1.102 GC heap before
{Heap before GC invocations=1 (full 0):
 garbage-first heap   total 262144K, used 13621K [0x0000000700e00000, 0x0000000800000000)
  region size 2048K, 6 young (12288K), 1 survivors (2048K)
 Metaspace       used 13709K, committed 13888K, reserved 1114112K
  class space    used 1403K, committed 1472K, reserved 1048576K
}
Event: 1.105 GC heap after
{Heap after GC invocations=2 (full 0):
 garbage-first heap   total 262144K, used 5280K [0x0000000700e00000, 0x0000000800000000)
  region size 2048K, 1 young (2048K), 1 survivors (2048K)
 Metaspace       used 13709K, committed 13888K, reserved 1114112K
  class space    used 1403K, committed 1472K, reserved 1048576K
}
Event: 1.841 GC heap before
{Heap before GC invocations=2 (full 0):
 garbage-first heap   total 262144K, used 31904K [0x0000000700e00000, 0x0000000800000000)
  region size 2048K, 15 young (30720K), 1 survivors (2048K)
 Metaspace       used 17547K, committed 17856K, reserved 1114112K
  class space    used 1583K, committed 1728K, reserved 1048576K
}
Event: 1.845 GC heap after
{Heap after GC invocations=3 (full 0):
 garbage-first heap   total 262144K, used 5852K [0x0000000700e00000, 0x0000000800000000)
  region size 2048K, 2 young (4096K), 2 survivors (4096K)
 Metaspace       used 17547K, committed 17856K, reserved 1114112K
  class space    used 1583K, committed 1728K, reserved 1048576K
}
Event: 3.325 GC heap before
{Heap before GC invocations=3 (full 0):
 garbage-first heap   total 262144K, used 157404K [0x0000000700e00000, 0x0000000800000000)
  region size 2048K, 76 young (155648K), 2 survivors (4096K)
 Metaspace       used 21131K, committed 21440K, reserved 1114112K
  class space    used 1857K, committed 1984K, reserved 1048576K
}
Event: 3.333 GC heap after
{Heap after GC invocations=4 (full 0):
 garbage-first heap   total 262144K, used 10783K [0x0000000700e00000, 0x0000000800000000)
  region size 2048K, 4 young (8192K), 4 survivors (8192K)
 Metaspace       used 21131K, committed 21440K, reserved 1114112K
  class space    used 1857K, committed 1984K, reserved 1048576K
}
Event: 3.677 GC heap before
{Heap before GC invocations=4 (full 0):
 garbage-first heap   total 262144K, used 158239K [0x0000000700e00000, 0x0000000800000000)
  region size 2048K, 76 young (155648K), 4 survivors (8192K)
 Metaspace       used 21157K, committed 21440K, reserved 1114112K
  class space    used 1858K, committed 1984K, reserved 1048576K
}
Event: 3.682 GC heap after
{Heap after GC invocations=5 (full 0):
 garbage-first heap   total 262144K, used 11476K [0x0000000700e00000, 0x0000000800000000)
  region size 2048K, 4 young (8192K), 4 survivors (8192K)
 Metaspace       used 21157K, committed 21440K, reserved 1114112K
  class space    used 1858K, committed 1984K, reserved 1048576K
}
Event: 5.491 GC heap before
{Heap before GC invocations=5 (full 0):
 garbage-first heap   total 262144K, used 156884K [0x0000000700e00000, 0x0000000800000000)
  region size 2048K, 76 young (155648K), 4 survivors (8192K)
 Metaspace       used 21221K, committed 21504K, reserved 1114112K
  class space    used 1859K, committed 1984K, reserved 1048576K
}
Event: 5.497 GC heap after
{Heap after GC invocations=6 (full 0):
 garbage-first heap   total 262144K, used 11476K [0x0000000700e00000, 0x0000000800000000)
  region size 2048K, 4 young (8192K), 4 survivors (8192K)
 Metaspace       used 21221K, committed 21504K, reserved 1114112K
  class space    used 1859K, committed 1984K, reserved 1048576K
}
Event: 6.292 GC heap before
{Heap before GC invocations=6 (full 0):
 garbage-first heap   total 262144K, used 158932K [0x0000000700e00000, 0x0000000800000000)
  region size 2048K, 76 young (155648K), 4 survivors (8192K)
 Metaspace       used 21238K, committed 21504K, reserved 1114112K
  class space    used 1859K, committed 1984K, reserved 1048576K
}
Event: 6.296 GC heap after
{Heap after GC invocations=7 (full 0):
 garbage-first heap   total 262144K, used 11281K [0x0000000700e00000, 0x0000000800000000)
  region size 2048K, 4 young (8192K), 4 survivors (8192K)
 Metaspace       used 21238K, committed 21504K, reserved 1114112K
  class space    used 1859K, committed 1984K, reserved 1048576K
}
Event: 6.766 GC heap before
{Heap before GC invocations=7 (full 0):
 garbage-first heap   total 262144K, used 158737K [0x0000000700e00000, 0x0000000800000000)
  region size 2048K, 76 young (155648K), 4 survivors (8192K)
 Metaspace       used 21239K, committed 21504K, reserved 1114112K
  class space    used 1859K, committed 1984K, reserved 1048576K
}
Event: 6.771 GC heap after
{Heap after GC invocations=8 (full 0):
 garbage-first heap   total 262144K, used 11476K [0x0000000700e00000, 0x0000000800000000)
  region size 2048K, 4 young (8192K), 4 survivors (8192K)
 Metaspace       used 21239K, committed 21504K, reserved 1114112K
  class space    used 1859K, committed 1984K, reserved 1048576K
}
Event: 7.536 GC heap before
{Heap before GC invocations=8 (full 0):
 garbage-first heap   total 262144K, used 107732K [0x0000000700e00000, 0x0000000800000000)
  region size 2048K, 53 young (108544K), 4 survivors (8192K)
 Metaspace       used 21257K, committed 21504K, reserved 1114112K
  class space    used 1859K, committed 1984K, reserved 1048576K
}
Event: 7.540 GC heap after
{Heap after GC invocations=9 (full 0):
 garbage-first heap   total 262144K, used 11317K [0x0000000700e00000, 0x0000000800000000)
  region size 2048K, 4 young (8192K), 4 survivors (8192K)
 Metaspace       used 21257K, committed 21504K, reserved 1114112K
  class space    used 1859K, committed 1984K, reserved 1048576K
}

