# JRE version: OpenJDK Runtime Environment Corretto-21.0.3.9.1 (21.0.3+9) (build 21.0.3+9-LTS)
# Java VM: OpenJDK 64-Bit Server VM Corretto-21.0.3.9.1 (21.0.3+9-LTS, mixed mode, sharing, tiered, compressed oops, compressed class ptrs, g1 gc, windows-amd64)
GC Precious Log:
 CardTable entry size: 512
 Card Set container configuration: InlinePtr #cards 5 size 8 Array Of Cards #cards 12 size 40 Howl #buckets 4 coarsen threshold 1843 Howl Bitmap #cards 512 size 80 coarsen threshold 460 Card regions per heap region 1 cards per card region 2048
 CPUs: 6 total, 6 available
 Memory: 7989M
 Large Page Support: Disabled
 NUMA Support: Disabled
 Compressed Oops: Enabled (32-bit)
 Heap Region Size: 1M
 Heap Min Capacity: 8M
 Heap Initial Capacity: 126M
 Heap Max Capacity: 1998M
 Pre-touch: Disabled
 Parallel Workers: 6
 Concurrent Workers: 2
 Concurrent Refinement Workers: 6
 Periodic GC: Disabled
Heap:
 garbage-first heap   total 65536K, used 48809K [0x0000000083200000, 0x0000000100000000)
  region size 1024K, 38 young (38912K), 1 survivors (1024K)
 Metaspace       used 21825K, committed 22272K, reserved 1114112K
  class space    used 1889K, committed 2112K, reserved 1048576K
GC Heap History (16 events):
Event: 0.972 GC heap before
{Heap before GC invocations=0 (full 0):
 garbage-first heap   total 129024K, used 22528K [0x0000000083200000, 0x0000000100000000)
  region size 1024K, 21 young (21504K), 0 survivors (0K)
 Metaspace       used 14874K, committed 15104K, reserved 1114112K
  class space    used 1426K, committed 1536K, reserved 1048576K
}
Event: 0.976 GC heap after
{Heap after GC invocations=1 (full 0):
 garbage-first heap   total 129024K, used 7039K [0x0000000083200000, 0x0000000100000000)
  region size 1024K, 3 young (3072K), 3 survivors (3072K)
 Metaspace       used 14874K, committed 15104K, reserved 1114112K
  class space    used 1426K, committed 1536K, reserved 1048576K
}
Event: 1.411 GC heap before
{Heap before GC invocations=1 (full 0):
 garbage-first heap   total 129024K, used 31615K [0x0000000083200000, 0x0000000100000000)
  region size 1024K, 28 young (28672K), 3 survivors (3072K)
 Metaspace       used 18212K, committed 18496K, reserved 1114112K
  class space    used 1595K, committed 1728K, reserved 1048576K
}
Event: 1.414 GC heap after
{Heap after GC invocations=2 (full 0):
 garbage-first heap   total 129024K, used 8287K [0x0000000083200000, 0x0000000100000000)
  region size 1024K, 2 young (2048K), 2 survivors (2048K)
 Metaspace       used 18212K, committed 18496K, reserved 1114112K
  class space    used 1595K, committed 1728K, reserved 1048576K
}
Event: 2.421 GC heap before
{Heap before GC invocations=2 (full 0):
 garbage-first heap   total 129024K, used 37983K [0x0000000083200000, 0x0000000100000000)
  region size 1024K, 32 young (32768K), 2 survivors (2048K)
 Metaspace       used 21185K, committed 21504K, reserved 1114112K
  class space    used 1826K, committed 1984K, reserved 1048576K
}
Event: 2.425 GC heap after
{Heap after GC invocations=3 (full 0):
 garbage-first heap   total 129024K, used 11690K [0x0000000083200000, 0x0000000100000000)
  region size 1024K, 5 young (5120K), 5 survivors (5120K)
 Metaspace       used 21185K, committed 21504K, reserved 1114112K
  class space    used 1826K, committed 1984K, reserved 1048576K
}
Event: 2.705 GC heap before
{Heap before GC invocations=4 (full 0):
 garbage-first heap   total 65536K, used 44458K [0x0000000083200000, 0x0000000100000000)
  region size 1024K, 38 young (38912K), 5 survivors (5120K)
 Metaspace       used 21531K, committed 21952K, reserved 1114112K
  class space    used 1868K, committed 2048K, reserved 1048576K
}
Event: 2.707 GC heap after
{Heap after GC invocations=5 (full 0):
 garbage-first heap   total 65536K, used 12183K [0x0000000083200000, 0x0000000100000000)
  region size 1024K, 1 young (1024K), 1 survivors (1024K)
 Metaspace       used 21531K, committed 21952K, reserved 1114112K
  class space    used 1868K, committed 2048K, reserved 1048576K
}
Event: 2.737 GC heap before
{Heap before GC invocations=5 (full 0):
 garbage-first heap   total 65536K, used 49047K [0x0000000083200000, 0x0000000100000000)
  region size 1024K, 37 young (37888K), 1 survivors (1024K)
 Metaspace       used 21538K, committed 21952K, reserved 1114112K
  class space    used 1868K, committed 2048K, reserved 1048576K
}
Event: 2.738 GC heap after
{Heap after GC invocations=6 (full 0):
 garbage-first heap   total 65536K, used 11977K [0x0000000083200000, 0x0000000100000000)
  region size 1024K, 1 young (1024K), 1 survivors (1024K)
 Metaspace       used 21538K, committed 21952K, reserved 1114112K
  class space    used 1868K, committed 2048K, reserved 1048576K
}
Event: 2.767 GC heap before
{Heap before GC invocations=6 (full 0):
 garbage-first heap   total 65536K, used 49865K [0x0000000083200000, 0x0000000100000000)
  region size 1024K, 38 young (38912K), 1 survivors (1024K)
 Metaspace       used 21556K, committed 21952K, reserved 1114112K
  class space    used 1868K, committed 2048K, reserved 1048576K
}
Event: 2.768 GC heap after
{Heap after GC invocations=7 (full 0):
 garbage-first heap   total 65536K, used 11888K [0x0000000083200000, 0x0000000100000000)
  region size 1024K, 1 young (1024K), 1 survivors (1024K)
 Metaspace       used 21556K, committed 21952K, reserved 1114112K
  class space    used 1868K, committed 2048K, reserved 1048576K
}
Event: 2.959 GC heap before
{Heap before GC invocations=7 (full 0):
 garbage-first heap   total 65536K, used 49776K [0x0000000083200000, 0x0000000100000000)
  region size 1024K, 38 young (38912K), 1 survivors (1024K)
 Metaspace       used 21556K, committed 21952K, reserved 1114112K
  class space    used 1868K, committed 2048K, reserved 1048576K
}
Event: 2.960 GC heap after
{Heap after GC invocations=8 (full 0):
 garbage-first heap   total 65536K, used 11867K [0x0000000083200000, 0x0000000100000000)
  region size 1024K, 1 young (1024K), 1 survivors (1024K)
 Metaspace       used 21556K, committed 21952K, reserved 1114112K
  class space    used 1868K, committed 2048K, reserved 1048576K
}
Event: 3.340 GC heap before
{Heap before GC invocations=8 (full 0):
 garbage-first heap   total 65536K, used 49755K [0x0000000083200000, 0x0000000100000000)
  region size 1024K, 38 young (38912K), 1 survivors (1024K)
 Metaspace       used 21564K, committed 21952K, reserved 1114112K
  class space    used 1868K, committed 2048K, reserved 1048576K
}
Event: 3.340 GC heap after
{Heap after GC invocations=9 (full 0):
 garbage-first heap   total 65536K, used 11901K [0x0000000083200000, 0x0000000100000000)
  region size 1024K, 1 young (1024K), 1 survivors (1024K)
 Metaspace       used 21564K, committed 21952K, reserved 1114112K
  class space    used 1868K, committed 2048K, reserved 1048576K
}

