# JRE version: Java(TM) SE Runtime Environment (21.0.1+12) (build 21.0.1+12-LTS-29)
# Java VM: Java HotSpot(TM) 64-Bit Server VM (21.0.1+12-LTS-29, mixed mode, sharing, tiered, compressed oops, compressed class ptrs, g1 gc, windows-amd64)
GC Precious Log:
 CardTable entry size: 512
 Card Set container configuration: InlinePtr #cards 4 size 8 Array Of Cards #cards 16 size 48 Howl #buckets 8 coarsen threshold 3686 Howl Bitmap #cards 512 size 80 coarsen threshold 460 Card regions per heap region 1 cards per card region 4096
 CPUs: 4 total, 4 available
 Memory: 16327M
 Large Page Support: Disabled
 NUMA Support: Disabled
 Compressed Oops: Enabled (Zero based)
 Heap Region Size: 2M
 Heap Min Capacity: 8M
 Heap Initial Capacity: 256M
 Heap Max Capacity: 4082M
 Pre-touch: Disabled
 Parallel Workers: 4
 Concurrent Workers: 1
 Concurrent Refinement Workers: 4
 Periodic GC: Disabled
Heap:
 garbage-first heap   total 155648K, used 70572K [0x0000000700e00000, 0x0000000800000000)
  region size 2048K, 33 young (67584K), 2 survivors (4096K)
 Metaspace       used 22861K, committed 23296K, reserved 1114112K
  class space    used 1955K, committed 2112K, reserved 1048576K
GC Heap History (20 events):
Event: 3.176 GC heap before
{Heap before GC invocations=9 (full 0):
 garbage-first heap   total 47104K, used 29837K [0x0000000700e00000, 0x0000000800000000)
  region size 2048K, 13 young (26624K), 2 survivors (4096K)
 Metaspace       used 21249K, committed 21632K, reserved 1114112K
  class space    used 1840K, committed 2048K, reserved 1048576K
}
Event: 3.178 GC heap after
{Heap after GC invocations=10 (full 0):
 garbage-first heap   total 155648K, used 9985K [0x0000000700e00000, 0x0000000800000000)
  region size 2048K, 2 young (4096K), 2 survivors (4096K)
 Metaspace       used 21249K, committed 21632K, reserved 1114112K
  class space    used 1840K, committed 2048K, reserved 1048576K
}
Event: 3.235 GC heap before
{Heap before GC invocations=10 (full 0):
 garbage-first heap   total 155648K, used 96001K [0x0000000700e00000, 0x0000000800000000)
  region size 2048K, 45 young (92160K), 2 survivors (4096K)
 Metaspace       used 21295K, committed 21760K, reserved 1114112K
  class space    used 1844K, committed 2048K, reserved 1048576K
}
Event: 3.237 GC heap after
{Heap after GC invocations=11 (full 0):
 garbage-first heap   total 155648K, used 10590K [0x0000000700e00000, 0x0000000800000000)
  region size 2048K, 2 young (4096K), 2 survivors (4096K)
 Metaspace       used 21295K, committed 21760K, reserved 1114112K
  class space    used 1844K, committed 2048K, reserved 1048576K
}
Event: 3.586 GC heap before
{Heap before GC invocations=11 (full 0):
 garbage-first heap   total 155648K, used 96606K [0x0000000700e00000, 0x0000000800000000)
  region size 2048K, 45 young (92160K), 2 survivors (4096K)
 Metaspace       used 21712K, committed 22144K, reserved 1114112K
  class space    used 1896K, committed 2112K, reserved 1048576K
}
Event: 3.589 GC heap after
{Heap after GC invocations=12 (full 0):
 garbage-first heap   total 155648K, used 10268K [0x0000000700e00000, 0x0000000800000000)
  region size 2048K, 2 young (4096K), 2 survivors (4096K)
 Metaspace       used 21712K, committed 22144K, reserved 1114112K
  class space    used 1896K, committed 2112K, reserved 1048576K
}
Event: 4.101 GC heap before
{Heap before GC invocations=12 (full 0):
 garbage-first heap   total 155648K, used 98332K [0x0000000700e00000, 0x0000000800000000)
  region size 2048K, 45 young (92160K), 2 survivors (4096K)
 Metaspace       used 21753K, committed 22144K, reserved 1114112K
  class space    used 1897K, committed 2112K, reserved 1048576K
}
Event: 4.104 GC heap after
{Heap after GC invocations=13 (full 0):
 garbage-first heap   total 155648K, used 10527K [0x0000000700e00000, 0x0000000800000000)
  region size 2048K, 2 young (4096K), 2 survivors (4096K)
 Metaspace       used 21753K, committed 22144K, reserved 1114112K
  class space    used 1897K, committed 2112K, reserved 1048576K
}
Event: 4.684 GC heap before
{Heap before GC invocations=13 (full 0):
 garbage-first heap   total 155648K, used 98591K [0x0000000700e00000, 0x0000000800000000)
  region size 2048K, 45 young (92160K), 2 survivors (4096K)
 Metaspace       used 21967K, committed 22400K, reserved 1114112K
  class space    used 1910K, committed 2112K, reserved 1048576K
}
Event: 4.687 GC heap after
{Heap after GC invocations=14 (full 0):
 garbage-first heap   total 155648K, used 11877K [0x0000000700e00000, 0x0000000800000000)
  region size 2048K, 3 young (6144K), 3 survivors (6144K)
 Metaspace       used 21967K, committed 22400K, reserved 1114112K
  class space    used 1910K, committed 2112K, reserved 1048576K
}
Event: 6.222 GC heap before
{Heap before GC invocations=14 (full 0):
 garbage-first heap   total 155648K, used 97893K [0x0000000700e00000, 0x0000000800000000)
  region size 2048K, 45 young (92160K), 3 survivors (6144K)
 Metaspace       used 22083K, committed 22464K, reserved 1114112K
  class space    used 1920K, committed 2112K, reserved 1048576K
}
Event: 6.225 GC heap after
{Heap after GC invocations=15 (full 0):
 garbage-first heap   total 155648K, used 10647K [0x0000000700e00000, 0x0000000800000000)
  region size 2048K, 2 young (4096K), 2 survivors (4096K)
 Metaspace       used 22083K, committed 22464K, reserved 1114112K
  class space    used 1920K, committed 2112K, reserved 1048576K
}
Event: 8.249 GC heap before
{Heap before GC invocations=15 (full 0):
 garbage-first heap   total 155648K, used 98711K [0x0000000700e00000, 0x0000000800000000)
  region size 2048K, 45 young (92160K), 2 survivors (4096K)
 Metaspace       used 22600K, committed 22976K, reserved 1114112K
  class space    used 1946K, committed 2112K, reserved 1048576K
}
Event: 8.251 GC heap after
{Heap after GC invocations=16 (full 0):
 garbage-first heap   total 155648K, used 10798K [0x0000000700e00000, 0x0000000800000000)
  region size 2048K, 2 young (4096K), 2 survivors (4096K)
 Metaspace       used 22600K, committed 22976K, reserved 1114112K
  class space    used 1946K, committed 2112K, reserved 1048576K
}
Event: 8.828 GC heap before
{Heap before GC invocations=16 (full 0):
 garbage-first heap   total 155648K, used 98862K [0x0000000700e00000, 0x0000000800000000)
  region size 2048K, 45 young (92160K), 2 survivors (4096K)
 Metaspace       used 22611K, committed 23040K, reserved 1114112K
  class space    used 1946K, committed 2112K, reserved 1048576K
}
Event: 8.830 GC heap after
{Heap after GC invocations=17 (full 0):
 garbage-first heap   total 155648K, used 10934K [0x0000000700e00000, 0x0000000800000000)
  region size 2048K, 2 young (4096K), 2 survivors (4096K)
 Metaspace       used 22611K, committed 23040K, reserved 1114112K
  class space    used 1946K, committed 2112K, reserved 1048576K
}
Event: 9.109 GC heap before
{Heap before GC invocations=17 (full 0):
 garbage-first heap   total 155648K, used 98998K [0x0000000700e00000, 0x0000000800000000)
  region size 2048K, 45 young (92160K), 2 survivors (4096K)
 Metaspace       used 22619K, committed 23040K, reserved 1114112K
  class space    used 1947K, committed 2112K, reserved 1048576K
}
Event: 9.112 GC heap after
{Heap after GC invocations=18 (full 0):
 garbage-first heap   total 155648K, used 10997K [0x0000000700e00000, 0x0000000800000000)
  region size 2048K, 2 young (4096K), 2 survivors (4096K)
 Metaspace       used 22619K, committed 23040K, reserved 1114112K
  class space    used 1947K, committed 2112K, reserved 1048576K
}
Event: 9.490 GC heap before
{Heap before GC invocations=18 (full 0):
 garbage-first heap   total 155648K, used 99061K [0x0000000700e00000, 0x0000000800000000)
  region size 2048K, 45 young (92160K), 2 survivors (4096K)
 Metaspace       used 22668K, committed 23040K, reserved 1114112K
  class space    used 1954K, committed 2112K, reserved 1048576K
}
Event: 9.492 GC heap after
{Heap after GC invocations=19 (full 0):
 garbage-first heap   total 155648K, used 11180K [0x0000000700e00000, 0x0000000800000000)
  region size 2048K, 2 young (4096K), 2 survivors (4096K)
 Metaspace       used 22668K, committed 23040K, reserved 1114112K
  class space    used 1954K, committed 2112K, reserved 1048576K
}

