# JRE version: Java(TM) SE Runtime Environment (17.0.1+12) (build 17.0.1+12-LTS-39)
# Java VM: Java HotSpot(TM) 64-Bit Server VM (17.0.1+12-LTS-39, mixed mode, sharing, tiered, compressed oops, compressed class ptrs, g1 gc, windows-amd64)
GC Precious Log:
 CPUs: 16 total, 16 available
 Memory: 15695M
 Large Page Support: Disabled
 NUMA Support: Disabled
 Compressed Oops: Enabled (Zero based)
 Heap Region Size: 2M
 Heap Min Capacity: 8M
 Heap Initial Capacity: 246M
 Heap Max Capacity: 3924M
 Pre-touch: Disabled
 Parallel Workers: 13
 Concurrent Workers: 3
 Concurrent Refinement Workers: 13
 Periodic GC: Disabled
Heap:
 garbage-first heap   total 110592K, used 27499K [0x000000070ac00000, 0x0000000800000000)
  region size 2048K, 7 young (14336K), 3 survivors (6144K)
 Metaspace       used 22574K, committed 22976K, reserved 1073152K
  class space    used 1900K, committed 2112K, reserved 1048576K
GC Heap History (20 events):
Event: 7.775 GC heap before
{Heap before GC invocations=6 (full 0):
 garbage-first heap   total 75776K, used 52673K [0x000000070ac00000, 0x0000000800000000)
  region size 2048K, 20 young (40960K), 1 survivors (2048K)
 Metaspace       used 21299K, committed 21632K, reserved 1073152K
  class space    used 1852K, committed 1984K, reserved 1048576K
}
Event: 7.777 GC heap after
{Heap after GC invocations=7 (full 0):
 garbage-first heap   total 75776K, used 13967K [0x000000070ac00000, 0x0000000800000000)
  region size 2048K, 1 young (2048K), 1 survivors (2048K)
 Metaspace       used 21299K, committed 21632K, reserved 1073152K
  class space    used 1852K, committed 1984K, reserved 1048576K
}
Event: 7.903 GC heap before
{Heap before GC invocations=7 (full 0):
 garbage-first heap   total 75776K, used 54927K [0x000000070ac00000, 0x0000000800000000)
  region size 2048K, 21 young (43008K), 1 survivors (2048K)
 Metaspace       used 21450K, committed 21760K, reserved 1073152K
  class space    used 1867K, committed 1984K, reserved 1048576K
}
Event: 7.905 GC heap after
{Heap after GC invocations=8 (full 0):
 garbage-first heap   total 75776K, used 15458K [0x000000070ac00000, 0x0000000800000000)
  region size 2048K, 2 young (4096K), 2 survivors (4096K)
 Metaspace       used 21450K, committed 21760K, reserved 1073152K
  class space    used 1867K, committed 1984K, reserved 1048576K
}
Event: 8.084 GC heap before
{Heap before GC invocations=8 (full 0):
 garbage-first heap   total 75776K, used 56418K [0x000000070ac00000, 0x0000000800000000)
  region size 2048K, 22 young (45056K), 2 survivors (4096K)
 Metaspace       used 21746K, committed 22080K, reserved 1073152K
  class space    used 1879K, committed 2048K, reserved 1048576K
}
Event: 8.088 GC heap after
{Heap after GC invocations=9 (full 0):
 garbage-first heap   total 110592K, used 16420K [0x000000070ac00000, 0x0000000800000000)
  region size 2048K, 2 young (4096K), 2 survivors (4096K)
 Metaspace       used 21746K, committed 22080K, reserved 1073152K
  class space    used 1879K, committed 2048K, reserved 1048576K
}
Event: 8.260 GC heap before
{Heap before GC invocations=9 (full 0):
 garbage-first heap   total 110592K, used 75812K [0x000000070ac00000, 0x0000000800000000)
  region size 2048K, 32 young (65536K), 2 survivors (4096K)
 Metaspace       used 21819K, committed 22144K, reserved 1073152K
  class space    used 1879K, committed 2048K, reserved 1048576K
}
Event: 8.263 GC heap after
{Heap after GC invocations=10 (full 0):
 garbage-first heap   total 110592K, used 17062K [0x000000070ac00000, 0x0000000800000000)
  region size 2048K, 2 young (4096K), 2 survivors (4096K)
 Metaspace       used 21819K, committed 22144K, reserved 1073152K
  class space    used 1879K, committed 2048K, reserved 1048576K
}
Event: 8.507 GC heap before
{Heap before GC invocations=10 (full 0):
 garbage-first heap   total 110592K, used 78502K [0x000000070ac00000, 0x0000000800000000)
  region size 2048K, 32 young (65536K), 2 survivors (4096K)
 Metaspace       used 21826K, committed 22144K, reserved 1073152K
  class space    used 1879K, committed 2048K, reserved 1048576K
}
Event: 8.509 GC heap after
{Heap after GC invocations=11 (full 0):
 garbage-first heap   total 110592K, used 16150K [0x000000070ac00000, 0x0000000800000000)
  region size 2048K, 2 young (4096K), 2 survivors (4096K)
 Metaspace       used 21826K, committed 22144K, reserved 1073152K
  class space    used 1879K, committed 2048K, reserved 1048576K
}
Event: 8.920 GC heap before
{Heap before GC invocations=11 (full 0):
 garbage-first heap   total 110592K, used 77590K [0x000000070ac00000, 0x0000000800000000)
  region size 2048K, 32 young (65536K), 2 survivors (4096K)
 Metaspace       used 21931K, committed 22336K, reserved 1073152K
  class space    used 1897K, committed 2112K, reserved 1048576K
}
Event: 8.922 GC heap after
{Heap after GC invocations=12 (full 0):
 garbage-first heap   total 110592K, used 18139K [0x000000070ac00000, 0x0000000800000000)
  region size 2048K, 3 young (6144K), 3 survivors (6144K)
 Metaspace       used 21931K, committed 22336K, reserved 1073152K
  class space    used 1897K, committed 2112K, reserved 1048576K
}
Event: 11.279 GC heap before
{Heap before GC invocations=12 (full 0):
 garbage-first heap   total 110592K, used 75483K [0x000000070ac00000, 0x0000000800000000)
  region size 2048K, 32 young (65536K), 3 survivors (6144K)
 Metaspace       used 22370K, committed 22784K, reserved 1073152K
  class space    used 1900K, committed 2112K, reserved 1048576K
}
Event: 11.282 GC heap after
{Heap after GC invocations=13 (full 0):
 garbage-first heap   total 110592K, used 18627K [0x000000070ac00000, 0x0000000800000000)
  region size 2048K, 3 young (6144K), 3 survivors (6144K)
 Metaspace       used 22370K, committed 22784K, reserved 1073152K
  class space    used 1900K, committed 2112K, reserved 1048576K
}
Event: 12.072 GC heap before
{Heap before GC invocations=13 (full 0):
 garbage-first heap   total 110592K, used 78019K [0x000000070ac00000, 0x0000000800000000)
  region size 2048K, 32 young (65536K), 3 survivors (6144K)
 Metaspace       used 22391K, committed 22784K, reserved 1073152K
  class space    used 1900K, committed 2112K, reserved 1048576K
}
Event: 12.075 GC heap after
{Heap after GC invocations=14 (full 0):
 garbage-first heap   total 110592K, used 19964K [0x000000070ac00000, 0x0000000800000000)
  region size 2048K, 3 young (6144K), 3 survivors (6144K)
 Metaspace       used 22391K, committed 22784K, reserved 1073152K
  class space    used 1900K, committed 2112K, reserved 1048576K
}
Event: 12.958 GC heap before
{Heap before GC invocations=14 (full 0):
 garbage-first heap   total 110592K, used 79356K [0x000000070ac00000, 0x0000000800000000)
  region size 2048K, 32 young (65536K), 3 survivors (6144K)
 Metaspace       used 22471K, committed 22848K, reserved 1073152K
  class space    used 1900K, committed 2112K, reserved 1048576K
}
Event: 12.960 GC heap after
{Heap after GC invocations=15 (full 0):
 garbage-first heap   total 110592K, used 20207K [0x000000070ac00000, 0x0000000800000000)
  region size 2048K, 2 young (4096K), 2 survivors (4096K)
 Metaspace       used 22471K, committed 22848K, reserved 1073152K
  class space    used 1900K, committed 2112K, reserved 1048576K
}
Event: 14.164 GC heap before
{Heap before GC invocations=15 (full 0):
 garbage-first heap   total 110592K, used 79599K [0x000000070ac00000, 0x0000000800000000)
  region size 2048K, 32 young (65536K), 2 survivors (4096K)
 Metaspace       used 22558K, committed 22976K, reserved 1073152K
  class space    used 1900K, committed 2112K, reserved 1048576K
}
Event: 14.166 GC heap after
{Heap after GC invocations=16 (full 0):
 garbage-first heap   total 110592K, used 20743K [0x000000070ac00000, 0x0000000800000000)
  region size 2048K, 2 young (4096K), 2 survivors (4096K)
 Metaspace       used 22558K, committed 22976K, reserved 1073152K
  class space    used 1900K, committed 2112K, reserved 1048576K
}

