# JRE version: Java(TM) SE Runtime Environment (17.0.1+12) (build 17.0.1+12-LTS-39)
# Java VM: Java HotSpot(TM) 64-Bit Server VM (17.0.1+12-LTS-39, mixed mode, sharing, tiered, compressed oops, compressed class ptrs, g1 gc, windows-amd64)
GC Precious Log:
 CPUs: 16 total, 16 available
 Memory: 15695M
 Large Page Support: Disabled
 NUMA Support: Disabled
 Compressed Oops: Enabled (Zero based)
 Heap Region Size: 2M
 Heap Min Capacity: 8M
 Heap Initial Capacity: 246M
 Heap Max Capacity: 3924M
 Pre-touch: Disabled
 Parallel Workers: 13
 Concurrent Workers: 3
 Concurrent Refinement Workers: 13
 Periodic GC: Disabled
Heap:
 garbage-first heap   total 114688K, used 36686K [0x000000070ac00000, 0x0000000800000000)
  region size 2048K, 11 young (22528K), 3 survivors (6144K)
 Metaspace       used 22556K, committed 22976K, reserved 1073152K
  class space    used 1900K, committed 2112K, reserved 1048576K
GC Heap History (20 events):
Event: 8.063 GC heap before
{Heap before GC invocations=9 (full 0):
 garbage-first heap   total 75776K, used 56120K [0x000000070ac00000, 0x0000000800000000)
  region size 2048K, 22 young (45056K), 2 survivors (4096K)
 Metaspace       used 21889K, committed 22336K, reserved 1073152K
  class space    used 1899K, committed 2112K, reserved 1048576K
}
Event: 8.066 GC heap after
{Heap after GC invocations=10 (full 0):
 garbage-first heap   total 75776K, used 15606K [0x000000070ac00000, 0x0000000800000000)
  region size 2048K, 2 young (4096K), 2 survivors (4096K)
 Metaspace       used 21889K, committed 22336K, reserved 1073152K
  class space    used 1899K, committed 2112K, reserved 1048576K
}
Event: 8.167 GC heap before
{Heap before GC invocations=10 (full 0):
 garbage-first heap   total 75776K, used 56566K [0x000000070ac00000, 0x0000000800000000)
  region size 2048K, 22 young (45056K), 2 survivors (4096K)
 Metaspace       used 21896K, committed 22336K, reserved 1073152K
  class space    used 1899K, committed 2112K, reserved 1048576K
}
Event: 8.170 GC heap after
{Heap after GC invocations=11 (full 0):
 garbage-first heap   total 114688K, used 19211K [0x000000070ac00000, 0x0000000800000000)
  region size 2048K, 3 young (6144K), 3 survivors (6144K)
 Metaspace       used 21896K, committed 22336K, reserved 1073152K
  class space    used 1899K, committed 2112K, reserved 1048576K
}
Event: 8.286 GC heap before
{Heap before GC invocations=11 (full 0):
 garbage-first heap   total 114688K, used 80651K [0x000000070ac00000, 0x0000000800000000)
  region size 2048K, 33 young (67584K), 3 survivors (6144K)
 Metaspace       used 21898K, committed 22336K, reserved 1073152K
  class space    used 1899K, committed 2112K, reserved 1048576K
}
Event: 8.289 GC heap after
{Heap after GC invocations=12 (full 0):
 garbage-first heap   total 114688K, used 18595K [0x000000070ac00000, 0x0000000800000000)
  region size 2048K, 3 young (6144K), 3 survivors (6144K)
 Metaspace       used 21898K, committed 22336K, reserved 1073152K
  class space    used 1899K, committed 2112K, reserved 1048576K
}
Event: 8.520 GC heap before
{Heap before GC invocations=12 (full 0):
 garbage-first heap   total 114688K, used 80035K [0x000000070ac00000, 0x0000000800000000)
  region size 2048K, 33 young (67584K), 3 survivors (6144K)
 Metaspace       used 21899K, committed 22336K, reserved 1073152K
  class space    used 1899K, committed 2112K, reserved 1048576K
}
Event: 8.522 GC heap after
{Heap after GC invocations=13 (full 0):
 garbage-first heap   total 114688K, used 17798K [0x000000070ac00000, 0x0000000800000000)
  region size 2048K, 2 young (4096K), 2 survivors (4096K)
 Metaspace       used 21899K, committed 22336K, reserved 1073152K
  class space    used 1899K, committed 2112K, reserved 1048576K
}
Event: 8.878 GC heap before
{Heap before GC invocations=13 (full 0):
 garbage-first heap   total 114688K, used 79238K [0x000000070ac00000, 0x0000000800000000)
  region size 2048K, 33 young (67584K), 2 survivors (4096K)
 Metaspace       used 22064K, committed 22464K, reserved 1073152K
  class space    used 1899K, committed 2112K, reserved 1048576K
}
Event: 8.880 GC heap after
{Heap after GC invocations=14 (full 0):
 garbage-first heap   total 114688K, used 18486K [0x000000070ac00000, 0x0000000800000000)
  region size 2048K, 3 young (6144K), 3 survivors (6144K)
 Metaspace       used 22064K, committed 22464K, reserved 1073152K
  class space    used 1899K, committed 2112K, reserved 1048576K
}
Event: 11.164 GC heap before
{Heap before GC invocations=14 (full 0):
 garbage-first heap   total 114688K, used 77878K [0x000000070ac00000, 0x0000000800000000)
  region size 2048K, 33 young (67584K), 3 survivors (6144K)
 Metaspace       used 22344K, committed 22720K, reserved 1073152K
  class space    used 1900K, committed 2112K, reserved 1048576K
}
Event: 11.167 GC heap after
{Heap after GC invocations=15 (full 0):
 garbage-first heap   total 114688K, used 20808K [0x000000070ac00000, 0x0000000800000000)
  region size 2048K, 4 young (8192K), 4 survivors (8192K)
 Metaspace       used 22344K, committed 22720K, reserved 1073152K
  class space    used 1900K, committed 2112K, reserved 1048576K
}
Event: 12.498 GC heap before
{Heap before GC invocations=15 (full 0):
 garbage-first heap   total 114688K, used 78152K [0x000000070ac00000, 0x0000000800000000)
  region size 2048K, 33 young (67584K), 4 survivors (8192K)
 Metaspace       used 22473K, committed 22912K, reserved 1073152K
  class space    used 1900K, committed 2112K, reserved 1048576K
}
Event: 12.501 GC heap after
{Heap after GC invocations=16 (full 0):
 garbage-first heap   total 114688K, used 20046K [0x000000070ac00000, 0x0000000800000000)
  region size 2048K, 3 young (6144K), 3 survivors (6144K)
 Metaspace       used 22473K, committed 22912K, reserved 1073152K
  class space    used 1900K, committed 2112K, reserved 1048576K
}
Event: 13.215 GC heap before
{Heap before GC invocations=16 (full 0):
 garbage-first heap   total 114688K, used 81486K [0x000000070ac00000, 0x0000000800000000)
  region size 2048K, 33 young (67584K), 3 survivors (6144K)
 Metaspace       used 22537K, committed 22976K, reserved 1073152K
  class space    used 1900K, committed 2112K, reserved 1048576K
}
Event: 13.216 GC heap after
{Heap after GC invocations=17 (full 0):
 garbage-first heap   total 114688K, used 20493K [0x000000070ac00000, 0x0000000800000000)
  region size 2048K, 3 young (6144K), 3 survivors (6144K)
 Metaspace       used 22537K, committed 22976K, reserved 1073152K
  class space    used 1900K, committed 2112K, reserved 1048576K
}
Event: 13.477 GC heap before
{Heap before GC invocations=17 (full 0):
 garbage-first heap   total 114688K, used 81933K [0x000000070ac00000, 0x0000000800000000)
  region size 2048K, 33 young (67584K), 3 survivors (6144K)
 Metaspace       used 22539K, committed 22976K, reserved 1073152K
  class space    used 1900K, committed 2112K, reserved 1048576K
}
Event: 13.479 GC heap after
{Heap after GC invocations=18 (full 0):
 garbage-first heap   total 114688K, used 20944K [0x000000070ac00000, 0x0000000800000000)
  region size 2048K, 3 young (6144K), 3 survivors (6144K)
 Metaspace       used 22539K, committed 22976K, reserved 1073152K
  class space    used 1900K, committed 2112K, reserved 1048576K
}
Event: 13.954 GC heap before
{Heap before GC invocations=18 (full 0):
 garbage-first heap   total 114688K, used 82384K [0x000000070ac00000, 0x0000000800000000)
  region size 2048K, 33 young (67584K), 3 survivors (6144K)
 Metaspace       used 22543K, committed 22976K, reserved 1073152K
  class space    used 1900K, committed 2112K, reserved 1048576K
}
Event: 13.957 GC heap after
{Heap after GC invocations=19 (full 0):
 garbage-first heap   total 114688K, used 22006K [0x000000070ac00000, 0x0000000800000000)
  region size 2048K, 3 young (6144K), 3 survivors (6144K)
 Metaspace       used 22543K, committed 22976K, reserved 1073152K
  class space    used 1900K, committed 2112K, reserved 1048576K
}

