# JRE version: OpenJDK Runtime Environment Corretto-17.0.12.7.1 (17.0.12+7) (build 17.0.12+7-LTS)
# Java VM: OpenJDK 64-Bit Server VM Corretto-17.0.12.7.1 (17.0.12+7-LTS, mixed mode, sharing, tiered, compressed oops, compressed class ptrs, g1 gc, windows-amd64)
GC Precious Log:
 CPUs: 16 total, 16 available
 Memory: 15695M
 Large Page Support: Disabled
 NUMA Support: Disabled
 Compressed Oops: Enabled (Zero based)
 Heap Region Size: 2M
 Heap Min Capacity: 8M
 Heap Initial Capacity: 246M
 Heap Max Capacity: 3924M
 Pre-touch: Disabled
 Parallel Workers: 13
 Concurrent Workers: 3
 Concurrent Refinement Workers: 13
 Periodic GC: Disabled
Heap:
 garbage-first heap   total 446464K, used 244962K [0x000000070ac00000, 0x0000000800000000)
  region size 2048K, 60 young (122880K), 8 survivors (16384K)
 Metaspace       used 34028K, committed 34496K, reserved 1114112K
  class space    used 3230K, committed 3456K, reserved 1048576K
GC Heap History (20 events):
Event: 16.367 GC heap before
{Heap before GC invocations=21 (full 1):
 garbage-first heap   total 59392K, used 41300K [0x000000070ac00000, 0x0000000800000000)
  region size 2048K, 2 young (4096K), 1 survivors (2048K)
 Metaspace       used 33260K, committed 33664K, reserved 1114112K
  class space    used 3182K, committed 3392K, reserved 1048576K
}
Event: 16.369 GC heap after
{Heap after GC invocations=22 (full 1):
 garbage-first heap   total 59392K, used 43222K [0x000000070ac00000, 0x0000000800000000)
  region size 2048K, 1 young (2048K), 1 survivors (2048K)
 Metaspace       used 33260K, committed 33664K, reserved 1114112K
  class space    used 3182K, committed 3392K, reserved 1048576K
}
Event: 16.376 GC heap before
{Heap before GC invocations=22 (full 1):
 garbage-first heap   total 81920K, used 45270K [0x000000070ac00000, 0x0000000800000000)
  region size 2048K, 2 young (4096K), 1 survivors (2048K)
 Metaspace       used 33264K, committed 33664K, reserved 1114112K
  class space    used 3182K, committed 3392K, reserved 1048576K
}
Event: 16.377 GC heap after
{Heap after GC invocations=23 (full 1):
 garbage-first heap   total 245760K, used 45153K [0x000000070ac00000, 0x0000000800000000)
  region size 2048K, 1 young (2048K), 1 survivors (2048K)
 Metaspace       used 33264K, committed 33664K, reserved 1114112K
  class space    used 3182K, committed 3392K, reserved 1048576K
}
Event: 16.457 GC heap before
{Heap before GC invocations=24 (full 1):
 garbage-first heap   total 245760K, used 112737K [0x000000070ac00000, 0x0000000800000000)
  region size 2048K, 34 young (69632K), 1 survivors (2048K)
 Metaspace       used 33275K, committed 33664K, reserved 1114112K
  class space    used 3182K, committed 3392K, reserved 1048576K
}
Event: 16.479 GC heap after
{Heap after GC invocations=25 (full 1):
 garbage-first heap   total 245760K, used 111187K [0x000000070ac00000, 0x0000000800000000)
  region size 2048K, 5 young (10240K), 5 survivors (10240K)
 Metaspace       used 33275K, committed 33664K, reserved 1114112K
  class space    used 3182K, committed 3392K, reserved 1048576K
}
Event: 18.049 GC heap before
{Heap before GC invocations=25 (full 1):
 garbage-first heap   total 245760K, used 146003K [0x000000070ac00000, 0x0000000800000000)
  region size 2048K, 22 young (45056K), 5 survivors (10240K)
 Metaspace       used 33517K, committed 33984K, reserved 1114112K
  class space    used 3191K, committed 3392K, reserved 1048576K
}
Event: 18.057 GC heap after
{Heap after GC invocations=26 (full 1):
 garbage-first heap   total 245760K, used 124793K [0x000000070ac00000, 0x0000000800000000)
  region size 2048K, 3 young (6144K), 3 survivors (6144K)
 Metaspace       used 33517K, committed 33984K, reserved 1114112K
  class space    used 3191K, committed 3392K, reserved 1048576K
}
Event: 18.477 GC heap before
{Heap before GC invocations=26 (full 1):
 garbage-first heap   total 245760K, used 155513K [0x000000070ac00000, 0x0000000800000000)
  region size 2048K, 18 young (36864K), 3 survivors (6144K)
 Metaspace       used 33520K, committed 33984K, reserved 1114112K
  class space    used 3191K, committed 3392K, reserved 1048576K
}
Event: 18.481 GC heap after
{Heap after GC invocations=27 (full 1):
 garbage-first heap   total 245760K, used 126367K [0x000000070ac00000, 0x0000000800000000)
  region size 2048K, 1 young (2048K), 1 survivors (2048K)
 Metaspace       used 33520K, committed 33984K, reserved 1114112K
  class space    used 3191K, committed 3392K, reserved 1048576K
}
Event: 18.817 GC heap before
{Heap before GC invocations=28 (full 1):
 garbage-first heap   total 245760K, used 161183K [0x000000070ac00000, 0x0000000800000000)
  region size 2048K, 18 young (36864K), 1 survivors (2048K)
 Metaspace       used 33524K, committed 33984K, reserved 1114112K
  class space    used 3191K, committed 3392K, reserved 1048576K
}
Event: 18.819 GC heap after
{Heap after GC invocations=29 (full 1):
 garbage-first heap   total 245760K, used 127100K [0x000000070ac00000, 0x0000000800000000)
  region size 2048K, 2 young (4096K), 2 survivors (4096K)
 Metaspace       used 33524K, committed 33984K, reserved 1114112K
  class space    used 3191K, committed 3392K, reserved 1048576K
}
Event: 19.069 GC heap before
{Heap before GC invocations=29 (full 1):
 garbage-first heap   total 245760K, used 163964K [0x000000070ac00000, 0x0000000800000000)
  region size 2048K, 21 young (43008K), 2 survivors (4096K)
 Metaspace       used 33524K, committed 33984K, reserved 1114112K
  class space    used 3191K, committed 3392K, reserved 1048576K
}
Event: 19.071 GC heap after
{Heap after GC invocations=30 (full 1):
 garbage-first heap   total 245760K, used 128420K [0x000000070ac00000, 0x0000000800000000)
  region size 2048K, 2 young (4096K), 2 survivors (4096K)
 Metaspace       used 33524K, committed 33984K, reserved 1114112K
  class space    used 3191K, committed 3392K, reserved 1048576K
}
Event: 19.326 GC heap before
{Heap before GC invocations=31 (full 1):
 garbage-first heap   total 245760K, used 173476K [0x000000070ac00000, 0x0000000800000000)
  region size 2048K, 24 young (49152K), 2 survivors (4096K)
 Metaspace       used 33546K, committed 33984K, reserved 1114112K
  class space    used 3191K, committed 3392K, reserved 1048576K
}
Event: 19.330 GC heap after
{Heap after GC invocations=32 (full 1):
 garbage-first heap   total 446464K, used 129746K [0x000000070ac00000, 0x0000000800000000)
  region size 2048K, 2 young (4096K), 2 survivors (4096K)
 Metaspace       used 33546K, committed 33984K, reserved 1114112K
  class space    used 3191K, committed 3392K, reserved 1048576K
}
Event: 20.125 GC heap before
{Heap before GC invocations=32 (full 1):
 garbage-first heap   total 446464K, used 277202K [0x000000070ac00000, 0x0000000800000000)
  region size 2048K, 74 young (151552K), 2 survivors (4096K)
 Metaspace       used 33556K, committed 33984K, reserved 1114112K
  class space    used 3191K, committed 3392K, reserved 1048576K
}
Event: 20.129 GC heap after
{Heap after GC invocations=33 (full 1):
 garbage-first heap   total 446464K, used 135051K [0x000000070ac00000, 0x0000000800000000)
  region size 2048K, 5 young (10240K), 5 survivors (10240K)
 Metaspace       used 33556K, committed 33984K, reserved 1114112K
  class space    used 3191K, committed 3392K, reserved 1048576K
}
Event: 21.061 GC heap before
{Heap before GC invocations=33 (full 1):
 garbage-first heap   total 446464K, used 323467K [0x000000070ac00000, 0x0000000800000000)
  region size 2048K, 97 young (198656K), 5 survivors (10240K)
 Metaspace       used 33578K, committed 33984K, reserved 1114112K
  class space    used 3191K, committed 3392K, reserved 1048576K
}
Event: 21.065 GC heap after
{Heap after GC invocations=34 (full 1):
 garbage-first heap   total 446464K, used 140514K [0x000000070ac00000, 0x0000000800000000)
  region size 2048K, 8 young (16384K), 8 survivors (16384K)
 Metaspace       used 33578K, committed 33984K, reserved 1114112K
  class space    used 3191K, committed 3392K, reserved 1048576K
}

