# JRE version: OpenJDK Runtime Environment Corretto-17.0.12.7.1 (17.0.12+7) (build 17.0.12+7-LTS)
# Java VM: OpenJDK 64-Bit Server VM Corretto-17.0.12.7.1 (17.0.12+7-LTS, mixed mode, sharing, tiered, compressed oops, compressed class ptrs, g1 gc, windows-amd64)
GC Precious Log:
 CPUs: 16 total, 16 available
 Memory: 15695M
 Large Page Support: Disabled
 NUMA Support: Disabled
 Compressed Oops: Enabled (Zero based)
 Heap Region Size: 2M
 Heap Min Capacity: 8M
 Heap Initial Capacity: 246M
 Heap Max Capacity: 3924M
 Pre-touch: Disabled
 Parallel Workers: 13
 Concurrent Workers: 3
 Concurrent Refinement Workers: 13
 Periodic GC: Disabled
Heap:
 garbage-first heap   total 362496K, used 164317K [0x000000070ac00000, 0x0000000800000000)
  region size 2048K, 4 young (8192K), 1 survivors (2048K)
 Metaspace       used 32028K, committed 32448K, reserved 1114112K
  class space    used 3008K, committed 3200K, reserved 1048576K
GC Heap History (20 events):
Event: 5.607 GC heap before
{Heap before GC invocations=5 (full 0):
 garbage-first heap   total 49152K, used 13890K [0x000000070ac00000, 0x0000000800000000)
  region size 2048K, 3 young (6144K), 2 survivors (4096K)
 Metaspace       used 30994K, committed 31296K, reserved 1114112K
  class space    used 2917K, committed 3072K, reserved 1048576K
}
Event: 5.629 GC heap after
{Heap after GC invocations=6 (full 1):
 garbage-first heap   total 49152K, used 13261K [0x000000070ac00000, 0x0000000800000000)
  region size 2048K, 0 young (0K), 0 survivors (0K)
 Metaspace       used 30994K, committed 31296K, reserved 1114112K
  class space    used 2917K, committed 3072K, reserved 1048576K
}
Event: 5.681 GC heap before
{Heap before GC invocations=6 (full 1):
 garbage-first heap   total 49152K, used 29645K [0x000000070ac00000, 0x0000000800000000)
  region size 2048K, 9 young (18432K), 0 survivors (0K)
 Metaspace       used 31142K, committed 31424K, reserved 1114112K
  class space    used 2934K, committed 3072K, reserved 1048576K
}
Event: 5.686 GC heap after
{Heap after GC invocations=7 (full 1):
 garbage-first heap   total 51200K, used 30813K [0x000000070ac00000, 0x0000000800000000)
  region size 2048K, 2 young (4096K), 2 survivors (4096K)
 Metaspace       used 31142K, committed 31424K, reserved 1114112K
  class space    used 2934K, committed 3072K, reserved 1048576K
}
Event: 5.691 GC heap before
{Heap before GC invocations=7 (full 1):
 garbage-first heap   total 51200K, used 32861K [0x000000070ac00000, 0x0000000800000000)
  region size 2048K, 4 young (8192K), 2 survivors (4096K)
 Metaspace       used 31147K, committed 31424K, reserved 1114112K
  class space    used 2934K, committed 3072K, reserved 1048576K
}
Event: 5.693 GC heap after
{Heap after GC invocations=8 (full 1):
 garbage-first heap   total 51200K, used 35141K [0x000000070ac00000, 0x0000000800000000)
  region size 2048K, 1 young (2048K), 1 survivors (2048K)
 Metaspace       used 31147K, committed 31424K, reserved 1114112K
  class space    used 2934K, committed 3072K, reserved 1048576K
}
Event: 5.700 GC heap before
{Heap before GC invocations=8 (full 1):
 garbage-first heap   total 51200K, used 35141K [0x000000070ac00000, 0x0000000800000000)
  region size 2048K, 2 young (4096K), 1 survivors (2048K)
 Metaspace       used 31151K, committed 31488K, reserved 1114112K
  class space    used 2934K, committed 3072K, reserved 1048576K
}
Event: 5.702 GC heap after
{Heap after GC invocations=9 (full 1):
 garbage-first heap   total 151552K, used 37122K [0x000000070ac00000, 0x0000000800000000)
  region size 2048K, 1 young (2048K), 1 survivors (2048K)
 Metaspace       used 31151K, committed 31488K, reserved 1114112K
  class space    used 2934K, committed 3072K, reserved 1048576K
}
Event: 5.754 GC heap before
{Heap before GC invocations=10 (full 1):
 garbage-first heap   total 143360K, used 69890K [0x000000070ac00000, 0x0000000800000000)
  region size 2048K, 18 young (36864K), 1 survivors (2048K)
 Metaspace       used 31190K, committed 31552K, reserved 1114112K
  class space    used 2934K, committed 3072K, reserved 1048576K
}
Event: 5.765 GC heap after
{Heap after GC invocations=11 (full 1):
 garbage-first heap   total 143360K, used 71733K [0x000000070ac00000, 0x0000000800000000)
  region size 2048K, 3 young (6144K), 3 survivors (6144K)
 Metaspace       used 31190K, committed 31552K, reserved 1114112K
  class space    used 2934K, committed 3072K, reserved 1048576K
}
Event: 5.784 GC heap before
{Heap before GC invocations=11 (full 1):
 garbage-first heap   total 143360K, used 86069K [0x000000070ac00000, 0x0000000800000000)
  region size 2048K, 11 young (22528K), 3 survivors (6144K)
 Metaspace       used 31281K, committed 31616K, reserved 1114112K
  class space    used 2939K, committed 3072K, reserved 1048576K
}
Event: 5.791 GC heap after
{Heap after GC invocations=12 (full 1):
 garbage-first heap   total 143360K, used 87782K [0x000000070ac00000, 0x0000000800000000)
  region size 2048K, 2 young (4096K), 2 survivors (4096K)
 Metaspace       used 31281K, committed 31616K, reserved 1114112K
  class space    used 2939K, committed 3072K, reserved 1048576K
}
Event: 5.799 GC heap before
{Heap before GC invocations=12 (full 1):
 garbage-first heap   total 143360K, used 95974K [0x000000070ac00000, 0x0000000800000000)
  region size 2048K, 7 young (14336K), 2 survivors (4096K)
 Metaspace       used 31284K, committed 31616K, reserved 1114112K
  class space    used 2939K, committed 3072K, reserved 1048576K
}
Event: 5.803 GC heap after
{Heap after GC invocations=13 (full 1):
 garbage-first heap   total 143360K, used 97507K [0x000000070ac00000, 0x0000000800000000)
  region size 2048K, 1 young (2048K), 1 survivors (2048K)
 Metaspace       used 31284K, committed 31616K, reserved 1114112K
  class space    used 2939K, committed 3072K, reserved 1048576K
}
Event: 5.817 GC heap before
{Heap before GC invocations=13 (full 1):
 garbage-first heap   total 143360K, used 101603K [0x000000070ac00000, 0x0000000800000000)
  region size 2048K, 4 young (8192K), 1 survivors (2048K)
 Metaspace       used 31286K, committed 31616K, reserved 1114112K
  class space    used 2939K, committed 3072K, reserved 1048576K
}
Event: 5.822 GC heap after
{Heap after GC invocations=14 (full 1):
 garbage-first heap   total 374784K, used 104238K [0x000000070ac00000, 0x0000000800000000)
  region size 2048K, 1 young (2048K), 1 survivors (2048K)
 Metaspace       used 31286K, committed 31616K, reserved 1114112K
  class space    used 2939K, committed 3072K, reserved 1048576K
}
Event: 6.727 GC heap before
{Heap before GC invocations=15 (full 1):
 garbage-first heap   total 362496K, used 180014K [0x000000070ac00000, 0x0000000800000000)
  region size 2048K, 38 young (77824K), 1 survivors (2048K)
 Metaspace       used 31451K, committed 31744K, reserved 1114112K
  class space    used 2945K, committed 3072K, reserved 1048576K
}
Event: 6.741 GC heap after
{Heap after GC invocations=16 (full 1):
 garbage-first heap   total 362496K, used 159791K [0x000000070ac00000, 0x0000000800000000)
  region size 2048K, 5 young (10240K), 5 survivors (10240K)
 Metaspace       used 31451K, committed 31744K, reserved 1114112K
  class space    used 2945K, committed 3072K, reserved 1048576K
}
Event: 8.824 GC heap before
{Heap before GC invocations=16 (full 1):
 garbage-first heap   total 362496K, used 210991K [0x000000070ac00000, 0x0000000800000000)
  region size 2048K, 30 young (61440K), 5 survivors (10240K)
 Metaspace       used 31801K, committed 32192K, reserved 1114112K
  class space    used 2986K, committed 3200K, reserved 1048576K
}
Event: 8.829 GC heap after
{Heap after GC invocations=17 (full 1):
 garbage-first heap   total 362496K, used 160221K [0x000000070ac00000, 0x0000000800000000)
  region size 2048K, 1 young (2048K), 1 survivors (2048K)
 Metaspace       used 31801K, committed 32192K, reserved 1114112K
  class space    used 2986K, committed 3200K, reserved 1048576K
}

