# JRE version: OpenJDK Runtime Environment Corretto-17.0.12.7.1 (17.0.12+7) (build 17.0.12+7-LTS)
# Java VM: OpenJDK 64-Bit Server VM Corretto-17.0.12.7.1 (17.0.12+7-LTS, mixed mode, sharing, tiered, compressed oops, compressed class ptrs, g1 gc, windows-amd64)
GC Precious Log:
 CPUs: 16 total, 16 available
 Memory: 15695M
 Large Page Support: Disabled
 NUMA Support: Disabled
 Compressed Oops: Enabled (Zero based)
 Heap Region Size: 2M
 Heap Min Capacity: 8M
 Heap Initial Capacity: 246M
 Heap Max Capacity: 3924M
 Pre-touch: Disabled
 Parallel Workers: 13
 Concurrent Workers: 3
 Concurrent Refinement Workers: 13
 Periodic GC: Disabled
Heap:
 garbage-first heap   total 342016K, used 160210K [0x000000070ac00000, 0x0000000800000000)
  region size 2048K, 4 young (8192K), 1 survivors (2048K)
 Metaspace       used 32032K, committed 32448K, reserved 1114112K
  class space    used 3008K, committed 3200K, reserved 1048576K
GC Heap History (20 events):
Event: 5.216 GC heap before
{Heap before GC invocations=5 (full 0):
 garbage-first heap   total 49152K, used 14400K [0x000000070ac00000, 0x0000000800000000)
  region size 2048K, 3 young (6144K), 2 survivors (4096K)
 Metaspace       used 31004K, committed 31360K, reserved 1114112K
  class space    used 2916K, committed 3072K, reserved 1048576K
}
Event: 5.238 GC heap after
{Heap after GC invocations=6 (full 1):
 garbage-first heap   total 49152K, used 13216K [0x000000070ac00000, 0x0000000800000000)
  region size 2048K, 0 young (0K), 0 survivors (0K)
 Metaspace       used 31004K, committed 31360K, reserved 1114112K
  class space    used 2916K, committed 3072K, reserved 1048576K
}
Event: 5.280 GC heap before
{Heap before GC invocations=6 (full 1):
 garbage-first heap   total 49152K, used 27552K [0x000000070ac00000, 0x0000000800000000)
  region size 2048K, 8 young (16384K), 0 survivors (0K)
 Metaspace       used 31152K, committed 31488K, reserved 1114112K
  class space    used 2932K, committed 3072K, reserved 1048576K
}
Event: 5.283 GC heap after
{Heap after GC invocations=7 (full 1):
 garbage-first heap   total 49152K, used 28870K [0x000000070ac00000, 0x0000000800000000)
  region size 2048K, 1 young (2048K), 1 survivors (2048K)
 Metaspace       used 31152K, committed 31488K, reserved 1114112K
  class space    used 2932K, committed 3072K, reserved 1048576K
}
Event: 5.285 GC heap before
{Heap before GC invocations=7 (full 1):
 garbage-first heap   total 49152K, used 30918K [0x000000070ac00000, 0x0000000800000000)
  region size 2048K, 2 young (4096K), 1 survivors (2048K)
 Metaspace       used 31152K, committed 31488K, reserved 1114112K
  class space    used 2932K, committed 3072K, reserved 1048576K
}
Event: 5.286 GC heap after
{Heap after GC invocations=8 (full 1):
 garbage-first heap   total 49152K, used 31343K [0x000000070ac00000, 0x0000000800000000)
  region size 2048K, 1 young (2048K), 1 survivors (2048K)
 Metaspace       used 31152K, committed 31488K, reserved 1114112K
  class space    used 2932K, committed 3072K, reserved 1048576K
}
Event: 5.289 GC heap before
{Heap before GC invocations=8 (full 1):
 garbage-first heap   total 49152K, used 31343K [0x000000070ac00000, 0x0000000800000000)
  region size 2048K, 2 young (4096K), 1 survivors (2048K)
 Metaspace       used 31153K, committed 31488K, reserved 1114112K
  class space    used 2932K, committed 3072K, reserved 1048576K
}
Event: 5.291 GC heap after
{Heap after GC invocations=9 (full 1):
 garbage-first heap   total 151552K, used 33231K [0x000000070ac00000, 0x0000000800000000)
  region size 2048K, 1 young (2048K), 1 survivors (2048K)
 Metaspace       used 31153K, committed 31488K, reserved 1114112K
  class space    used 2932K, committed 3072K, reserved 1048576K
}
Event: 5.343 GC heap before
{Heap before GC invocations=10 (full 1):
 garbage-first heap   total 131072K, used 70095K [0x000000070ac00000, 0x0000000800000000)
  region size 2048K, 19 young (38912K), 1 survivors (2048K)
 Metaspace       used 31247K, committed 31616K, reserved 1114112K
  class space    used 2932K, committed 3072K, reserved 1048576K
}
Event: 5.356 GC heap after
{Heap after GC invocations=11 (full 1):
 garbage-first heap   total 131072K, used 69364K [0x000000070ac00000, 0x0000000800000000)
  region size 2048K, 3 young (6144K), 3 survivors (6144K)
 Metaspace       used 31247K, committed 31616K, reserved 1114112K
  class space    used 2932K, committed 3072K, reserved 1048576K
}
Event: 5.364 GC heap before
{Heap before GC invocations=11 (full 1):
 garbage-first heap   total 131072K, used 79604K [0x000000070ac00000, 0x0000000800000000)
  region size 2048K, 9 young (18432K), 3 survivors (6144K)
 Metaspace       used 31286K, committed 31616K, reserved 1114112K
  class space    used 2936K, committed 3072K, reserved 1048576K
}
Event: 5.371 GC heap after
{Heap after GC invocations=12 (full 1):
 garbage-first heap   total 131072K, used 81521K [0x000000070ac00000, 0x0000000800000000)
  region size 2048K, 2 young (4096K), 2 survivors (4096K)
 Metaspace       used 31286K, committed 31616K, reserved 1114112K
  class space    used 2936K, committed 3072K, reserved 1048576K
}
Event: 5.377 GC heap before
{Heap before GC invocations=12 (full 1):
 garbage-first heap   total 131072K, used 87665K [0x000000070ac00000, 0x0000000800000000)
  region size 2048K, 6 young (12288K), 2 survivors (4096K)
 Metaspace       used 31299K, committed 31616K, reserved 1114112K
  class space    used 2937K, committed 3072K, reserved 1048576K
}
Event: 5.381 GC heap after
{Heap after GC invocations=13 (full 1):
 garbage-first heap   total 131072K, used 88688K [0x000000070ac00000, 0x0000000800000000)
  region size 2048K, 1 young (2048K), 1 survivors (2048K)
 Metaspace       used 31299K, committed 31616K, reserved 1114112K
  class space    used 2937K, committed 3072K, reserved 1048576K
}
Event: 5.385 GC heap before
{Heap before GC invocations=13 (full 1):
 garbage-first heap   total 131072K, used 92784K [0x000000070ac00000, 0x0000000800000000)
  region size 2048K, 3 young (6144K), 1 survivors (2048K)
 Metaspace       used 31299K, committed 31616K, reserved 1114112K
  class space    used 2937K, committed 3072K, reserved 1048576K
}
Event: 5.388 GC heap after
{Heap after GC invocations=14 (full 1):
 garbage-first heap   total 385024K, used 92559K [0x000000070ac00000, 0x0000000800000000)
  region size 2048K, 1 young (2048K), 1 survivors (2048K)
 Metaspace       used 31299K, committed 31616K, reserved 1114112K
  class space    used 2937K, committed 3072K, reserved 1048576K
}
Event: 6.448 GC heap before
{Heap before GC invocations=15 (full 1):
 garbage-first heap   total 342016K, used 180623K [0x000000070ac00000, 0x0000000800000000)
  region size 2048K, 44 young (90112K), 1 survivors (2048K)
 Metaspace       used 31463K, committed 31744K, reserved 1114112K
  class space    used 2944K, committed 3072K, reserved 1048576K
}
Event: 6.472 GC heap after
{Heap after GC invocations=16 (full 1):
 garbage-first heap   total 342016K, used 155707K [0x000000070ac00000, 0x0000000800000000)
  region size 2048K, 6 young (12288K), 6 survivors (12288K)
 Metaspace       used 31463K, committed 31744K, reserved 1114112K
  class space    used 2944K, committed 3072K, reserved 1048576K
}
Event: 8.531 GC heap before
{Heap before GC invocations=16 (full 1):
 garbage-first heap   total 342016K, used 204859K [0x000000070ac00000, 0x0000000800000000)
  region size 2048K, 30 young (61440K), 6 survivors (12288K)
 Metaspace       used 31817K, committed 32192K, reserved 1114112K
  class space    used 2985K, committed 3200K, reserved 1048576K
}
Event: 8.540 GC heap after
{Heap after GC invocations=17 (full 1):
 garbage-first heap   total 342016K, used 156114K [0x000000070ac00000, 0x0000000800000000)
  region size 2048K, 1 young (2048K), 1 survivors (2048K)
 Metaspace       used 31817K, committed 32192K, reserved 1114112K
  class space    used 2985K, committed 3200K, reserved 1048576K
}

