# JRE version: OpenJDK Runtime Environment Corretto-17.0.11.9.1 (17.0.11+9) (build 17.0.11+9-LTS)
# Java VM: OpenJDK 64-Bit Server VM Corretto-17.0.11.9.1 (17.0.11+9-LTS, mixed mode, sharing, tiered, compressed oops, compressed class ptrs, g1 gc, windows-amd64)
GC Precious Log:
 CPUs: 4 total, 4 available
 Memory: 16327M
 Large Page Support: Disabled
 NUMA Support: Disabled
 Compressed Oops: Enabled (Zero based)
 Heap Region Size: 2M
 Heap Min Capacity: 8M
 Heap Initial Capacity: 256M
 Heap Max Capacity: 4082M
 Pre-touch: Disabled
 Parallel Workers: 4
 Concurrent Workers: 1
 Concurrent Refinement Workers: 4
 Periodic GC: Disabled
Heap:
 garbage-first heap   total 155648K, used 99184K [0x0000000700e00000, 0x0000000800000000)
  region size 2048K, 45 young (92160K), 1 survivors (2048K)
 Metaspace       used 21936K, committed 22336K, reserved 1114112K
  class space    used 1926K, committed 2112K, reserved 1048576K
GC Heap History (20 events):
Event: 5.975 GC heap before
{Heap before GC invocations=14 (full 0):
 garbage-first heap   total 49152K, used 37706K [0x0000000700e00000, 0x0000000800000000)
  region size 2048K, 14 young (28672K), 1 survivors (2048K)
 Metaspace       used 21229K, committed 21568K, reserved 1114112K
  class space    used 1859K, committed 1984K, reserved 1048576K
}
Event: 5.976 GC heap after
{Heap after GC invocations=15 (full 0):
 garbage-first heap   total 49152K, used 11112K [0x0000000700e00000, 0x0000000800000000)
  region size 2048K, 1 young (2048K), 1 survivors (2048K)
 Metaspace       used 21229K, committed 21568K, reserved 1114112K
  class space    used 1859K, committed 1984K, reserved 1048576K
}
Event: 6.066 GC heap before
{Heap before GC invocations=15 (full 0):
 garbage-first heap   total 49152K, used 37736K [0x0000000700e00000, 0x0000000800000000)
  region size 2048K, 14 young (28672K), 1 survivors (2048K)
 Metaspace       used 21229K, committed 21568K, reserved 1114112K
  class space    used 1859K, committed 1984K, reserved 1048576K
}
Event: 6.067 GC heap after
{Heap after GC invocations=16 (full 0):
 garbage-first heap   total 49152K, used 11128K [0x0000000700e00000, 0x0000000800000000)
  region size 2048K, 1 young (2048K), 1 survivors (2048K)
 Metaspace       used 21229K, committed 21568K, reserved 1114112K
  class space    used 1859K, committed 1984K, reserved 1048576K
}
Event: 6.185 GC heap before
{Heap before GC invocations=16 (full 0):
 garbage-first heap   total 49152K, used 37752K [0x0000000700e00000, 0x0000000800000000)
  region size 2048K, 14 young (28672K), 1 survivors (2048K)
 Metaspace       used 21232K, committed 21568K, reserved 1114112K
  class space    used 1859K, committed 1984K, reserved 1048576K
}
Event: 6.186 GC heap after
{Heap after GC invocations=17 (full 0):
 garbage-first heap   total 49152K, used 11105K [0x0000000700e00000, 0x0000000800000000)
  region size 2048K, 1 young (2048K), 1 survivors (2048K)
 Metaspace       used 21232K, committed 21568K, reserved 1114112K
  class space    used 1859K, committed 1984K, reserved 1048576K
}
Event: 6.272 GC heap before
{Heap before GC invocations=17 (full 0):
 garbage-first heap   total 49152K, used 37729K [0x0000000700e00000, 0x0000000800000000)
  region size 2048K, 14 young (28672K), 1 survivors (2048K)
 Metaspace       used 21232K, committed 21568K, reserved 1114112K
  class space    used 1859K, committed 1984K, reserved 1048576K
}
Event: 6.273 GC heap after
{Heap after GC invocations=18 (full 0):
 garbage-first heap   total 49152K, used 11109K [0x0000000700e00000, 0x0000000800000000)
  region size 2048K, 1 young (2048K), 1 survivors (2048K)
 Metaspace       used 21232K, committed 21568K, reserved 1114112K
  class space    used 1859K, committed 1984K, reserved 1048576K
}
Event: 6.310 GC heap before
{Heap before GC invocations=18 (full 0):
 garbage-first heap   total 49152K, used 37733K [0x0000000700e00000, 0x0000000800000000)
  region size 2048K, 14 young (28672K), 1 survivors (2048K)
 Metaspace       used 21235K, committed 21568K, reserved 1114112K
  class space    used 1859K, committed 1984K, reserved 1048576K
}
Event: 6.311 GC heap after
{Heap after GC invocations=19 (full 0):
 garbage-first heap   total 49152K, used 11094K [0x0000000700e00000, 0x0000000800000000)
  region size 2048K, 1 young (2048K), 1 survivors (2048K)
 Metaspace       used 21235K, committed 21568K, reserved 1114112K
  class space    used 1859K, committed 1984K, reserved 1048576K
}
Event: 6.404 GC heap before
{Heap before GC invocations=19 (full 0):
 garbage-first heap   total 49152K, used 37718K [0x0000000700e00000, 0x0000000800000000)
  region size 2048K, 14 young (28672K), 1 survivors (2048K)
 Metaspace       used 21235K, committed 21568K, reserved 1114112K
  class space    used 1859K, committed 1984K, reserved 1048576K
}
Event: 6.405 GC heap after
{Heap after GC invocations=20 (full 0):
 garbage-first heap   total 49152K, used 11103K [0x0000000700e00000, 0x0000000800000000)
  region size 2048K, 1 young (2048K), 1 survivors (2048K)
 Metaspace       used 21235K, committed 21568K, reserved 1114112K
  class space    used 1859K, committed 1984K, reserved 1048576K
}
Event: 6.452 GC heap before
{Heap before GC invocations=20 (full 0):
 garbage-first heap   total 49152K, used 37727K [0x0000000700e00000, 0x0000000800000000)
  region size 2048K, 14 young (28672K), 1 survivors (2048K)
 Metaspace       used 21236K, committed 21568K, reserved 1114112K
  class space    used 1859K, committed 1984K, reserved 1048576K
}
Event: 6.453 GC heap after
{Heap after GC invocations=21 (full 0):
 garbage-first heap   total 49152K, used 11109K [0x0000000700e00000, 0x0000000800000000)
  region size 2048K, 1 young (2048K), 1 survivors (2048K)
 Metaspace       used 21236K, committed 21568K, reserved 1114112K
  class space    used 1859K, committed 1984K, reserved 1048576K
}
Event: 6.491 GC heap before
{Heap before GC invocations=21 (full 0):
 garbage-first heap   total 49152K, used 37733K [0x0000000700e00000, 0x0000000800000000)
  region size 2048K, 14 young (28672K), 1 survivors (2048K)
 Metaspace       used 21236K, committed 21568K, reserved 1114112K
  class space    used 1859K, committed 1984K, reserved 1048576K
}
Event: 6.492 GC heap after
{Heap after GC invocations=22 (full 0):
 garbage-first heap   total 49152K, used 11114K [0x0000000700e00000, 0x0000000800000000)
  region size 2048K, 1 young (2048K), 1 survivors (2048K)
 Metaspace       used 21236K, committed 21568K, reserved 1114112K
  class space    used 1859K, committed 1984K, reserved 1048576K
}
Event: 6.519 GC heap before
{Heap before GC invocations=22 (full 0):
 garbage-first heap   total 49152K, used 37738K [0x0000000700e00000, 0x0000000800000000)
  region size 2048K, 14 young (28672K), 1 survivors (2048K)
 Metaspace       used 21236K, committed 21568K, reserved 1114112K
  class space    used 1859K, committed 1984K, reserved 1048576K
}
Event: 6.520 GC heap after
{Heap after GC invocations=23 (full 0):
 garbage-first heap   total 49152K, used 11119K [0x0000000700e00000, 0x0000000800000000)
  region size 2048K, 1 young (2048K), 1 survivors (2048K)
 Metaspace       used 21236K, committed 21568K, reserved 1114112K
  class space    used 1859K, committed 1984K, reserved 1048576K
}
Event: 6.559 GC heap before
{Heap before GC invocations=23 (full 0):
 garbage-first heap   total 49152K, used 37743K [0x0000000700e00000, 0x0000000800000000)
  region size 2048K, 14 young (28672K), 1 survivors (2048K)
 Metaspace       used 21236K, committed 21568K, reserved 1114112K
  class space    used 1859K, committed 1984K, reserved 1048576K
}
Event: 6.560 GC heap after
{Heap after GC invocations=24 (full 0):
 garbage-first heap   total 155648K, used 11120K [0x0000000700e00000, 0x0000000800000000)
  region size 2048K, 1 young (2048K), 1 survivors (2048K)
 Metaspace       used 21236K, committed 21568K, reserved 1114112K
  class space    used 1859K, committed 1984K, reserved 1048576K
}

