# JRE version: OpenJDK Runtime Environment Corretto-17.0.11.9.1 (17.0.11+9) (build 17.0.11+9-LTS)
# Java VM: OpenJDK 64-Bit Server VM Corretto-17.0.11.9.1 (17.0.11+9-LTS, mixed mode, sharing, tiered, compressed oops, compressed class ptrs, g1 gc, windows-amd64)
GC Precious Log:
 CPUs: 6 total, 6 available
 Memory: 7987M
 Large Page Support: Disabled
 NUMA Support: Disabled
 Compressed Oops: Enabled (32-bit)
 Heap Region Size: 1M
 Heap Min Capacity: 8M
 Heap Initial Capacity: 126M
 Heap Max Capacity: 1998M
 Pre-touch: Disabled
 Parallel Workers: 6
 Concurrent Workers: 2
 Concurrent Refinement Workers: 6
 Periodic GC: Disabled
Heap:
 garbage-first heap   total 221184K, used 128819K [0x0000000083200000, 0x0000000100000000)
  region size 1024K, 18 young (18432K), 6 survivors (6144K)
 Metaspace       used 20264K, committed 20736K, reserved 1114112K
  class space    used 1737K, committed 1984K, reserved 1048576K
GC Heap History (20 events):
Event: 5.535 GC heap before
{Heap before GC invocations=8 (full 0):
 garbage-first heap   total 178176K, used 110592K [0x0000000083200000, 0x0000000100000000)
  region size 1024K, 8 young (8192K), 2 survivors (2048K)
 Metaspace       used 19699K, committed 19968K, reserved 1114112K
  class space    used 1680K, committed 1792K, reserved 1048576K
}
Event: 5.536 GC heap after
{Heap after GC invocations=9 (full 0):
 garbage-first heap   total 178176K, used 106462K [0x0000000083200000, 0x0000000100000000)
  region size 1024K, 1 young (1024K), 1 survivors (1024K)
 Metaspace       used 19699K, committed 19968K, reserved 1114112K
  class space    used 1680K, committed 1792K, reserved 1048576K
}
Event: 5.711 GC heap before
{Heap before GC invocations=9 (full 0):
 garbage-first heap   total 178176K, used 126942K [0x0000000083200000, 0x0000000100000000)
  region size 1024K, 21 young (21504K), 1 survivors (1024K)
 Metaspace       used 19702K, committed 19968K, reserved 1114112K
  class space    used 1680K, committed 1792K, reserved 1048576K
}
Event: 5.713 GC heap after
{Heap after GC invocations=10 (full 0):
 garbage-first heap   total 178176K, used 106318K [0x0000000083200000, 0x0000000100000000)
  region size 1024K, 1 young (1024K), 1 survivors (1024K)
 Metaspace       used 19702K, committed 19968K, reserved 1114112K
  class space    used 1680K, committed 1792K, reserved 1048576K
}
Event: 5.851 GC heap before
{Heap before GC invocations=11 (full 0):
 garbage-first heap   total 181248K, used 128846K [0x0000000083200000, 0x0000000100000000)
  region size 1024K, 23 young (23552K), 1 survivors (1024K)
 Metaspace       used 19702K, committed 19968K, reserved 1114112K
  class space    used 1680K, committed 1792K, reserved 1048576K
}
Event: 5.852 GC heap after
{Heap after GC invocations=12 (full 0):
 garbage-first heap   total 181248K, used 106886K [0x0000000083200000, 0x0000000100000000)
  region size 1024K, 2 young (2048K), 2 survivors (2048K)
 Metaspace       used 19702K, committed 19968K, reserved 1114112K
  class space    used 1680K, committed 1792K, reserved 1048576K
}
Event: 6.102 GC heap before
{Heap before GC invocations=12 (full 0):
 garbage-first heap   total 181248K, used 134534K [0x0000000083200000, 0x0000000100000000)
  region size 1024K, 29 young (29696K), 2 survivors (2048K)
 Metaspace       used 19705K, committed 19968K, reserved 1114112K
  class space    used 1680K, committed 1792K, reserved 1048576K
}
Event: 6.104 GC heap after
{Heap after GC invocations=13 (full 0):
 garbage-first heap   total 181248K, used 107681K [0x0000000083200000, 0x0000000100000000)
  region size 1024K, 3 young (3072K), 3 survivors (3072K)
 Metaspace       used 19705K, committed 19968K, reserved 1114112K
  class space    used 1680K, committed 1792K, reserved 1048576K
}
Event: 6.251 GC heap before
{Heap before GC invocations=14 (full 0):
 garbage-first heap   total 184320K, used 138401K [0x0000000083200000, 0x0000000100000000)
  region size 1024K, 33 young (33792K), 3 survivors (3072K)
 Metaspace       used 19705K, committed 19968K, reserved 1114112K
  class space    used 1680K, committed 1792K, reserved 1048576K
}
Event: 6.253 GC heap after
{Heap after GC invocations=15 (full 0):
 garbage-first heap   total 221184K, used 108758K [0x0000000083200000, 0x0000000100000000)
  region size 1024K, 4 young (4096K), 4 survivors (4096K)
 Metaspace       used 19705K, committed 19968K, reserved 1114112K
  class space    used 1680K, committed 1792K, reserved 1048576K
}
Event: 6.474 GC heap before
{Heap before GC invocations=15 (full 0):
 garbage-first heap   total 221184K, used 166102K [0x0000000083200000, 0x0000000100000000)
  region size 1024K, 60 young (61440K), 4 survivors (4096K)
 Metaspace       used 19706K, committed 19968K, reserved 1114112K
  class space    used 1680K, committed 1792K, reserved 1048576K
}
Event: 6.476 GC heap after
{Heap after GC invocations=16 (full 0):
 garbage-first heap   total 221184K, used 110122K [0x0000000083200000, 0x0000000100000000)
  region size 1024K, 5 young (5120K), 5 survivors (5120K)
 Metaspace       used 19706K, committed 19968K, reserved 1114112K
  class space    used 1680K, committed 1792K, reserved 1048576K
}
Event: 6.735 GC heap before
{Heap before GC invocations=17 (full 0):
 garbage-first heap   total 221184K, used 170538K [0x0000000083200000, 0x0000000100000000)
  region size 1024K, 64 young (65536K), 5 survivors (5120K)
 Metaspace       used 19707K, committed 19968K, reserved 1114112K
  class space    used 1680K, committed 1792K, reserved 1048576K
}
Event: 6.737 GC heap after
{Heap after GC invocations=18 (full 0):
 garbage-first heap   total 221184K, used 111769K [0x0000000083200000, 0x0000000100000000)
  region size 1024K, 6 young (6144K), 6 survivors (6144K)
 Metaspace       used 19707K, committed 19968K, reserved 1114112K
  class space    used 1680K, committed 1792K, reserved 1048576K
}
Event: 6.985 GC heap before
{Heap before GC invocations=18 (full 0):
 garbage-first heap   total 221184K, used 174233K [0x0000000083200000, 0x0000000100000000)
  region size 1024K, 67 young (68608K), 6 survivors (6144K)
 Metaspace       used 19709K, committed 19968K, reserved 1114112K
  class space    used 1680K, committed 1792K, reserved 1048576K
}
Event: 6.988 GC heap after
{Heap after GC invocations=19 (full 0):
 garbage-first heap   total 221184K, used 113494K [0x0000000083200000, 0x0000000100000000)
  region size 1024K, 6 young (6144K), 6 survivors (6144K)
 Metaspace       used 19709K, committed 19968K, reserved 1114112K
  class space    used 1680K, committed 1792K, reserved 1048576K
}
Event: 7.237 GC heap before
{Heap before GC invocations=20 (full 0):
 garbage-first heap   total 221184K, used 179030K [0x0000000083200000, 0x0000000100000000)
  region size 1024K, 70 young (71680K), 6 survivors (6144K)
 Metaspace       used 19712K, committed 19968K, reserved 1114112K
  class space    used 1680K, committed 1792K, reserved 1048576K
}
Event: 7.239 GC heap after
{Heap after GC invocations=21 (full 0):
 garbage-first heap   total 221184K, used 115865K [0x0000000083200000, 0x0000000100000000)
  region size 1024K, 6 young (6144K), 6 survivors (6144K)
 Metaspace       used 19712K, committed 19968K, reserved 1114112K
  class space    used 1680K, committed 1792K, reserved 1048576K
}
Event: 7.476 GC heap before
{Heap before GC invocations=21 (full 0):
 garbage-first heap   total 221184K, used 180377K [0x0000000083200000, 0x0000000100000000)
  region size 1024K, 69 young (70656K), 6 survivors (6144K)
 Metaspace       used 19717K, committed 19968K, reserved 1114112K
  class space    used 1680K, committed 1792K, reserved 1048576K
}
Event: 7.478 GC heap after
{Heap after GC invocations=22 (full 0):
 garbage-first heap   total 221184K, used 117555K [0x0000000083200000, 0x0000000100000000)
  region size 1024K, 6 young (6144K), 6 survivors (6144K)
 Metaspace       used 19717K, committed 19968K, reserved 1114112K
  class space    used 1680K, committed 1792K, reserved 1048576K
}

