# JRE version: OpenJDK Runtime Environment Corretto-17.0.11.9.1 (17.0.11+9) (build 17.0.11+9-LTS)
# Java VM: OpenJDK 64-Bit Server VM Corretto-17.0.11.9.1 (17.0.11+9-LTS, mixed mode, sharing, tiered, compressed oops, compressed class ptrs, g1 gc, windows-amd64)
GC Precious Log:
 CPUs: 16 total, 16 available
 Memory: 15695M
 Large Page Support: Disabled
 NUMA Support: Disabled
 Compressed Oops: Enabled (Zero based)
 Heap Region Size: 2M
 Heap Min Capacity: 8M
 Heap Initial Capacity: 246M
 Heap Max Capacity: 3924M
 Pre-touch: Disabled
 Parallel Workers: 13
 Concurrent Workers: 3
 Concurrent Refinement Workers: 13
 Periodic GC: Disabled
Heap:
 garbage-first heap   total 378880K, used 134236K [0x000000070ac00000, 0x0000000800000000)
  region size 2048K, 5 young (10240K), 2 survivors (4096K)
 Metaspace       used 24038K, committed 24384K, reserved 1114112K
  class space    used 2011K, committed 2176K, reserved 1048576K
GC Heap History (20 events):
Event: 3.201 GC heap before
{Heap before GC invocations=2 (full 0):
 garbage-first heap   total 251904K, used 79846K [0x000000070ac00000, 0x0000000800000000)
  region size 2048K, 38 young (77824K), 1 survivors (2048K)
 Metaspace       used 21168K, committed 21440K, reserved 1114112K
  class space    used 1875K, committed 1984K, reserved 1048576K
}
Event: 3.205 GC heap after
{Heap after GC invocations=3 (full 0):
 garbage-first heap   total 251904K, used 8188K [0x000000070ac00000, 0x0000000800000000)
  region size 2048K, 2 young (4096K), 2 survivors (4096K)
 Metaspace       used 21168K, committed 21440K, reserved 1114112K
  class space    used 1875K, committed 1984K, reserved 1048576K
}
Event: 3.308 GC heap before
{Heap before GC invocations=3 (full 0):
 garbage-first heap   total 251904K, used 63484K [0x000000070ac00000, 0x0000000800000000)
  region size 2048K, 31 young (63488K), 2 survivors (4096K)
 Metaspace       used 21260K, committed 21504K, reserved 1114112K
  class space    used 1880K, committed 1984K, reserved 1048576K
}
Event: 3.372 GC heap after
{Heap after GC invocations=4 (full 0):
 garbage-first heap   total 251904K, used 58761K [0x000000070ac00000, 0x0000000800000000)
  region size 2048K, 10 young (20480K), 10 survivors (20480K)
 Metaspace       used 21260K, committed 21504K, reserved 1114112K
  class space    used 1880K, committed 1984K, reserved 1048576K
}
Event: 4.438 GC heap before
{Heap before GC invocations=5 (full 0):
 garbage-first heap   total 251904K, used 138633K [0x000000070ac00000, 0x0000000800000000)
  region size 2048K, 50 young (102400K), 10 survivors (20480K)
 Metaspace       used 22252K, committed 22592K, reserved 1114112K
  class space    used 1939K, committed 2112K, reserved 1048576K
}
Event: 4.550 GC heap after
{Heap after GC invocations=6 (full 0):
 garbage-first heap   total 251904K, used 117514K [0x000000070ac00000, 0x0000000800000000)
  region size 2048K, 7 young (14336K), 7 survivors (14336K)
 Metaspace       used 22252K, committed 22592K, reserved 1114112K
  class space    used 1939K, committed 2112K, reserved 1048576K
}
Event: 6.587 GC heap before
{Heap before GC invocations=6 (full 0):
 garbage-first heap   total 251904K, used 160522K [0x000000070ac00000, 0x0000000800000000)
  region size 2048K, 28 young (57344K), 7 survivors (14336K)
 Metaspace       used 22650K, committed 22976K, reserved 1114112K
  class space    used 1951K, committed 2112K, reserved 1048576K
}
Event: 6.640 GC heap after
{Heap after GC invocations=7 (full 0):
 garbage-first heap   total 251904K, used 120870K [0x000000070ac00000, 0x0000000800000000)
  region size 2048K, 2 young (4096K), 2 survivors (4096K)
 Metaspace       used 22650K, committed 22976K, reserved 1114112K
  class space    used 1951K, committed 2112K, reserved 1048576K
}
Event: 7.208 GC heap before
{Heap before GC invocations=7 (full 0):
 garbage-first heap   total 251904K, used 165926K [0x000000070ac00000, 0x0000000800000000)
  region size 2048K, 24 young (49152K), 2 survivors (4096K)
 Metaspace       used 22707K, committed 23040K, reserved 1114112K
  class space    used 1951K, committed 2112K, reserved 1048576K
}
Event: 7.210 GC heap after
{Heap after GC invocations=8 (full 0):
 garbage-first heap   total 251904K, used 121382K [0x000000070ac00000, 0x0000000800000000)
  region size 2048K, 2 young (4096K), 2 survivors (4096K)
 Metaspace       used 22707K, committed 23040K, reserved 1114112K
  class space    used 1951K, committed 2112K, reserved 1048576K
}
Event: 9.587 GC heap before
{Heap before GC invocations=9 (full 0):
 garbage-first heap   total 251904K, used 172582K [0x000000070ac00000, 0x0000000800000000)
  region size 2048K, 27 young (55296K), 2 survivors (4096K)
 Metaspace       used 23596K, committed 24000K, reserved 1114112K
  class space    used 2006K, committed 2176K, reserved 1048576K
}
Event: 9.589 GC heap after
{Heap after GC invocations=10 (full 0):
 garbage-first heap   total 251904K, used 121689K [0x000000070ac00000, 0x0000000800000000)
  region size 2048K, 2 young (4096K), 2 survivors (4096K)
 Metaspace       used 23596K, committed 24000K, reserved 1114112K
  class space    used 2006K, committed 2176K, reserved 1048576K
}
Event: 12.447 GC heap before
{Heap before GC invocations=10 (full 0):
 garbage-first heap   total 251904K, used 176985K [0x000000070ac00000, 0x0000000800000000)
  region size 2048K, 30 young (61440K), 2 survivors (4096K)
 Metaspace       used 23797K, committed 24128K, reserved 1114112K
  class space    used 2011K, committed 2176K, reserved 1048576K
}
Event: 12.450 GC heap after
{Heap after GC invocations=11 (full 0):
 garbage-first heap   total 251904K, used 127234K [0x000000070ac00000, 0x0000000800000000)
  region size 2048K, 4 young (8192K), 4 survivors (8192K)
 Metaspace       used 23797K, committed 24128K, reserved 1114112K
  class space    used 2011K, committed 2176K, reserved 1048576K
}
Event: 14.444 GC heap before
{Heap before GC invocations=12 (full 0):
 garbage-first heap   total 251904K, used 182530K [0x000000070ac00000, 0x0000000800000000)
  region size 2048K, 32 young (65536K), 4 survivors (8192K)
 Metaspace       used 23921K, committed 24320K, reserved 1114112K
  class space    used 2011K, committed 2176K, reserved 1048576K
}
Event: 14.449 GC heap after
{Heap after GC invocations=13 (full 0):
 garbage-first heap   total 251904K, used 129107K [0x000000070ac00000, 0x0000000800000000)
  region size 2048K, 1 young (2048K), 1 survivors (2048K)
 Metaspace       used 23921K, committed 24320K, reserved 1114112K
  class space    used 2011K, committed 2176K, reserved 1048576K
}
Event: 17.429 GC heap before
{Heap before GC invocations=13 (full 0):
 garbage-first heap   total 251904K, used 190547K [0x000000070ac00000, 0x0000000800000000)
  region size 2048K, 31 young (63488K), 1 survivors (2048K)
 Metaspace       used 24006K, committed 24384K, reserved 1114112K
  class space    used 2011K, committed 2176K, reserved 1048576K
}
Event: 17.431 GC heap after
{Heap after GC invocations=14 (full 0):
 garbage-first heap   total 251904K, used 129600K [0x000000070ac00000, 0x0000000800000000)
  region size 2048K, 2 young (4096K), 2 survivors (4096K)
 Metaspace       used 24006K, committed 24384K, reserved 1114112K
  class space    used 2011K, committed 2176K, reserved 1048576K
}
Event: 20.126 GC heap before
{Heap before GC invocations=15 (full 0):
 garbage-first heap   total 251904K, used 193088K [0x000000070ac00000, 0x0000000800000000)
  region size 2048K, 33 young (67584K), 2 survivors (4096K)
 Metaspace       used 24038K, committed 24384K, reserved 1114112K
  class space    used 2011K, committed 2176K, reserved 1048576K
}
Event: 20.129 GC heap after
{Heap after GC invocations=16 (full 0):
 garbage-first heap   total 378880K, used 130140K [0x000000070ac00000, 0x0000000800000000)
  region size 2048K, 2 young (4096K), 2 survivors (4096K)
 Metaspace       used 24038K, committed 24384K, reserved 1114112K
  class space    used 2011K, committed 2176K, reserved 1048576K
}

