# JRE version: OpenJDK Runtime Environment Corretto-17.0.13.11.1 (17.0.13+11) (build 17.0.13+11-LTS)
# Java VM: OpenJDK 64-Bit Server VM Corretto-17.0.13.11.1 (17.0.13+11-LTS, mixed mode, sharing, tiered, compressed oops, compressed class ptrs, g1 gc, windows-amd64)
GC Precious Log:
 CPUs: 6 total, 6 available
 Memory: 7987M
 Large Page Support: Disabled
 NUMA Support: Disabled
 Compressed Oops: Enabled (32-bit)
 Heap Region Size: 1M
 Heap Min Capacity: 8M
 Heap Initial Capacity: 126M
 Heap Max Capacity: 1998M
 Pre-touch: Disabled
 Parallel Workers: 6
 Concurrent Workers: 2
 Concurrent Refinement Workers: 6
 Periodic GC: Disabled
Heap:
 garbage-first heap   total 82944K, used 53314K [0x0000000083200000, 0x0000000100000000)
  region size 1024K, 15 young (15360K), 2 survivors (2048K)
 Metaspace       used 32537K, committed 32960K, reserved 1114112K
  class space    used 3108K, committed 3328K, reserved 1048576K
GC Heap History (20 events):
Event: 3.209 GC heap before
{Heap before GC invocations=7 (full 0):
 garbage-first heap   total 37888K, used 28383K [0x0000000083200000, 0x0000000100000000)
  region size 1024K, 22 young (22528K), 5 survivors (5120K)
 Metaspace       used 22644K, committed 22976K, reserved 1114112K
  class space    used 2103K, committed 2240K, reserved 1048576K
}
Event: 3.214 GC heap after
{Heap after GC invocations=8 (full 0):
 garbage-first heap   total 37888K, used 10852K [0x0000000083200000, 0x0000000100000000)
  region size 1024K, 1 young (1024K), 1 survivors (1024K)
 Metaspace       used 22644K, committed 22976K, reserved 1114112K
  class space    used 2103K, committed 2240K, reserved 1048576K
}
Event: 3.265 GC heap before
{Heap before GC invocations=8 (full 0):
 garbage-first heap   total 37888K, used 28260K [0x0000000083200000, 0x0000000100000000)
  region size 1024K, 19 young (19456K), 1 survivors (1024K)
 Metaspace       used 23181K, committed 23488K, reserved 1114112K
  class space    used 2167K, committed 2304K, reserved 1048576K
}
Event: 3.267 GC heap after
{Heap after GC invocations=9 (full 0):
 garbage-first heap   total 37888K, used 11012K [0x0000000083200000, 0x0000000100000000)
  region size 1024K, 2 young (2048K), 2 survivors (2048K)
 Metaspace       used 23181K, committed 23488K, reserved 1114112K
  class space    used 2167K, committed 2304K, reserved 1048576K
}
Event: 3.784 GC heap before
{Heap before GC invocations=9 (full 0):
 garbage-first heap   total 37888K, used 28420K [0x0000000083200000, 0x0000000100000000)
  region size 1024K, 20 young (20480K), 2 survivors (2048K)
 Metaspace       used 31218K, committed 31552K, reserved 1114112K
  class space    used 2971K, committed 3136K, reserved 1048576K
}
Event: 3.789 GC heap after
{Heap after GC invocations=10 (full 0):
 garbage-first heap   total 37888K, used 14015K [0x0000000083200000, 0x0000000100000000)
  region size 1024K, 3 young (3072K), 3 survivors (3072K)
 Metaspace       used 31218K, committed 31552K, reserved 1114112K
  class space    used 2971K, committed 3136K, reserved 1048576K
}
Event: 4.038 GC heap before
{Heap before GC invocations=10 (full 0):
 garbage-first heap   total 37888K, used 15039K [0x0000000083200000, 0x0000000100000000)
  region size 1024K, 5 young (5120K), 3 survivors (3072K)
 Metaspace       used 31641K, committed 32064K, reserved 1114112K
  class space    used 3032K, committed 3200K, reserved 1048576K
}
Event: 4.056 GC heap after
{Heap after GC invocations=11 (full 1):
 garbage-first heap   total 37888K, used 13884K [0x0000000083200000, 0x0000000100000000)
  region size 1024K, 0 young (0K), 0 survivors (0K)
 Metaspace       used 31641K, committed 32064K, reserved 1114112K
  class space    used 3032K, committed 3200K, reserved 1048576K
}
Event: 4.222 GC heap before
{Heap before GC invocations=11 (full 1):
 garbage-first heap   total 37888K, used 27196K [0x0000000083200000, 0x0000000100000000)
  region size 1024K, 14 young (14336K), 0 survivors (0K)
 Metaspace       used 31841K, committed 32192K, reserved 1114112K
  class space    used 3051K, committed 3200K, reserved 1048576K
}
Event: 4.225 GC heap after
{Heap after GC invocations=12 (full 1):
 garbage-first heap   total 41984K, used 26846K [0x0000000083200000, 0x0000000100000000)
  region size 1024K, 2 young (2048K), 2 survivors (2048K)
 Metaspace       used 31841K, committed 32192K, reserved 1114112K
  class space    used 3051K, committed 3200K, reserved 1048576K
}
Event: 4.536 GC heap before
{Heap before GC invocations=12 (full 1):
 garbage-first heap   total 41984K, used 28894K [0x0000000083200000, 0x0000000100000000)
  region size 1024K, 5 young (5120K), 2 survivors (2048K)
 Metaspace       used 31907K, committed 32256K, reserved 1114112K
  class space    used 3056K, committed 3200K, reserved 1048576K
}
Event: 4.538 GC heap after
{Heap after GC invocations=13 (full 1):
 garbage-first heap   total 82944K, used 28996K [0x0000000083200000, 0x0000000100000000)
  region size 1024K, 1 young (1024K), 1 survivors (1024K)
 Metaspace       used 31907K, committed 32256K, reserved 1114112K
  class space    used 3056K, committed 3200K, reserved 1048576K
}
Event: 5.029 GC heap before
{Heap before GC invocations=14 (full 1):
 garbage-first heap   total 82944K, used 49476K [0x0000000083200000, 0x0000000100000000)
  region size 1024K, 22 young (22528K), 1 survivors (1024K)
 Metaspace       used 32066K, committed 32512K, reserved 1114112K
  class space    used 3063K, committed 3264K, reserved 1048576K
}
Event: 5.034 GC heap after
{Heap after GC invocations=15 (full 1):
 garbage-first heap   total 82944K, used 39562K [0x0000000083200000, 0x0000000100000000)
  region size 1024K, 3 young (3072K), 3 survivors (3072K)
 Metaspace       used 32066K, committed 32512K, reserved 1114112K
  class space    used 3063K, committed 3264K, reserved 1048576K
}
Event: 5.185 GC heap before
{Heap before GC invocations=15 (full 1):
 garbage-first heap   total 82944K, used 53898K [0x0000000083200000, 0x0000000100000000)
  region size 1024K, 17 young (17408K), 3 survivors (3072K)
 Metaspace       used 32075K, committed 32512K, reserved 1114112K
  class space    used 3063K, committed 3264K, reserved 1048576K
}
Event: 5.187 GC heap after
{Heap after GC invocations=16 (full 1):
 garbage-first heap   total 82944K, used 40222K [0x0000000083200000, 0x0000000100000000)
  region size 1024K, 1 young (1024K), 1 survivors (1024K)
 Metaspace       used 32075K, committed 32512K, reserved 1114112K
  class space    used 3063K, committed 3264K, reserved 1048576K
}
Event: 5.282 GC heap before
{Heap before GC invocations=17 (full 1):
 garbage-first heap   total 82944K, used 55582K [0x0000000083200000, 0x0000000100000000)
  region size 1024K, 16 young (16384K), 1 survivors (1024K)
 Metaspace       used 32078K, committed 32512K, reserved 1114112K
  class space    used 3063K, committed 3264K, reserved 1048576K
}
Event: 5.283 GC heap after
{Heap after GC invocations=18 (full 1):
 garbage-first heap   total 82944K, used 41052K [0x0000000083200000, 0x0000000100000000)
  region size 1024K, 2 young (2048K), 2 survivors (2048K)
 Metaspace       used 32078K, committed 32512K, reserved 1114112K
  class space    used 3063K, committed 3264K, reserved 1048576K
}
Event: 5.358 GC heap before
{Heap before GC invocations=18 (full 1):
 garbage-first heap   total 82944K, used 57436K [0x0000000083200000, 0x0000000100000000)
  region size 1024K, 18 young (18432K), 2 survivors (2048K)
 Metaspace       used 32078K, committed 32512K, reserved 1114112K
  class space    used 3063K, committed 3264K, reserved 1048576K
}
Event: 5.360 GC heap after
{Heap after GC invocations=19 (full 1):
 garbage-first heap   total 82944K, used 41026K [0x0000000083200000, 0x0000000100000000)
  region size 1024K, 2 young (2048K), 2 survivors (2048K)
 Metaspace       used 32078K, committed 32512K, reserved 1114112K
  class space    used 3063K, committed 3264K, reserved 1048576K
}

