# JRE version: OpenJDK Runtime Environment Corretto-21.0.3.9.1 (21.0.3+9) (build 21.0.3+9-LTS)
# Java VM: OpenJDK 64-Bit Server VM Corretto-21.0.3.9.1 (21.0.3+9-LTS, mixed mode, sharing, tiered, compressed oops, compressed class ptrs, g1 gc, windows-amd64)
GC Precious Log:
 CardTable entry size: 512
 Card Set container configuration: InlinePtr #cards 5 size 8 Array Of Cards #cards 12 size 40 Howl #buckets 4 coarsen threshold 1843 Howl Bitmap #cards 512 size 80 coarsen threshold 460 Card regions per heap region 1 cards per card region 2048
 CPUs: 6 total, 6 available
 Memory: 7989M
 Large Page Support: Disabled
 NUMA Support: Disabled
 Compressed Oops: Enabled (32-bit)
 Heap Region Size: 1M
 Heap Min Capacity: 8M
 Heap Initial Capacity: 126M
 Heap Max Capacity: 1998M
 Pre-touch: Disabled
 Parallel Workers: 6
 Concurrent Workers: 2
 Concurrent Refinement Workers: 6
 Periodic GC: Disabled
Heap:
 garbage-first heap   total 58368K, used 20398K [0x0000000083200000, 0x0000000100000000)
  region size 1024K, 10 young (10240K), 1 survivors (1024K)
 Metaspace       used 21927K, committed 22336K, reserved 1114112K
  class space    used 1889K, committed 2112K, reserved 1048576K
GC Heap History (20 events):
Event: 3.373 GC heap before
{Heap before GC invocations=4 (full 0):
 garbage-first heap   total 48128K, used 34957K [0x0000000083200000, 0x0000000100000000)
  region size 1024K, 28 young (28672K), 5 survivors (5120K)
 Metaspace       used 21528K, committed 21952K, reserved 1114112K
  class space    used 1868K, committed 2048K, reserved 1048576K
}
Event: 3.375 GC heap after
{Heap after GC invocations=5 (full 0):
 garbage-first heap   total 48128K, used 12254K [0x0000000083200000, 0x0000000100000000)
  region size 1024K, 1 young (1024K), 1 survivors (1024K)
 Metaspace       used 21528K, committed 21952K, reserved 1114112K
  class space    used 1868K, committed 2048K, reserved 1048576K
}
Event: 3.405 GC heap before
{Heap before GC invocations=5 (full 0):
 garbage-first heap   total 48128K, used 35806K [0x0000000083200000, 0x0000000100000000)
  region size 1024K, 24 young (24576K), 1 survivors (1024K)
 Metaspace       used 21533K, committed 21952K, reserved 1114112K
  class space    used 1868K, committed 2048K, reserved 1048576K
}
Event: 3.406 GC heap after
{Heap after GC invocations=6 (full 0):
 garbage-first heap   total 48128K, used 12206K [0x0000000083200000, 0x0000000100000000)
  region size 1024K, 1 young (1024K), 1 survivors (1024K)
 Metaspace       used 21533K, committed 21952K, reserved 1114112K
  class space    used 1868K, committed 2048K, reserved 1048576K
}
Event: 3.424 GC heap before
{Heap before GC invocations=6 (full 0):
 garbage-first heap   total 48128K, used 38830K [0x0000000083200000, 0x0000000100000000)
  region size 1024K, 27 young (27648K), 1 survivors (1024K)
 Metaspace       used 21533K, committed 21952K, reserved 1114112K
  class space    used 1868K, committed 2048K, reserved 1048576K
}
Event: 3.424 GC heap after
{Heap after GC invocations=7 (full 0):
 garbage-first heap   total 48128K, used 12145K [0x0000000083200000, 0x0000000100000000)
  region size 1024K, 1 young (1024K), 1 survivors (1024K)
 Metaspace       used 21533K, committed 21952K, reserved 1114112K
  class space    used 1868K, committed 2048K, reserved 1048576K
}
Event: 3.441 GC heap before
{Heap before GC invocations=7 (full 0):
 garbage-first heap   total 48128K, used 39793K [0x0000000083200000, 0x0000000100000000)
  region size 1024K, 28 young (28672K), 1 survivors (1024K)
 Metaspace       used 21533K, committed 21952K, reserved 1114112K
  class space    used 1868K, committed 2048K, reserved 1048576K
}
Event: 3.442 GC heap after
{Heap after GC invocations=8 (full 0):
 garbage-first heap   total 58368K, used 12122K [0x0000000083200000, 0x0000000100000000)
  region size 1024K, 1 young (1024K), 1 survivors (1024K)
 Metaspace       used 21533K, committed 21952K, reserved 1114112K
  class space    used 1868K, committed 2048K, reserved 1048576K
}
Event: 3.465 GC heap before
{Heap before GC invocations=8 (full 0):
 garbage-first heap   total 58368K, used 45914K [0x0000000083200000, 0x0000000100000000)
  region size 1024K, 34 young (34816K), 1 survivors (1024K)
 Metaspace       used 21538K, committed 21952K, reserved 1114112K
  class space    used 1868K, committed 2048K, reserved 1048576K
}
Event: 3.466 GC heap after
{Heap after GC invocations=9 (full 0):
 garbage-first heap   total 58368K, used 12110K [0x0000000083200000, 0x0000000100000000)
  region size 1024K, 1 young (1024K), 1 survivors (1024K)
 Metaspace       used 21538K, committed 21952K, reserved 1114112K
  class space    used 1868K, committed 2048K, reserved 1048576K
}
Event: 4.136 GC heap before
{Heap before GC invocations=9 (full 0):
 garbage-first heap   total 58368K, used 45902K [0x0000000083200000, 0x0000000100000000)
  region size 1024K, 34 young (34816K), 1 survivors (1024K)
 Metaspace       used 21774K, committed 22144K, reserved 1114112K
  class space    used 1875K, committed 2048K, reserved 1048576K
}
Event: 4.140 GC heap after
{Heap after GC invocations=10 (full 0):
 garbage-first heap   total 58368K, used 12195K [0x0000000083200000, 0x0000000100000000)
  region size 1024K, 1 young (1024K), 1 survivors (1024K)
 Metaspace       used 21774K, committed 22144K, reserved 1114112K
  class space    used 1875K, committed 2048K, reserved 1048576K
}
Event: 4.478 GC heap before
{Heap before GC invocations=10 (full 0):
 garbage-first heap   total 58368K, used 45987K [0x0000000083200000, 0x0000000100000000)
  region size 1024K, 34 young (34816K), 1 survivors (1024K)
 Metaspace       used 21787K, committed 22144K, reserved 1114112K
  class space    used 1876K, committed 2048K, reserved 1048576K
}
Event: 4.479 GC heap after
{Heap after GC invocations=11 (full 0):
 garbage-first heap   total 58368K, used 12204K [0x0000000083200000, 0x0000000100000000)
  region size 1024K, 1 young (1024K), 1 survivors (1024K)
 Metaspace       used 21787K, committed 22144K, reserved 1114112K
  class space    used 1876K, committed 2048K, reserved 1048576K
}
Event: 4.546 GC heap before
{Heap before GC invocations=11 (full 0):
 garbage-first heap   total 58368K, used 45996K [0x0000000083200000, 0x0000000100000000)
  region size 1024K, 34 young (34816K), 1 survivors (1024K)
 Metaspace       used 21834K, committed 22208K, reserved 1114112K
  class space    used 1877K, committed 2048K, reserved 1048576K
}
Event: 4.547 GC heap after
{Heap after GC invocations=12 (full 0):
 garbage-first heap   total 58368K, used 12216K [0x0000000083200000, 0x0000000100000000)
  region size 1024K, 1 young (1024K), 1 survivors (1024K)
 Metaspace       used 21834K, committed 22208K, reserved 1114112K
  class space    used 1877K, committed 2048K, reserved 1048576K
}
Event: 4.609 GC heap before
{Heap before GC invocations=12 (full 0):
 garbage-first heap   total 58368K, used 46008K [0x0000000083200000, 0x0000000100000000)
  region size 1024K, 34 young (34816K), 1 survivors (1024K)
 Metaspace       used 21904K, committed 22336K, reserved 1114112K
  class space    used 1885K, committed 2112K, reserved 1048576K
}
Event: 4.609 GC heap after
{Heap after GC invocations=13 (full 0):
 garbage-first heap   total 58368K, used 12239K [0x0000000083200000, 0x0000000100000000)
  region size 1024K, 1 young (1024K), 1 survivors (1024K)
 Metaspace       used 21904K, committed 22336K, reserved 1114112K
  class space    used 1885K, committed 2112K, reserved 1048576K
}
Event: 4.675 GC heap before
{Heap before GC invocations=13 (full 0):
 garbage-first heap   total 58368K, used 46031K [0x0000000083200000, 0x0000000100000000)
  region size 1024K, 34 young (34816K), 1 survivors (1024K)
 Metaspace       used 21923K, committed 22336K, reserved 1114112K
  class space    used 1889K, committed 2112K, reserved 1048576K
}
Event: 4.675 GC heap after
{Heap after GC invocations=14 (full 0):
 garbage-first heap   total 58368K, used 12227K [0x0000000083200000, 0x0000000100000000)
  region size 1024K, 1 young (1024K), 1 survivors (1024K)
 Metaspace       used 21923K, committed 22336K, reserved 1114112K
  class space    used 1889K, committed 2112K, reserved 1048576K
}

