# JRE version: Java(TM) SE Runtime Environment (17.0.1+12) (build 17.0.1+12-LTS-39)
# Java VM: Java HotSpot(TM) 64-Bit Server VM (17.0.1+12-LTS-39, mixed mode, sharing, tiered, compressed oops, compressed class ptrs, g1 gc, windows-amd64)
GC Precious Log:
 CPUs: 16 total, 16 available
 Memory: 15695M
 Large Page Support: Disabled
 NUMA Support: Disabled
 Compressed Oops: Enabled (Zero based)
 Heap Region Size: 2M
 Heap Min Capacity: 8M
 Heap Initial Capacity: 246M
 Heap Max Capacity: 3924M
 Pre-touch: Disabled
 Parallel Workers: 13
 Concurrent Workers: 3
 Concurrent Refinement Workers: 13
 Periodic GC: Disabled
Heap:
 garbage-first heap   total 40960K, used 19019K [0x000000070ac00000, 0x0000000800000000)
  region size 2048K, 8 young (16384K), 2 survivors (4096K)
 Metaspace       used 22046K, committed 22400K, reserved 1073152K
  class space    used 1897K, committed 2048K, reserved 1048576K
GC Heap History (8 events):
Event: 1.025 GC heap before
{Heap before GC invocations=0 (full 0):
 garbage-first heap   total 251904K, used 20480K [0x000000070ac00000, 0x0000000800000000)
  region size 2048K, 11 young (22528K), 0 survivors (0K)
 Metaspace       used 13261K, committed 13504K, reserved 1064960K
  class space    used 1344K, committed 1472K, reserved 1048576K
}
Event: 1.030 GC heap after
{Heap after GC invocations=1 (full 0):
 garbage-first heap   total 251904K, used 4713K [0x000000070ac00000, 0x0000000800000000)
  region size 2048K, 2 young (4096K), 2 survivors (4096K)
 Metaspace       used 13261K, committed 13504K, reserved 1064960K
  class space    used 1344K, committed 1472K, reserved 1048576K
}
Event: 1.763 GC heap before
{Heap before GC invocations=1 (full 0):
 garbage-first heap   total 251904K, used 31337K [0x000000070ac00000, 0x0000000800000000)
  region size 2048K, 15 young (30720K), 2 survivors (4096K)
 Metaspace       used 16915K, committed 17152K, reserved 1064960K
  class space    used 1506K, committed 1600K, reserved 1048576K
}
Event: 1.767 GC heap after
{Heap after GC invocations=2 (full 0):
 garbage-first heap   total 251904K, used 5746K [0x000000070ac00000, 0x0000000800000000)
  region size 2048K, 1 young (2048K), 1 survivors (2048K)
 Metaspace       used 16915K, committed 17152K, reserved 1064960K
  class space    used 1506K, committed 1600K, reserved 1048576K
}
Event: 4.923 GC heap before
{Heap before GC invocations=2 (full 0):
 garbage-first heap   total 251904K, used 153202K [0x000000070ac00000, 0x0000000800000000)
  region size 2048K, 73 young (149504K), 1 survivors (2048K)
 Metaspace       used 20901K, committed 21248K, reserved 1073152K
  class space    used 1827K, committed 1984K, reserved 1048576K
}
Event: 4.932 GC heap after
{Heap after GC invocations=3 (full 0):
 garbage-first heap   total 251904K, used 8198K [0x000000070ac00000, 0x0000000800000000)
  region size 2048K, 2 young (4096K), 2 survivors (4096K)
 Metaspace       used 20901K, committed 21248K, reserved 1073152K
  class space    used 1827K, committed 1984K, reserved 1048576K
}
Event: 6.943 GC heap before
{Heap before GC invocations=3 (full 0):
 garbage-first heap   total 251904K, used 81926K [0x000000070ac00000, 0x0000000800000000)
  region size 2048K, 39 young (79872K), 2 survivors (4096K)
 Metaspace       used 21165K, committed 21504K, reserved 1073152K
  class space    used 1859K, committed 1984K, reserved 1048576K
}
Event: 6.948 GC heap after
{Heap after GC invocations=4 (full 0):
 garbage-first heap   total 251904K, used 8779K [0x000000070ac00000, 0x0000000800000000)
  region size 2048K, 2 young (4096K), 2 survivors (4096K)
 Metaspace       used 21165K, committed 21504K, reserved 1073152K
  class space    used 1859K, committed 1984K, reserved 1048576K
}

