# JRE version: OpenJDK Runtime Environment Corretto-17.0.11.9.1 (17.0.11+9) (build 17.0.11+9-LTS)
# Java VM: OpenJDK 64-Bit Server VM Corretto-17.0.11.9.1 (17.0.11+9-LTS, mixed mode, sharing, tiered, compressed oops, compressed class ptrs, g1 gc, windows-amd64)
GC Precious Log:
 CPUs: 4 total, 4 available
 Memory: 16327M
 Large Page Support: Disabled
 NUMA Support: Disabled
 Compressed Oops: Enabled (Zero based)
 Heap Region Size: 2M
 Heap Min Capacity: 8M
 Heap Initial Capacity: 256M
 Heap Max Capacity: 4082M
 Pre-touch: Disabled
 Parallel Workers: 4
 Concurrent Workers: 1
 Concurrent Refinement Workers: 4
 Periodic GC: Disabled
Heap:
 garbage-first heap   total 374784K, used 159216K [0x0000000700e00000, 0x0000000800000000)
  region size 2048K, 27 young (55296K), 1 survivors (2048K)
 Metaspace       used 33753K, committed 34112K, reserved 1114112K
  class space    used 3211K, committed 3392K, reserved 1048576K
GC Heap History (20 events):
Event: 7.651 GC heap before
{Heap before GC invocations=19 (full 0):
 garbage-first heap   total 40960K, used 30790K [0x0000000700e00000, 0x0000000800000000)
  region size 2048K, 11 young (22528K), 1 survivors (2048K)
 Metaspace       used 25245K, committed 25536K, reserved 1114112K
  class space    used 2384K, committed 2496K, reserved 1048576K
}
Event: 7.656 GC heap after
{Heap after GC invocations=20 (full 0):
 garbage-first heap   total 40960K, used 13513K [0x0000000700e00000, 0x0000000800000000)
  region size 2048K, 2 young (4096K), 2 survivors (4096K)
 Metaspace       used 25245K, committed 25536K, reserved 1114112K
  class space    used 2384K, committed 2496K, reserved 1048576K
}
Event: 8.301 GC heap before
{Heap before GC invocations=20 (full 0):
 garbage-first heap   total 40960K, used 29897K [0x0000000700e00000, 0x0000000800000000)
  region size 2048K, 10 young (20480K), 2 survivors (4096K)
 Metaspace       used 32603K, committed 32960K, reserved 1114112K
  class space    used 3115K, committed 3264K, reserved 1048576K
}
Event: 8.308 GC heap after
{Heap after GC invocations=21 (full 0):
 garbage-first heap   total 40960K, used 16145K [0x0000000700e00000, 0x0000000800000000)
  region size 2048K, 2 young (4096K), 2 survivors (4096K)
 Metaspace       used 32603K, committed 32960K, reserved 1114112K
  class space    used 3115K, committed 3264K, reserved 1048576K
}
Event: 8.366 GC heap before
{Heap before GC invocations=21 (full 0):
 garbage-first heap   total 40960K, used 16145K [0x0000000700e00000, 0x0000000800000000)
  region size 2048K, 3 young (6144K), 2 survivors (4096K)
 Metaspace       used 32688K, committed 33024K, reserved 1114112K
  class space    used 3128K, committed 3264K, reserved 1048576K
}
Event: 8.387 GC heap after
{Heap after GC invocations=22 (full 1):
 garbage-first heap   total 40960K, used 16016K [0x0000000700e00000, 0x0000000800000000)
  region size 2048K, 0 young (0K), 0 survivors (0K)
 Metaspace       used 32688K, committed 33024K, reserved 1114112K
  class space    used 3128K, committed 3264K, reserved 1048576K
}
Event: 8.437 GC heap before
{Heap before GC invocations=22 (full 1):
 garbage-first heap   total 40960K, used 30352K [0x0000000700e00000, 0x0000000800000000)
  region size 2048K, 8 young (16384K), 0 survivors (0K)
 Metaspace       used 32883K, committed 33152K, reserved 1114112K
  class space    used 3148K, committed 3264K, reserved 1048576K
}
Event: 8.443 GC heap after
{Heap after GC invocations=23 (full 1):
 garbage-first heap   total 49152K, used 31279K [0x0000000700e00000, 0x0000000800000000)
  region size 2048K, 1 young (2048K), 1 survivors (2048K)
 Metaspace       used 32883K, committed 33152K, reserved 1114112K
  class space    used 3148K, committed 3264K, reserved 1048576K
}
Event: 8.517 GC heap before
{Heap before GC invocations=23 (full 1):
 garbage-first heap   total 49152K, used 33327K [0x0000000700e00000, 0x0000000800000000)
  region size 2048K, 2 young (4096K), 1 survivors (2048K)
 Metaspace       used 32933K, committed 33216K, reserved 1114112K
  class space    used 3150K, committed 3264K, reserved 1048576K
}
Event: 8.519 GC heap after
{Heap after GC invocations=24 (full 1):
 garbage-first heap   total 155648K, used 31810K [0x0000000700e00000, 0x0000000800000000)
  region size 2048K, 1 young (2048K), 1 survivors (2048K)
 Metaspace       used 32933K, committed 33216K, reserved 1114112K
  class space    used 3150K, committed 3264K, reserved 1048576K
}
Event: 8.731 GC heap before
{Heap before GC invocations=25 (full 1):
 garbage-first heap   total 137216K, used 87106K [0x0000000700e00000, 0x0000000800000000)
  region size 2048K, 29 young (59392K), 1 survivors (2048K)
 Metaspace       used 33027K, committed 33344K, reserved 1114112K
  class space    used 3150K, committed 3264K, reserved 1048576K
}
Event: 8.743 GC heap after
{Heap after GC invocations=26 (full 1):
 garbage-first heap   total 139264K, used 76993K [0x0000000700e00000, 0x0000000800000000)
  region size 2048K, 4 young (8192K), 4 survivors (8192K)
 Metaspace       used 33027K, committed 33344K, reserved 1114112K
  class space    used 3150K, committed 3264K, reserved 1048576K
}
Event: 8.745 GC heap before
{Heap before GC invocations=26 (full 1):
 garbage-first heap   total 139264K, used 76993K [0x0000000700e00000, 0x0000000800000000)
  region size 2048K, 5 young (10240K), 4 survivors (8192K)
 Metaspace       used 33027K, committed 33344K, reserved 1114112K
  class space    used 3150K, committed 3264K, reserved 1048576K
}
Event: 8.748 GC heap after
{Heap after GC invocations=27 (full 1):
 garbage-first heap   total 139264K, used 79894K [0x0000000700e00000, 0x0000000800000000)
  region size 2048K, 1 young (2048K), 1 survivors (2048K)
 Metaspace       used 33027K, committed 33344K, reserved 1114112K
  class space    used 3150K, committed 3264K, reserved 1048576K
}
Event: 8.775 GC heap before
{Heap before GC invocations=27 (full 1):
 garbage-first heap   total 139264K, used 96278K [0x0000000700e00000, 0x0000000800000000)
  region size 2048K, 9 young (18432K), 1 survivors (2048K)
 Metaspace       used 33039K, committed 33344K, reserved 1114112K
  class space    used 3150K, committed 3264K, reserved 1048576K
}
Event: 8.778 GC heap after
{Heap after GC invocations=28 (full 1):
 garbage-first heap   total 139264K, used 96353K [0x0000000700e00000, 0x0000000800000000)
  region size 2048K, 2 young (4096K), 2 survivors (4096K)
 Metaspace       used 33039K, committed 33344K, reserved 1114112K
  class space    used 3150K, committed 3264K, reserved 1048576K
}
Event: 8.788 GC heap before
{Heap before GC invocations=28 (full 1):
 garbage-first heap   total 139264K, used 100449K [0x0000000700e00000, 0x0000000800000000)
  region size 2048K, 5 young (10240K), 2 survivors (4096K)
 Metaspace       used 33039K, committed 33344K, reserved 1114112K
  class space    used 3150K, committed 3264K, reserved 1048576K
}
Event: 8.790 GC heap after
{Heap after GC invocations=29 (full 1):
 garbage-first heap   total 139264K, used 103439K [0x0000000700e00000, 0x0000000800000000)
  region size 2048K, 1 young (2048K), 1 survivors (2048K)
 Metaspace       used 33039K, committed 33344K, reserved 1114112K
  class space    used 3150K, committed 3264K, reserved 1048576K
}
Event: 8.795 GC heap before
{Heap before GC invocations=29 (full 1):
 garbage-first heap   total 139264K, used 105487K [0x0000000700e00000, 0x0000000800000000)
  region size 2048K, 3 young (6144K), 1 survivors (2048K)
 Metaspace       used 33039K, committed 33344K, reserved 1114112K
  class space    used 3150K, committed 3264K, reserved 1048576K
}
Event: 8.797 GC heap after
{Heap after GC invocations=30 (full 1):
 garbage-first heap   total 374784K, used 108016K [0x0000000700e00000, 0x0000000800000000)
  region size 2048K, 1 young (2048K), 1 survivors (2048K)
 Metaspace       used 33039K, committed 33344K, reserved 1114112K
  class space    used 3150K, committed 3264K, reserved 1048576K
}

