# JRE version: OpenJDK Runtime Environment Corretto-17.0.12.7.1 (17.0.12+7) (build 17.0.12+7-LTS)
# Java VM: OpenJDK 64-Bit Server VM Corretto-17.0.12.7.1 (17.0.12+7-LTS, mixed mode, sharing, tiered, compressed oops, compressed class ptrs, g1 gc, windows-amd64)
GC Precious Log:
 CPUs: 6 total, 6 available
 Memory: 7987M
 Large Page Support: Disabled
 NUMA Support: Disabled
 Compressed Oops: Enabled (32-bit)
 Heap Region Size: 1M
 Heap Min Capacity: 8M
 Heap Initial Capacity: 126M
 Heap Max Capacity: 1998M
 Pre-touch: Disabled
 Parallel Workers: 6
 Concurrent Workers: 2
 Concurrent Refinement Workers: 6
 Periodic GC: Disabled
Heap:
 garbage-first heap   total 316416K, used 160166K [0x0000000083200000, 0x0000000100000000)
  region size 1024K, 54 young (55296K), 5 survivors (5120K)
 Metaspace       used 26734K, committed 27072K, reserved 1114112K
  class space    used 2450K, committed 2624K, reserved 1048576K
GC Heap History (20 events):
Event: 3.488 GC heap after
{Heap after GC invocations=12 (full 0):
 garbage-first heap   total 100352K, used 61999K [0x0000000083200000, 0x0000000100000000)
  region size 1024K, 3 young (3072K), 3 survivors (3072K)
 Metaspace       used 25763K, committed 26112K, reserved 1114112K
  class space    used 2389K, committed 2560K, reserved 1048576K
}
Event: 3.500 GC heap before
{Heap before GC invocations=12 (full 0):
 garbage-first heap   total 100352K, used 70191K [0x0000000083200000, 0x0000000100000000)
  region size 1024K, 12 young (12288K), 3 survivors (3072K)
 Metaspace       used 25796K, committed 26112K, reserved 1114112K
  class space    used 2389K, committed 2560K, reserved 1048576K
}
Event: 3.503 GC heap after
{Heap after GC invocations=13 (full 0):
 garbage-first heap   total 100352K, used 68288K [0x0000000083200000, 0x0000000100000000)
  region size 1024K, 2 young (2048K), 2 survivors (2048K)
 Metaspace       used 25796K, committed 26112K, reserved 1114112K
  class space    used 2389K, committed 2560K, reserved 1048576K
}
Event: 3.516 GC heap before
{Heap before GC invocations=13 (full 0):
 garbage-first heap   total 121856K, used 74432K [0x0000000083200000, 0x0000000100000000)
  region size 1024K, 9 young (9216K), 2 survivors (2048K)
 Metaspace       used 25801K, committed 26112K, reserved 1114112K
  class space    used 2389K, committed 2560K, reserved 1048576K
}
Event: 3.519 GC heap after
{Heap after GC invocations=14 (full 0):
 garbage-first heap   total 316416K, used 74303K [0x0000000083200000, 0x0000000100000000)
  region size 1024K, 2 young (2048K), 2 survivors (2048K)
 Metaspace       used 25801K, committed 26112K, reserved 1114112K
  class space    used 2389K, committed 2560K, reserved 1048576K
}
Event: 4.357 GC heap before
{Heap before GC invocations=15 (full 0):
 garbage-first heap   total 316416K, used 201279K [0x0000000083200000, 0x0000000100000000)
  region size 1024K, 127 young (130048K), 2 survivors (2048K)
 Metaspace       used 25950K, committed 26304K, reserved 1114112K
  class space    used 2394K, committed 2560K, reserved 1048576K
}
Event: 4.366 GC heap after
{Heap after GC invocations=16 (full 0):
 garbage-first heap   total 316416K, used 106120K [0x0000000083200000, 0x0000000100000000)
  region size 1024K, 16 young (16384K), 16 survivors (16384K)
 Metaspace       used 25950K, committed 26304K, reserved 1114112K
  class space    used 2394K, committed 2560K, reserved 1048576K
}
Event: 6.738 GC heap before
{Heap before GC invocations=16 (full 0):
 garbage-first heap   total 316416K, used 207496K [0x0000000083200000, 0x0000000100000000)
  region size 1024K, 115 young (117760K), 16 survivors (16384K)
 Metaspace       used 26249K, committed 26688K, reserved 1114112K
  class space    used 2425K, committed 2624K, reserved 1048576K
}
Event: 6.741 GC heap after
{Heap after GC invocations=17 (full 0):
 garbage-first heap   total 316416K, used 106832K [0x0000000083200000, 0x0000000100000000)
  region size 1024K, 1 young (1024K), 1 survivors (1024K)
 Metaspace       used 26249K, committed 26688K, reserved 1114112K
  class space    used 2425K, committed 2624K, reserved 1048576K
}
Event: 9.752 GC heap before
{Heap before GC invocations=17 (full 0):
 garbage-first heap   total 316416K, used 212304K [0x0000000083200000, 0x0000000100000000)
  region size 1024K, 104 young (106496K), 1 survivors (1024K)
 Metaspace       used 26347K, committed 26752K, reserved 1114112K
  class space    used 2428K, committed 2624K, reserved 1048576K
}
Event: 9.753 GC heap after
{Heap after GC invocations=18 (full 0):
 garbage-first heap   total 316416K, used 106812K [0x0000000083200000, 0x0000000100000000)
  region size 1024K, 1 young (1024K), 1 survivors (1024K)
 Metaspace       used 26347K, committed 26752K, reserved 1114112K
  class space    used 2428K, committed 2624K, reserved 1048576K
}
Event: 12.164 GC heap before
{Heap before GC invocations=18 (full 0):
 garbage-first heap   total 316416K, used 221500K [0x0000000083200000, 0x0000000100000000)
  region size 1024K, 113 young (115712K), 1 survivors (1024K)
 Metaspace       used 26573K, committed 27008K, reserved 1114112K
  class space    used 2449K, committed 2624K, reserved 1048576K
}
Event: 12.166 GC heap after
{Heap after GC invocations=19 (full 0):
 garbage-first heap   total 316416K, used 106882K [0x0000000083200000, 0x0000000100000000)
  region size 1024K, 1 young (1024K), 1 survivors (1024K)
 Metaspace       used 26573K, committed 27008K, reserved 1114112K
  class space    used 2449K, committed 2624K, reserved 1048576K
}
Event: 12.912 GC heap before
{Heap before GC invocations=19 (full 0):
 garbage-first heap   total 316416K, used 228738K [0x0000000083200000, 0x0000000100000000)
  region size 1024K, 120 young (122880K), 1 survivors (1024K)
 Metaspace       used 26685K, committed 27072K, reserved 1114112K
  class space    used 2449K, committed 2624K, reserved 1048576K
}
Event: 12.914 GC heap after
{Heap after GC invocations=20 (full 0):
 garbage-first heap   total 316416K, used 106899K [0x0000000083200000, 0x0000000100000000)
  region size 1024K, 1 young (1024K), 1 survivors (1024K)
 Metaspace       used 26685K, committed 27072K, reserved 1114112K
  class space    used 2449K, committed 2624K, reserved 1048576K
}
Event: 13.679 GC heap before
{Heap before GC invocations=20 (full 0):
 garbage-first heap   total 316416K, used 234899K [0x0000000083200000, 0x0000000100000000)
  region size 1024K, 127 young (130048K), 1 survivors (1024K)
 Metaspace       used 26692K, committed 27072K, reserved 1114112K
  class space    used 2449K, committed 2624K, reserved 1048576K
}
Event: 13.681 GC heap after
{Heap after GC invocations=21 (full 0):
 garbage-first heap   total 316416K, used 107689K [0x0000000083200000, 0x0000000100000000)
  region size 1024K, 2 young (2048K), 2 survivors (2048K)
 Metaspace       used 26692K, committed 27072K, reserved 1114112K
  class space    used 2449K, committed 2624K, reserved 1048576K
}
Event: 14.467 GC heap before
{Heap before GC invocations=21 (full 0):
 garbage-first heap   total 316416K, used 245929K [0x0000000083200000, 0x0000000100000000)
  region size 1024K, 137 young (140288K), 2 survivors (2048K)
 Metaspace       used 26720K, committed 27072K, reserved 1114112K
  class space    used 2449K, committed 2624K, reserved 1048576K
}
Event: 14.469 GC heap after
{Heap after GC invocations=22 (full 0):
 garbage-first heap   total 316416K, used 111022K [0x0000000083200000, 0x0000000100000000)
  region size 1024K, 5 young (5120K), 5 survivors (5120K)
 Metaspace       used 26720K, committed 27072K, reserved 1114112K
  class space    used 2449K, committed 2624K, reserved 1048576K
}
Event: 15.374 GC heap before
{Heap before GC invocations=22 (full 0):
 garbage-first heap   total 316416K, used 248238K [0x0000000083200000, 0x0000000100000000)
  region size 1024K, 139 young (142336K), 5 survivors (5120K)
 Metaspace       used 26734K, committed 27072K, reserved 1114112K
  class space    used 2450K, committed 2624K, reserved 1048576K
}

