# JRE version: OpenJDK Runtime Environment Corretto-17.0.11.9.1 (17.0.11+9) (build 17.0.11+9-LTS)
# Java VM: OpenJDK 64-Bit Server VM Corretto-17.0.11.9.1 (17.0.11+9-LTS, mixed mode, sharing, tiered, compressed oops, compressed class ptrs, g1 gc, windows-amd64)
GC Precious Log:
 CPUs: 4 total, 4 available
 Memory: 16327M
 Large Page Support: Disabled
 NUMA Support: Disabled
 Compressed Oops: Enabled (Zero based)
 Heap Region Size: 2M
 Heap Min Capacity: 8M
 Heap Initial Capacity: 256M
 Heap Max Capacity: 4082M
 Pre-touch: Disabled
 Parallel Workers: 4
 Concurrent Workers: 1
 Concurrent Refinement Workers: 4
 Periodic GC: Disabled
Heap:
 garbage-first heap   total 389120K, used 156432K [0x0000000700e00000, 0x0000000800000000)
  region size 2048K, 17 young (34816K), 1 survivors (2048K)
 Metaspace       used 33773K, committed 34176K, reserved 1114112K
  class space    used 3211K, committed 3392K, reserved 1048576K
GC Heap History (20 events):
Event: 8.870 GC heap before
{Heap before GC invocations=20 (full 0):
 garbage-first heap   total 40960K, used 26411K [0x0000000700e00000, 0x0000000800000000)
  region size 2048K, 9 young (18432K), 2 survivors (4096K)
 Metaspace       used 32705K, committed 33024K, reserved 1114112K
  class space    used 3128K, committed 3264K, reserved 1048576K
}
Event: 8.894 GC heap after
{Heap after GC invocations=21 (full 1):
 garbage-first heap   total 40960K, used 15967K [0x0000000700e00000, 0x0000000800000000)
  region size 2048K, 0 young (0K), 0 survivors (0K)
 Metaspace       used 32705K, committed 33024K, reserved 1114112K
  class space    used 3128K, committed 3264K, reserved 1048576K
}
Event: 8.942 GC heap before
{Heap before GC invocations=21 (full 1):
 garbage-first heap   total 40960K, used 28255K [0x0000000700e00000, 0x0000000800000000)
  region size 2048K, 7 young (14336K), 0 survivors (0K)
 Metaspace       used 32896K, committed 33152K, reserved 1114112K
  class space    used 3148K, committed 3264K, reserved 1048576K
}
Event: 8.946 GC heap after
{Heap after GC invocations=22 (full 1):
 garbage-first heap   total 47104K, used 29152K [0x0000000700e00000, 0x0000000800000000)
  region size 2048K, 1 young (2048K), 1 survivors (2048K)
 Metaspace       used 32896K, committed 33152K, reserved 1114112K
  class space    used 3148K, committed 3264K, reserved 1048576K
}
Event: 9.007 GC heap before
{Heap before GC invocations=22 (full 1):
 garbage-first heap   total 47104K, used 31200K [0x0000000700e00000, 0x0000000800000000)
  region size 2048K, 2 young (4096K), 1 survivors (2048K)
 Metaspace       used 32935K, committed 33216K, reserved 1114112K
  class space    used 3151K, committed 3264K, reserved 1048576K
}
Event: 9.009 GC heap after
{Heap after GC invocations=23 (full 1):
 garbage-first heap   total 47104K, used 29922K [0x0000000700e00000, 0x0000000800000000)
  region size 2048K, 1 young (2048K), 1 survivors (2048K)
 Metaspace       used 32935K, committed 33216K, reserved 1114112K
  class space    used 3151K, committed 3264K, reserved 1048576K
}
Event: 9.030 GC heap before
{Heap before GC invocations=23 (full 1):
 garbage-first heap   total 47104K, used 31970K [0x0000000700e00000, 0x0000000800000000)
  region size 2048K, 2 young (4096K), 1 survivors (2048K)
 Metaspace       used 32949K, committed 33280K, reserved 1114112K
  class space    used 3151K, committed 3264K, reserved 1048576K
}
Event: 9.032 GC heap after
{Heap after GC invocations=24 (full 1):
 garbage-first heap   total 47104K, used 31194K [0x0000000700e00000, 0x0000000800000000)
  region size 2048K, 1 young (2048K), 1 survivors (2048K)
 Metaspace       used 32949K, committed 33280K, reserved 1114112K
  class space    used 3151K, committed 3264K, reserved 1048576K
}
Event: 9.047 GC heap before
{Heap before GC invocations=24 (full 1):
 garbage-first heap   total 61440K, used 31194K [0x0000000700e00000, 0x0000000800000000)
  region size 2048K, 2 young (4096K), 1 survivors (2048K)
 Metaspace       used 32950K, committed 33280K, reserved 1114112K
  class space    used 3151K, committed 3264K, reserved 1048576K
}
Event: 9.049 GC heap after
{Heap after GC invocations=25 (full 1):
 garbage-first heap   total 161792K, used 31048K [0x0000000700e00000, 0x0000000800000000)
  region size 2048K, 1 young (2048K), 1 survivors (2048K)
 Metaspace       used 32950K, committed 33280K, reserved 1114112K
  class space    used 3151K, committed 3264K, reserved 1048576K
}
Event: 9.197 GC heap before
{Heap before GC invocations=26 (full 1):
 garbage-first heap   total 161792K, used 88392K [0x0000000700e00000, 0x0000000800000000)
  region size 2048K, 30 young (61440K), 1 survivors (2048K)
 Metaspace       used 33048K, committed 33344K, reserved 1114112K
  class space    used 3151K, committed 3264K, reserved 1048576K
}
Event: 9.209 GC heap after
{Heap after GC invocations=27 (full 1):
 garbage-first heap   total 161792K, used 80797K [0x0000000700e00000, 0x0000000800000000)
  region size 2048K, 4 young (8192K), 4 survivors (8192K)
 Metaspace       used 33048K, committed 33344K, reserved 1114112K
  class space    used 3151K, committed 3264K, reserved 1048576K
}
Event: 9.236 GC heap before
{Heap before GC invocations=27 (full 1):
 garbage-first heap   total 161792K, used 103325K [0x0000000700e00000, 0x0000000800000000)
  region size 2048K, 16 young (32768K), 4 survivors (8192K)
 Metaspace       used 33061K, committed 33344K, reserved 1114112K
  class space    used 3151K, committed 3264K, reserved 1048576K
}
Event: 9.243 GC heap after
{Heap after GC invocations=28 (full 1):
 garbage-first heap   total 161792K, used 104876K [0x0000000700e00000, 0x0000000800000000)
  region size 2048K, 2 young (4096K), 2 survivors (4096K)
 Metaspace       used 33061K, committed 33344K, reserved 1114112K
  class space    used 3151K, committed 3264K, reserved 1048576K
}
Event: 9.252 GC heap before
{Heap before GC invocations=28 (full 1):
 garbage-first heap   total 161792K, used 113068K [0x0000000700e00000, 0x0000000800000000)
  region size 2048K, 7 young (14336K), 2 survivors (4096K)
 Metaspace       used 33061K, committed 33344K, reserved 1114112K
  class space    used 3151K, committed 3264K, reserved 1048576K
}
Event: 9.254 GC heap after
{Heap after GC invocations=29 (full 1):
 garbage-first heap   total 161792K, used 114896K [0x0000000700e00000, 0x0000000800000000)
  region size 2048K, 1 young (2048K), 1 survivors (2048K)
 Metaspace       used 33061K, committed 33344K, reserved 1114112K
  class space    used 3151K, committed 3264K, reserved 1048576K
}
Event: 9.258 GC heap before
{Heap before GC invocations=29 (full 1):
 garbage-first heap   total 161792K, used 121040K [0x0000000700e00000, 0x0000000800000000)
  region size 2048K, 4 young (8192K), 1 survivors (2048K)
 Metaspace       used 33061K, committed 33344K, reserved 1114112K
  class space    used 3151K, committed 3264K, reserved 1048576K
}
Event: 9.260 GC heap after
{Heap after GC invocations=30 (full 1):
 garbage-first heap   total 161792K, used 121613K [0x0000000700e00000, 0x0000000800000000)
  region size 2048K, 1 young (2048K), 1 survivors (2048K)
 Metaspace       used 33061K, committed 33344K, reserved 1114112K
  class space    used 3151K, committed 3264K, reserved 1048576K
}
Event: 9.264 GC heap before
{Heap before GC invocations=30 (full 1):
 garbage-first heap   total 161792K, used 123661K [0x0000000700e00000, 0x0000000800000000)
  region size 2048K, 3 young (6144K), 1 survivors (2048K)
 Metaspace       used 33062K, committed 33344K, reserved 1114112K
  class space    used 3151K, committed 3264K, reserved 1048576K
}
Event: 9.266 GC heap after
{Heap after GC invocations=31 (full 1):
 garbage-first heap   total 389120K, used 125712K [0x0000000700e00000, 0x0000000800000000)
  region size 2048K, 1 young (2048K), 1 survivors (2048K)
 Metaspace       used 33062K, committed 33344K, reserved 1114112K
  class space    used 3151K, committed 3264K, reserved 1048576K
}

