# JRE version: OpenJDK Runtime Environment Corretto-17.0.12.7.1 (17.0.12+7) (build 17.0.12+7-LTS)
# Java VM: OpenJDK 64-Bit Server VM Corretto-17.0.12.7.1 (17.0.12+7-LTS, mixed mode, sharing, tiered, compressed oops, compressed class ptrs, g1 gc, windows-amd64)
GC Precious Log:
 CPUs: 16 total, 16 available
 Memory: 15695M
 Large Page Support: Disabled
 NUMA Support: Disabled
 Compressed Oops: Enabled (Zero based)
 Heap Region Size: 2M
 Heap Min Capacity: 8M
 Heap Initial Capacity: 246M
 Heap Max Capacity: 3924M
 Pre-touch: Disabled
 Parallel Workers: 13
 Concurrent Workers: 3
 Concurrent Refinement Workers: 13
 Periodic GC: Disabled
Heap:
 garbage-first heap   total 294912K, used 163840K [0x000000070ac00000, 0x0000000800000000)
  region size 2048K, 18 young (36864K), 6 survivors (12288K)
 Metaspace       used 26651K, committed 27072K, reserved 1114112K
  class space    used 2439K, committed 2624K, reserved 1048576K
GC Heap History (20 events):
Event: 3.464 GC heap before
{Heap before GC invocations=2 (full 0):
 garbage-first heap   total 251904K, used 92265K [0x000000070ac00000, 0x0000000800000000)
  region size 2048K, 44 young (90112K), 1 survivors (2048K)
 Metaspace       used 21257K, committed 21504K, reserved 1114112K
  class space    used 1844K, committed 1984K, reserved 1048576K
}
Event: 3.468 GC heap after
{Heap after GC invocations=3 (full 0):
 garbage-first heap   total 251904K, used 8693K [0x000000070ac00000, 0x0000000800000000)
  region size 2048K, 2 young (4096K), 2 survivors (4096K)
 Metaspace       used 21257K, committed 21504K, reserved 1114112K
  class space    used 1844K, committed 1984K, reserved 1048576K
}
Event: 4.013 GC heap before
{Heap before GC invocations=4 (full 0):
 garbage-first heap   total 40960K, used 27125K [0x000000070ac00000, 0x0000000800000000)
  region size 2048K, 12 young (24576K), 2 survivors (4096K)
 Metaspace       used 25986K, committed 26304K, reserved 1114112K
  class space    used 2395K, committed 2560K, reserved 1048576K
}
Event: 4.019 GC heap after
{Heap after GC invocations=5 (full 0):
 garbage-first heap   total 43008K, used 15877K [0x000000070ac00000, 0x0000000800000000)
  region size 2048K, 2 young (4096K), 2 survivors (4096K)
 Metaspace       used 25986K, committed 26304K, reserved 1114112K
  class space    used 2395K, committed 2560K, reserved 1048576K
}
Event: 4.022 GC heap before
{Heap before GC invocations=5 (full 0):
 garbage-first heap   total 43008K, used 15877K [0x000000070ac00000, 0x0000000800000000)
  region size 2048K, 3 young (6144K), 2 survivors (4096K)
 Metaspace       used 25990K, committed 26368K, reserved 1114112K
  class space    used 2395K, committed 2560K, reserved 1048576K
}
Event: 4.026 GC heap after
{Heap after GC invocations=6 (full 0):
 garbage-first heap   total 43008K, used 17906K [0x000000070ac00000, 0x0000000800000000)
  region size 2048K, 1 young (2048K), 1 survivors (2048K)
 Metaspace       used 25990K, committed 26368K, reserved 1114112K
  class space    used 2395K, committed 2560K, reserved 1048576K
}
Event: 4.036 GC heap before
{Heap before GC invocations=6 (full 0):
 garbage-first heap   total 43008K, used 24050K [0x000000070ac00000, 0x0000000800000000)
  region size 2048K, 5 young (10240K), 1 survivors (2048K)
 Metaspace       used 26001K, committed 26368K, reserved 1114112K
  class space    used 2395K, committed 2560K, reserved 1048576K
}
Event: 4.038 GC heap after
{Heap after GC invocations=7 (full 0):
 garbage-first heap   total 43008K, used 26416K [0x000000070ac00000, 0x0000000800000000)
  region size 2048K, 1 young (2048K), 1 survivors (2048K)
 Metaspace       used 26001K, committed 26368K, reserved 1114112K
  class space    used 2395K, committed 2560K, reserved 1048576K
}
Event: 4.040 GC heap before
{Heap before GC invocations=7 (full 0):
 garbage-first heap   total 43008K, used 26416K [0x000000070ac00000, 0x0000000800000000)
  region size 2048K, 2 young (4096K), 1 survivors (2048K)
 Metaspace       used 26001K, committed 26368K, reserved 1114112K
  class space    used 2395K, committed 2560K, reserved 1048576K
}
Event: 4.042 GC heap after
{Heap after GC invocations=8 (full 0):
 garbage-first heap   total 147456K, used 29306K [0x000000070ac00000, 0x0000000800000000)
  region size 2048K, 1 young (2048K), 1 survivors (2048K)
 Metaspace       used 26001K, committed 26368K, reserved 1114112K
  class space    used 2395K, committed 2560K, reserved 1048576K
}
Event: 4.088 GC heap before
{Heap before GC invocations=9 (full 0):
 garbage-first heap   total 122880K, used 62074K [0x000000070ac00000, 0x0000000800000000)
  region size 2048K, 18 young (36864K), 1 survivors (2048K)
 Metaspace       used 26102K, committed 26432K, reserved 1114112K
  class space    used 2398K, committed 2560K, reserved 1048576K
}
Event: 4.100 GC heap after
{Heap after GC invocations=10 (full 0):
 garbage-first heap   total 122880K, used 63276K [0x000000070ac00000, 0x0000000800000000)
  region size 2048K, 3 young (6144K), 3 survivors (6144K)
 Metaspace       used 26102K, committed 26432K, reserved 1114112K
  class space    used 2398K, committed 2560K, reserved 1048576K
}
Event: 4.102 GC heap before
{Heap before GC invocations=10 (full 0):
 garbage-first heap   total 122880K, used 63276K [0x000000070ac00000, 0x0000000800000000)
  region size 2048K, 4 young (8192K), 3 survivors (6144K)
 Metaspace       used 26135K, committed 26496K, reserved 1114112K
  class space    used 2400K, committed 2560K, reserved 1048576K
}
Event: 4.106 GC heap after
{Heap after GC invocations=11 (full 0):
 garbage-first heap   total 122880K, used 65398K [0x000000070ac00000, 0x0000000800000000)
  region size 2048K, 1 young (2048K), 1 survivors (2048K)
 Metaspace       used 26135K, committed 26496K, reserved 1114112K
  class space    used 2400K, committed 2560K, reserved 1048576K
}
Event: 4.113 GC heap before
{Heap before GC invocations=11 (full 0):
 garbage-first heap   total 122880K, used 75638K [0x000000070ac00000, 0x0000000800000000)
  region size 2048K, 7 young (14336K), 1 survivors (2048K)
 Metaspace       used 26144K, committed 26496K, reserved 1114112K
  class space    used 2400K, committed 2560K, reserved 1048576K
}
Event: 4.116 GC heap after
{Heap after GC invocations=12 (full 0):
 garbage-first heap   total 122880K, used 75128K [0x000000070ac00000, 0x0000000800000000)
  region size 2048K, 1 young (2048K), 1 survivors (2048K)
 Metaspace       used 26144K, committed 26496K, reserved 1114112K
  class space    used 2400K, committed 2560K, reserved 1048576K
}
Event: 4.124 GC heap before
{Heap before GC invocations=12 (full 0):
 garbage-first heap   total 122880K, used 83320K [0x000000070ac00000, 0x0000000800000000)
  region size 2048K, 6 young (12288K), 1 survivors (2048K)
 Metaspace       used 26144K, committed 26496K, reserved 1114112K
  class space    used 2400K, committed 2560K, reserved 1048576K
}
Event: 4.143 GC heap after
{Heap after GC invocations=13 (full 0):
 garbage-first heap   total 368640K, used 83968K [0x000000070ac00000, 0x0000000800000000)
  region size 2048K, 1 young (2048K), 1 survivors (2048K)
 Metaspace       used 26144K, committed 26496K, reserved 1114112K
  class space    used 2400K, committed 2560K, reserved 1048576K
}
Event: 5.315 GC heap before
{Heap before GC invocations=14 (full 0):
 garbage-first heap   total 294912K, used 167936K [0x000000070ac00000, 0x0000000800000000)
  region size 2048K, 43 young (88064K), 1 survivors (2048K)
 Metaspace       used 26287K, committed 26624K, reserved 1114112K
  class space    used 2405K, committed 2560K, reserved 1048576K
}
Event: 5.327 GC heap after
{Heap after GC invocations=15 (full 0):
 garbage-first heap   total 294912K, used 141312K [0x000000070ac00000, 0x0000000800000000)
  region size 2048K, 6 young (12288K), 6 survivors (12288K)
 Metaspace       used 26287K, committed 26624K, reserved 1114112K
  class space    used 2405K, committed 2560K, reserved 1048576K
}

