# JRE version: OpenJDK Runtime Environment Corretto-17.0.13.11.1 (17.0.13+11) (build 17.0.13+11-LTS)
# Java VM: OpenJDK 64-Bit Server VM Corretto-17.0.13.11.1 (17.0.13+11-LTS, mixed mode, sharing, tiered, compressed oops, compressed class ptrs, g1 gc, windows-amd64)
GC Precious Log:
 CPUs: 6 total, 6 available
 Memory: 7987M
 Large Page Support: Disabled
 NUMA Support: Disabled
 Compressed Oops: Enabled (32-bit)
 Heap Region Size: 1M
 Heap Min Capacity: 8M
 Heap Initial Capacity: 126M
 Heap Max Capacity: 1998M
 Pre-touch: Disabled
 Parallel Workers: 6
 Concurrent Workers: 2
 Concurrent Refinement Workers: 6
 Periodic GC: Disabled
Heap:
 garbage-first heap   total 331776K, used 151004K [0x0000000083200000, 0x0000000100000000)
  region size 1024K, 43 young (44032K), 2 survivors (2048K)
 Metaspace       used 33426K, committed 33920K, reserved 1114112K
  class space    used 3222K, committed 3456K, reserved 1048576K
GC Heap History (20 events):
Event: 3.867 GC heap before
{Heap before GC invocations=10 (full 0):
 garbage-first heap   total 64512K, used 46147K [0x0000000083200000, 0x0000000100000000)
  region size 1024K, 37 young (37888K), 3 survivors (3072K)
 Metaspace       used 28088K, committed 28480K, reserved 1114112K
  class space    used 2613K, committed 2816K, reserved 1048576K
}
Event: 3.872 GC heap after
{Heap after GC invocations=11 (full 0):
 garbage-first heap   total 64512K, used 14264K [0x0000000083200000, 0x0000000100000000)
  region size 1024K, 5 young (5120K), 5 survivors (5120K)
 Metaspace       used 28088K, committed 28480K, reserved 1114112K
  class space    used 2613K, committed 2816K, reserved 1048576K
}
Event: 4.147 GC heap before
{Heap before GC invocations=11 (full 0):
 garbage-first heap   total 64512K, used 19384K [0x0000000083200000, 0x0000000100000000)
  region size 1024K, 11 young (11264K), 5 survivors (5120K)
 Metaspace       used 32088K, committed 32448K, reserved 1114112K
  class space    used 3099K, committed 3264K, reserved 1048576K
}
Event: 4.165 GC heap after
{Heap after GC invocations=12 (full 1):
 garbage-first heap   total 51200K, used 14572K [0x0000000083200000, 0x0000000100000000)
  region size 1024K, 0 young (0K), 0 survivors (0K)
 Metaspace       used 32088K, committed 32448K, reserved 1114112K
  class space    used 3099K, committed 3264K, reserved 1048576K
}
Event: 4.230 GC heap before
{Heap before GC invocations=12 (full 1):
 garbage-first heap   total 51200K, used 38124K [0x0000000083200000, 0x0000000100000000)
  region size 1024K, 24 young (24576K), 0 survivors (0K)
 Metaspace       used 32261K, committed 32640K, reserved 1114112K
  class space    used 3115K, committed 3264K, reserved 1048576K
}
Event: 4.235 GC heap after
{Heap after GC invocations=13 (full 1):
 garbage-first heap   total 62464K, used 36352K [0x0000000083200000, 0x0000000100000000)
  region size 1024K, 3 young (3072K), 3 survivors (3072K)
 Metaspace       used 32261K, committed 32640K, reserved 1114112K
  class space    used 3115K, committed 3264K, reserved 1048576K
}
Event: 4.242 GC heap before
{Heap before GC invocations=13 (full 1):
 garbage-first heap   total 62464K, used 42496K [0x0000000083200000, 0x0000000100000000)
  region size 1024K, 10 young (10240K), 3 survivors (3072K)
 Metaspace       used 32286K, committed 32640K, reserved 1114112K
  class space    used 3115K, committed 3264K, reserved 1048576K
}
Event: 4.246 GC heap after
{Heap after GC invocations=14 (full 1):
 garbage-first heap   total 62464K, used 43197K [0x0000000083200000, 0x0000000100000000)
  region size 1024K, 2 young (2048K), 2 survivors (2048K)
 Metaspace       used 32286K, committed 32640K, reserved 1114112K
  class space    used 3115K, committed 3264K, reserved 1048576K
}
Event: 4.250 GC heap before
{Heap before GC invocations=14 (full 1):
 garbage-first heap   total 62464K, used 45245K [0x0000000083200000, 0x0000000100000000)
  region size 1024K, 5 young (5120K), 2 survivors (2048K)
 Metaspace       used 32291K, committed 32640K, reserved 1114112K
  class space    used 3115K, committed 3264K, reserved 1048576K
}
Event: 4.251 GC heap after
{Heap after GC invocations=15 (full 1):
 garbage-first heap   total 125952K, used 46252K [0x0000000083200000, 0x0000000100000000)
  region size 1024K, 1 young (1024K), 1 survivors (1024K)
 Metaspace       used 32291K, committed 32640K, reserved 1114112K
  class space    used 3115K, committed 3264K, reserved 1048576K
}
Event: 4.295 GC heap before
{Heap before GC invocations=16 (full 1):
 garbage-first heap   total 125952K, used 71852K [0x0000000083200000, 0x0000000100000000)
  region size 1024K, 27 young (27648K), 1 survivors (1024K)
 Metaspace       used 32388K, committed 32768K, reserved 1114112K
  class space    used 3120K, committed 3264K, reserved 1048576K
}
Event: 4.299 GC heap after
{Heap after GC invocations=17 (full 1):
 garbage-first heap   total 125952K, used 69551K [0x0000000083200000, 0x0000000100000000)
  region size 1024K, 4 young (4096K), 4 survivors (4096K)
 Metaspace       used 32388K, committed 32768K, reserved 1114112K
  class space    used 3120K, committed 3264K, reserved 1048576K
}
Event: 4.311 GC heap before
{Heap before GC invocations=17 (full 1):
 garbage-first heap   total 125952K, used 82863K [0x0000000083200000, 0x0000000100000000)
  region size 1024K, 18 young (18432K), 4 survivors (4096K)
 Metaspace       used 32396K, committed 32768K, reserved 1114112K
  class space    used 3120K, committed 3264K, reserved 1048576K
}
Event: 4.315 GC heap after
{Heap after GC invocations=18 (full 1):
 garbage-first heap   total 125952K, used 82363K [0x0000000083200000, 0x0000000100000000)
  region size 1024K, 3 young (3072K), 3 survivors (3072K)
 Metaspace       used 32396K, committed 32768K, reserved 1114112K
  class space    used 3120K, committed 3264K, reserved 1048576K
}
Event: 4.322 GC heap before
{Heap before GC invocations=18 (full 1):
 garbage-first heap   total 125952K, used 89531K [0x0000000083200000, 0x0000000100000000)
  region size 1024K, 11 young (11264K), 3 survivors (3072K)
 Metaspace       used 32401K, committed 32768K, reserved 1114112K
  class space    used 3120K, committed 3264K, reserved 1048576K
}
Event: 4.324 GC heap after
{Heap after GC invocations=19 (full 1):
 garbage-first heap   total 125952K, used 90518K [0x0000000083200000, 0x0000000100000000)
  region size 1024K, 2 young (2048K), 2 survivors (2048K)
 Metaspace       used 32401K, committed 32768K, reserved 1114112K
  class space    used 3120K, committed 3264K, reserved 1048576K
}
Event: 4.334 GC heap before
{Heap before GC invocations=19 (full 1):
 garbage-first heap   total 160768K, used 94614K [0x0000000083200000, 0x0000000100000000)
  region size 1024K, 7 young (7168K), 2 survivors (2048K)
 Metaspace       used 32401K, committed 32768K, reserved 1114112K
  class space    used 3120K, committed 3264K, reserved 1048576K
}
Event: 4.336 GC heap after
{Heap after GC invocations=20 (full 1):
 garbage-first heap   total 160768K, used 95676K [0x0000000083200000, 0x0000000100000000)
  region size 1024K, 1 young (1024K), 1 survivors (1024K)
 Metaspace       used 32401K, committed 32768K, reserved 1114112K
  class space    used 3120K, committed 3264K, reserved 1048576K
}
Event: 4.356 GC heap before
{Heap before GC invocations=21 (full 1):
 garbage-first heap   total 160768K, used 110012K [0x0000000083200000, 0x0000000100000000)
  region size 1024K, 16 young (16384K), 1 survivors (1024K)
 Metaspace       used 32410K, committed 32768K, reserved 1114112K
  class space    used 3120K, committed 3264K, reserved 1048576K
}
Event: 4.360 GC heap after
{Heap after GC invocations=22 (full 1):
 garbage-first heap   total 331776K, used 111068K [0x0000000083200000, 0x0000000100000000)
  region size 1024K, 2 young (2048K), 2 survivors (2048K)
 Metaspace       used 32410K, committed 32768K, reserved 1114112K
  class space    used 3120K, committed 3264K, reserved 1048576K
}

