# JRE version: OpenJDK Runtime Environment Corretto-17.0.11.9.1 (17.0.11+9) (build 17.0.11+9-LTS)
# Java VM: OpenJDK 64-Bit Server VM Corretto-17.0.11.9.1 (17.0.11+9-LTS, mixed mode, sharing, tiered, compressed oops, compressed class ptrs, g1 gc, windows-amd64)
GC Precious Log:
 CPUs: 16 total, 16 available
 Memory: 15695M
 Large Page Support: Disabled
 NUMA Support: Disabled
 Compressed Oops: Enabled (Zero based)
 Heap Region Size: 2M
 Heap Min Capacity: 8M
 Heap Initial Capacity: 246M
 Heap Max Capacity: 3924M
 Pre-touch: Disabled
 Parallel Workers: 13
 Concurrent Workers: 3
 Concurrent Refinement Workers: 13
 Periodic GC: Disabled
Heap:
 garbage-first heap   total 172032K, used 101296K [0x000000070ac00000, 0x0000000800000000)
  region size 2048K, 4 young (8192K), 1 survivors (2048K)
 Metaspace       used 27180K, committed 27648K, reserved 1114112K
  class space    used 2456K, committed 2688K, reserved 1048576K
GC Heap History (20 events):
Event: 52.095 GC heap before
{Heap before GC invocations=7 (full 0):
 garbage-first heap   total 40960K, used 24704K [0x000000070ac00000, 0x0000000800000000)
  region size 2048K, 3 young (6144K), 1 survivors (2048K)
 Metaspace       used 26265K, committed 26624K, reserved 1114112K
  class space    used 2396K, committed 2560K, reserved 1048576K
}
Event: 52.097 GC heap after
{Heap after GC invocations=8 (full 0):
 garbage-first heap   total 40960K, used 26836K [0x000000070ac00000, 0x0000000800000000)
  region size 2048K, 1 young (2048K), 1 survivors (2048K)
 Metaspace       used 26265K, committed 26624K, reserved 1114112K
  class space    used 2396K, committed 2560K, reserved 1048576K
}
Event: 52.113 GC heap before
{Heap before GC invocations=8 (full 0):
 garbage-first heap   total 40960K, used 26836K [0x000000070ac00000, 0x0000000800000000)
  region size 2048K, 2 young (4096K), 1 survivors (2048K)
 Metaspace       used 26270K, committed 26624K, reserved 1114112K
  class space    used 2396K, committed 2560K, reserved 1048576K
}
Event: 52.119 GC heap after
{Heap after GC invocations=9 (full 0):
 garbage-first heap   total 40960K, used 28873K [0x000000070ac00000, 0x0000000800000000)
  region size 2048K, 1 young (2048K), 1 survivors (2048K)
 Metaspace       used 26270K, committed 26624K, reserved 1114112K
  class space    used 2396K, committed 2560K, reserved 1048576K
}
Event: 52.131 GC heap before
{Heap before GC invocations=9 (full 0):
 garbage-first heap   total 55296K, used 28873K [0x000000070ac00000, 0x0000000800000000)
  region size 2048K, 2 young (4096K), 1 survivors (2048K)
 Metaspace       used 26277K, committed 26624K, reserved 1114112K
  class space    used 2396K, committed 2560K, reserved 1048576K
}
Event: 52.133 GC heap after
{Heap after GC invocations=10 (full 0):
 garbage-first heap   total 55296K, used 30839K [0x000000070ac00000, 0x0000000800000000)
  region size 2048K, 1 young (2048K), 1 survivors (2048K)
 Metaspace       used 26277K, committed 26624K, reserved 1114112K
  class space    used 2396K, committed 2560K, reserved 1048576K
}
Event: 52.144 GC heap before
{Heap before GC invocations=11 (full 0):
 garbage-first heap   total 55296K, used 32887K [0x000000070ac00000, 0x0000000800000000)
  region size 2048K, 3 young (6144K), 1 survivors (2048K)
 Metaspace       used 26306K, committed 26624K, reserved 1114112K
  class space    used 2399K, committed 2560K, reserved 1048576K
}
Event: 52.147 GC heap after
{Heap after GC invocations=12 (full 0):
 garbage-first heap   total 153600K, used 34770K [0x000000070ac00000, 0x0000000800000000)
  region size 2048K, 1 young (2048K), 1 survivors (2048K)
 Metaspace       used 26306K, committed 26624K, reserved 1114112K
  class space    used 2399K, committed 2560K, reserved 1048576K
}
Event: 52.237 GC heap before
{Heap before GC invocations=12 (full 0):
 garbage-first heap   total 153600K, used 67538K [0x000000070ac00000, 0x0000000800000000)
  region size 2048K, 18 young (36864K), 1 survivors (2048K)
 Metaspace       used 26364K, committed 26752K, reserved 1114112K
  class space    used 2401K, committed 2560K, reserved 1048576K
}
Event: 52.251 GC heap after
{Heap after GC invocations=13 (full 0):
 garbage-first heap   total 153600K, used 63048K [0x000000070ac00000, 0x0000000800000000)
  region size 2048K, 3 young (6144K), 3 survivors (6144K)
 Metaspace       used 26364K, committed 26752K, reserved 1114112K
  class space    used 2401K, committed 2560K, reserved 1048576K
}
Event: 52.287 GC heap before
{Heap before GC invocations=13 (full 0):
 garbage-first heap   total 153600K, used 83528K [0x000000070ac00000, 0x0000000800000000)
  region size 2048K, 14 young (28672K), 3 survivors (6144K)
 Metaspace       used 26396K, committed 26752K, reserved 1114112K
  class space    used 2401K, committed 2560K, reserved 1048576K
}
Event: 52.297 GC heap after
{Heap after GC invocations=14 (full 0):
 garbage-first heap   total 153600K, used 84289K [0x000000070ac00000, 0x0000000800000000)
  region size 2048K, 2 young (4096K), 2 survivors (4096K)
 Metaspace       used 26396K, committed 26752K, reserved 1114112K
  class space    used 2401K, committed 2560K, reserved 1048576K
}
Event: 52.312 GC heap before
{Heap before GC invocations=14 (full 0):
 garbage-first heap   total 153600K, used 96577K [0x000000070ac00000, 0x0000000800000000)
  region size 2048K, 9 young (18432K), 2 survivors (4096K)
 Metaspace       used 26396K, committed 26752K, reserved 1114112K
  class space    used 2401K, committed 2560K, reserved 1048576K
}
Event: 52.321 GC heap after
{Heap after GC invocations=15 (full 0):
 garbage-first heap   total 153600K, used 97626K [0x000000070ac00000, 0x0000000800000000)
  region size 2048K, 2 young (4096K), 2 survivors (4096K)
 Metaspace       used 26396K, committed 26752K, reserved 1114112K
  class space    used 2401K, committed 2560K, reserved 1048576K
}
Event: 52.970 GC heap before
{Heap before GC invocations=16 (full 0):
 garbage-first heap   total 172032K, used 105818K [0x000000070ac00000, 0x0000000800000000)
  region size 2048K, 7 young (14336K), 2 survivors (4096K)
 Metaspace       used 26494K, committed 26880K, reserved 1114112K
  class space    used 2405K, committed 2560K, reserved 1048576K
}
Event: 52.974 GC heap after
{Heap after GC invocations=17 (full 0):
 garbage-first heap   total 172032K, used 97785K [0x000000070ac00000, 0x0000000800000000)
  region size 2048K, 1 young (2048K), 1 survivors (2048K)
 Metaspace       used 26494K, committed 26880K, reserved 1114112K
  class space    used 2405K, committed 2560K, reserved 1048576K
}
Event: 53.797 GC heap before
{Heap before GC invocations=17 (full 0):
 garbage-first heap   total 172032K, used 103929K [0x000000070ac00000, 0x0000000800000000)
  region size 2048K, 4 young (8192K), 1 survivors (2048K)
 Metaspace       used 26496K, committed 26880K, reserved 1114112K
  class space    used 2405K, committed 2560K, reserved 1048576K
}
Event: 53.799 GC heap after
{Heap after GC invocations=18 (full 0):
 garbage-first heap   total 172032K, used 97111K [0x000000070ac00000, 0x0000000800000000)
  region size 2048K, 1 young (2048K), 1 survivors (2048K)
 Metaspace       used 26496K, committed 26880K, reserved 1114112K
  class space    used 2405K, committed 2560K, reserved 1048576K
}
Event: 61.958 GC heap before
{Heap before GC invocations=18 (full 0):
 garbage-first heap   total 172032K, used 115543K [0x000000070ac00000, 0x0000000800000000)
  region size 2048K, 10 young (20480K), 1 survivors (2048K)
 Metaspace       used 26939K, committed 27328K, reserved 1114112K
  class space    used 2436K, committed 2624K, reserved 1048576K
}
Event: 61.960 GC heap after
{Heap after GC invocations=19 (full 0):
 garbage-first heap   total 172032K, used 97200K [0x000000070ac00000, 0x0000000800000000)
  region size 2048K, 1 young (2048K), 1 survivors (2048K)
 Metaspace       used 26939K, committed 27328K, reserved 1114112K
  class space    used 2436K, committed 2624K, reserved 1048576K
}

