# JRE version: OpenJDK Runtime Environment Corretto-17.0.11.9.1 (17.0.11+9) (build 17.0.11+9-LTS)
# Java VM: OpenJDK 64-Bit Server VM Corretto-17.0.11.9.1 (17.0.11+9-LTS, mixed mode, sharing, tiered, compressed oops, compressed class ptrs, g1 gc, windows-amd64)
GC Precious Log:
 CPUs: 16 total, 16 available
 Memory: 15695M
 Large Page Support: Disabled
 NUMA Support: Disabled
 Compressed Oops: Enabled (Zero based)
 Heap Region Size: 2M
 Heap Min Capacity: 8M
 Heap Initial Capacity: 246M
 Heap Max Capacity: 3924M
 Pre-touch: Disabled
 Parallel Workers: 13
 Concurrent Workers: 3
 Concurrent Refinement Workers: 13
 Periodic GC: Disabled
Heap:
 garbage-first heap   total 55296K, used 24754K [0x000000070ac00000, 0x0000000800000000)
  region size 2048K, 8 young (16384K), 2 survivors (4096K)
 Metaspace       used 22441K, committed 22784K, reserved 1114112K
  class space    used 1932K, committed 2112K, reserved 1048576K
GC Heap History (14 events):
Event: 0.799 GC heap before
{Heap before GC invocations=0 (full 0):
 garbage-first heap   total 251904K, used 20480K [0x000000070ac00000, 0x0000000800000000)
  region size 2048K, 11 young (22528K), 0 survivors (0K)
 Metaspace       used 12668K, committed 12928K, reserved 1114112K
  class space    used 1293K, committed 1408K, reserved 1048576K
}
Event: 0.805 GC heap after
{Heap after GC invocations=1 (full 0):
 garbage-first heap   total 251904K, used 4740K [0x000000070ac00000, 0x0000000800000000)
  region size 2048K, 2 young (4096K), 2 survivors (4096K)
 Metaspace       used 12668K, committed 12928K, reserved 1114112K
  class space    used 1293K, committed 1408K, reserved 1048576K
}
Event: 1.431 GC heap before
{Heap before GC invocations=1 (full 0):
 garbage-first heap   total 251904K, used 33412K [0x000000070ac00000, 0x0000000800000000)
  region size 2048K, 16 young (32768K), 2 survivors (4096K)
 Metaspace       used 17538K, committed 17728K, reserved 1114112K
  class space    used 1578K, committed 1664K, reserved 1048576K
}
Event: 1.435 GC heap after
{Heap after GC invocations=2 (full 0):
 garbage-first heap   total 251904K, used 6210K [0x000000070ac00000, 0x0000000800000000)
  region size 2048K, 1 young (2048K), 1 survivors (2048K)
 Metaspace       used 17538K, committed 17728K, reserved 1114112K
  class space    used 1578K, committed 1664K, reserved 1048576K
}
Event: 3.349 GC heap before
{Heap before GC invocations=2 (full 0):
 garbage-first heap   total 251904K, used 92226K [0x000000070ac00000, 0x0000000800000000)
  region size 2048K, 44 young (90112K), 1 survivors (2048K)
 Metaspace       used 21196K, committed 21504K, reserved 1114112K
  class space    used 1857K, committed 2048K, reserved 1048576K
}
Event: 3.357 GC heap after
{Heap after GC invocations=3 (full 0):
 garbage-first heap   total 251904K, used 10903K [0x000000070ac00000, 0x0000000800000000)
  region size 2048K, 4 young (8192K), 4 survivors (8192K)
 Metaspace       used 21196K, committed 21504K, reserved 1114112K
  class space    used 1857K, committed 2048K, reserved 1048576K
}
Event: 4.938 GC heap before
{Heap before GC invocations=4 (full 0):
 garbage-first heap   total 55296K, used 33431K [0x000000070ac00000, 0x0000000800000000)
  region size 2048K, 16 young (32768K), 4 survivors (8192K)
 Metaspace       used 21303K, committed 21632K, reserved 1114112K
  class space    used 1861K, committed 2048K, reserved 1048576K
}
Event: 4.945 GC heap after
{Heap after GC invocations=5 (full 0):
 garbage-first heap   total 55296K, used 12891K [0x000000070ac00000, 0x0000000800000000)
  region size 2048K, 2 young (4096K), 2 survivors (4096K)
 Metaspace       used 21303K, committed 21632K, reserved 1114112K
  class space    used 1861K, committed 2048K, reserved 1048576K
}
Event: 5.134 GC heap before
{Heap before GC invocations=5 (full 0):
 garbage-first heap   total 55296K, used 14939K [0x000000070ac00000, 0x0000000800000000)
  region size 2048K, 3 young (6144K), 2 survivors (4096K)
 Metaspace       used 21305K, committed 21632K, reserved 1114112K
  class space    used 1861K, committed 2048K, reserved 1048576K
}
Event: 5.137 GC heap after
{Heap after GC invocations=6 (full 0):
 garbage-first heap   total 55296K, used 12858K [0x000000070ac00000, 0x0000000800000000)
  region size 2048K, 1 young (2048K), 1 survivors (2048K)
 Metaspace       used 21305K, committed 21632K, reserved 1114112K
  class space    used 1861K, committed 2048K, reserved 1048576K
}
Event: 5.895 GC heap before
{Heap before GC invocations=6 (full 0):
 garbage-first heap   total 55296K, used 37434K [0x000000070ac00000, 0x0000000800000000)
  region size 2048K, 13 young (26624K), 1 survivors (2048K)
 Metaspace       used 21320K, committed 21632K, reserved 1114112K
  class space    used 1861K, committed 2048K, reserved 1048576K
}
Event: 5.896 GC heap after
{Heap after GC invocations=7 (full 0):
 garbage-first heap   total 55296K, used 13392K [0x000000070ac00000, 0x0000000800000000)
  region size 2048K, 1 young (2048K), 1 survivors (2048K)
 Metaspace       used 21320K, committed 21632K, reserved 1114112K
  class space    used 1861K, committed 2048K, reserved 1048576K
}
Event: 6.117 GC heap before
{Heap before GC invocations=7 (full 0):
 garbage-first heap   total 55296K, used 37968K [0x000000070ac00000, 0x0000000800000000)
  region size 2048K, 13 young (26624K), 1 survivors (2048K)
 Metaspace       used 21322K, committed 21632K, reserved 1114112K
  class space    used 1861K, committed 2048K, reserved 1048576K
}
Event: 6.118 GC heap after
{Heap after GC invocations=8 (full 0):
 garbage-first heap   total 55296K, used 14514K [0x000000070ac00000, 0x0000000800000000)
  region size 2048K, 2 young (4096K), 2 survivors (4096K)
 Metaspace       used 21322K, committed 21632K, reserved 1114112K
  class space    used 1861K, committed 2048K, reserved 1048576K
}

