# JRE version: Java(TM) SE Runtime Environment (17.0.1+12) (build 17.0.1+12-LTS-39)
# Java VM: Java HotSpot(TM) 64-Bit Server VM (17.0.1+12-LTS-39, mixed mode, sharing, tiered, compressed oops, compressed class ptrs, g1 gc, windows-amd64)
GC Precious Log:
 CPUs: 16 total, 16 available
 Memory: 15695M
 Large Page Support: Disabled
 NUMA Support: Disabled
 Compressed Oops: Enabled (Zero based)
 Heap Region Size: 2M
 Heap Min Capacity: 8M
 Heap Initial Capacity: 246M
 Heap Max Capacity: 3924M
 Pre-touch: Disabled
 Parallel Workers: 13
 Concurrent Workers: 3
 Concurrent Refinement Workers: 13
 Periodic GC: Disabled
Heap:
 garbage-first heap   total 274432K, used 85317K [0x000000070ac00000, 0x0000000800000000)
  region size 2048K, 12 young (24576K), 8 survivors (16384K)
 Metaspace       used 21761K, committed 22144K, reserved 1073152K
  class space    used 1890K, committed 2048K, reserved 1048576K
GC Heap History (20 events):
Event: 6.250 GC heap before
{Heap before GC invocations=7 (full 0):
 garbage-first heap   total 251904K, used 178402K [0x000000070ac00000, 0x0000000800000000)
  region size 2048K, 72 young (147456K), 10 survivors (20480K)
 Metaspace       used 20819K, committed 21184K, reserved 1073152K
  class space    used 1816K, committed 1984K, reserved 1048576K
}
Event: 6.260 GC heap after
{Heap after GC invocations=8 (full 0):
 garbage-first heap   total 356352K, used 63294K [0x000000070ac00000, 0x0000000800000000)
  region size 2048K, 9 young (18432K), 9 survivors (18432K)
 Metaspace       used 20819K, committed 21184K, reserved 1073152K
  class space    used 1816K, committed 1984K, reserved 1048576K
}
Event: 6.387 GC heap before
{Heap before GC invocations=8 (full 0):
 garbage-first heap   total 356352K, used 255806K [0x000000070ac00000, 0x0000000800000000)
  region size 2048K, 104 young (212992K), 9 survivors (18432K)
 Metaspace       used 20819K, committed 21184K, reserved 1073152K
  class space    used 1816K, committed 1984K, reserved 1048576K
}
Event: 6.391 GC heap after
{Heap after GC invocations=9 (full 0):
 garbage-first heap   total 356352K, used 61564K [0x000000070ac00000, 0x0000000800000000)
  region size 2048K, 7 young (14336K), 7 survivors (14336K)
 Metaspace       used 20819K, committed 21184K, reserved 1073152K
  class space    used 1816K, committed 1984K, reserved 1048576K
}
Event: 6.468 GC heap before
{Heap before GC invocations=9 (full 0):
 garbage-first heap   total 356352K, used 258172K [0x000000070ac00000, 0x0000000800000000)
  region size 2048K, 104 young (212992K), 7 survivors (14336K)
 Metaspace       used 20819K, committed 21184K, reserved 1073152K
  class space    used 1816K, committed 1984K, reserved 1048576K
}
Event: 6.472 GC heap after
{Heap after GC invocations=10 (full 0):
 garbage-first heap   total 356352K, used 64292K [0x000000070ac00000, 0x0000000800000000)
  region size 2048K, 9 young (18432K), 9 survivors (18432K)
 Metaspace       used 20819K, committed 21184K, reserved 1073152K
  class space    used 1816K, committed 1984K, reserved 1048576K
}
Event: 6.538 GC heap before
{Heap before GC invocations=10 (full 0):
 garbage-first heap   total 356352K, used 256804K [0x000000070ac00000, 0x0000000800000000)
  region size 2048K, 104 young (212992K), 9 survivors (18432K)
 Metaspace       used 20827K, committed 21184K, reserved 1073152K
  class space    used 1816K, committed 1984K, reserved 1048576K
}
Event: 6.542 GC heap after
{Heap after GC invocations=11 (full 0):
 garbage-first heap   total 356352K, used 67976K [0x000000070ac00000, 0x0000000800000000)
  region size 2048K, 9 young (18432K), 9 survivors (18432K)
 Metaspace       used 20827K, committed 21184K, reserved 1073152K
  class space    used 1816K, committed 1984K, reserved 1048576K
}
Event: 6.598 GC heap before
{Heap before GC invocations=11 (full 0):
 garbage-first heap   total 356352K, used 260488K [0x000000070ac00000, 0x0000000800000000)
  region size 2048K, 104 young (212992K), 9 survivors (18432K)
 Metaspace       used 20827K, committed 21184K, reserved 1073152K
  class space    used 1816K, committed 1984K, reserved 1048576K
}
Event: 6.605 GC heap after
{Heap after GC invocations=12 (full 0):
 garbage-first heap   total 559104K, used 76095K [0x000000070ac00000, 0x0000000800000000)
  region size 2048K, 9 young (18432K), 9 survivors (18432K)
 Metaspace       used 20827K, committed 21184K, reserved 1073152K
  class space    used 1816K, committed 1984K, reserved 1048576K
}
Event: 6.703 GC heap before
{Heap before GC invocations=12 (full 0):
 garbage-first heap   total 559104K, used 389439K [0x000000070ac00000, 0x0000000800000000)
  region size 2048K, 163 young (333824K), 9 survivors (18432K)
 Metaspace       used 20827K, committed 21184K, reserved 1073152K
  class space    used 1816K, committed 1984K, reserved 1048576K
}
Event: 6.708 GC heap after
{Heap after GC invocations=13 (full 0):
 garbage-first heap   total 559104K, used 82239K [0x000000070ac00000, 0x0000000800000000)
  region size 2048K, 12 young (24576K), 12 survivors (24576K)
 Metaspace       used 20827K, committed 21184K, reserved 1073152K
  class space    used 1816K, committed 1984K, reserved 1048576K
}
Event: 6.774 GC heap before
{Heap before GC invocations=13 (full 0):
 garbage-first heap   total 559104K, used 389439K [0x000000070ac00000, 0x0000000800000000)
  region size 2048K, 163 young (333824K), 12 survivors (24576K)
 Metaspace       used 20835K, committed 21184K, reserved 1073152K
  class space    used 1816K, committed 1984K, reserved 1048576K
}
Event: 6.779 GC heap after
{Heap after GC invocations=14 (full 0):
 garbage-first heap   total 559104K, used 87549K [0x000000070ac00000, 0x0000000800000000)
  region size 2048K, 14 young (28672K), 14 survivors (28672K)
 Metaspace       used 20835K, committed 21184K, reserved 1073152K
  class space    used 1816K, committed 1984K, reserved 1048576K
}
Event: 6.904 GC heap before
{Heap before GC invocations=14 (full 0):
 garbage-first heap   total 559104K, used 390653K [0x000000070ac00000, 0x0000000800000000)
  region size 2048K, 163 young (333824K), 14 survivors (28672K)
 Metaspace       used 20836K, committed 21184K, reserved 1073152K
  class space    used 1816K, committed 1984K, reserved 1048576K
}
Event: 6.908 GC heap after
{Heap after GC invocations=15 (full 0):
 garbage-first heap   total 559104K, used 85308K [0x000000070ac00000, 0x0000000800000000)
  region size 2048K, 10 young (20480K), 10 survivors (20480K)
 Metaspace       used 20836K, committed 21184K, reserved 1073152K
  class space    used 1816K, committed 1984K, reserved 1048576K
}
Event: 6.998 GC heap before
{Heap before GC invocations=15 (full 0):
 garbage-first heap   total 559104K, used 396604K [0x000000070ac00000, 0x0000000800000000)
  region size 2048K, 163 young (333824K), 10 survivors (20480K)
 Metaspace       used 20836K, committed 21184K, reserved 1073152K
  class space    used 1816K, committed 1984K, reserved 1048576K
}
Event: 7.004 GC heap after
{Heap after GC invocations=16 (full 0):
 garbage-first heap   total 899072K, used 91780K [0x000000070ac00000, 0x0000000800000000)
  region size 2048K, 13 young (26624K), 13 survivors (26624K)
 Metaspace       used 20836K, committed 21184K, reserved 1073152K
  class space    used 1816K, committed 1984K, reserved 1048576K
}
Event: 8.203 GC heap before
{Heap before GC invocations=16 (full 0):
 garbage-first heap   total 899072K, used 173700K [0x000000070ac00000, 0x0000000800000000)
  region size 2048K, 54 young (110592K), 13 survivors (26624K)
 Metaspace       used 21137K, committed 21504K, reserved 1073152K
  class space    used 1850K, committed 2048K, reserved 1048576K
}
Event: 8.209 GC heap after
{Heap after GC invocations=17 (full 0):
 garbage-first heap   total 899072K, used 81221K [0x000000070ac00000, 0x0000000800000000)
  region size 2048K, 8 young (16384K), 8 survivors (16384K)
 Metaspace       used 21137K, committed 21504K, reserved 1073152K
  class space    used 1850K, committed 2048K, reserved 1048576K
}

