# JRE version: OpenJDK Runtime Environment Corretto-21.0.3.9.1 (21.0.3+9) (build 21.0.3+9-LTS)
# Java VM: OpenJDK 64-Bit Server VM Corretto-21.0.3.9.1 (21.0.3+9-LTS, mixed mode, sharing, tiered, compressed oops, compressed class ptrs, g1 gc, windows-amd64)
GC Precious Log:
 CardTable entry size: 512
 Card Set container configuration: InlinePtr #cards 5 size 8 Array Of Cards #cards 12 size 40 Howl #buckets 4 coarsen threshold 1843 Howl Bitmap #cards 512 size 80 coarsen threshold 460 Card regions per heap region 1 cards per card region 2048
 CPUs: 6 total, 6 available
 Memory: 7989M
 Large Page Support: Disabled
 NUMA Support: Disabled
 Compressed Oops: Enabled (32-bit)
 Heap Region Size: 1M
 Heap Min Capacity: 8M
 Heap Initial Capacity: 126M
 Heap Max Capacity: 1998M
 Pre-touch: Disabled
 Parallel Workers: 6
 Concurrent Workers: 2
 Concurrent Refinement Workers: 6
 Periodic GC: Disabled
Heap:
 garbage-first heap   total 65536K, used 34709K [0x0000000083200000, 0x0000000100000000)
  region size 1024K, 24 young (24576K), 1 survivors (1024K)
 Metaspace       used 22383K, committed 22848K, reserved 1114112K
  class space    used 1924K, committed 2112K, reserved 1048576K
GC Heap History (20 events):
Event: 3.825 GC heap before
{Heap before GC invocations=11 (full 0):
 garbage-first heap   total 54272K, used 42845K [0x0000000083200000, 0x0000000100000000)
  region size 1024K, 31 young (31744K), 1 survivors (1024K)
 Metaspace       used 21614K, committed 22016K, reserved 1114112K
  class space    used 1870K, committed 2048K, reserved 1048576K
}
Event: 3.825 GC heap after
{Heap after GC invocations=12 (full 0):
 garbage-first heap   total 54272K, used 12123K [0x0000000083200000, 0x0000000100000000)
  region size 1024K, 1 young (1024K), 1 survivors (1024K)
 Metaspace       used 21614K, committed 22016K, reserved 1114112K
  class space    used 1870K, committed 2048K, reserved 1048576K
}
Event: 3.872 GC heap before
{Heap before GC invocations=12 (full 0):
 garbage-first heap   total 54272K, used 42843K [0x0000000083200000, 0x0000000100000000)
  region size 1024K, 31 young (31744K), 1 survivors (1024K)
 Metaspace       used 21632K, committed 22016K, reserved 1114112K
  class space    used 1872K, committed 2048K, reserved 1048576K
}
Event: 3.873 GC heap after
{Heap after GC invocations=13 (full 0):
 garbage-first heap   total 54272K, used 12117K [0x0000000083200000, 0x0000000100000000)
  region size 1024K, 1 young (1024K), 1 survivors (1024K)
 Metaspace       used 21632K, committed 22016K, reserved 1114112K
  class space    used 1872K, committed 2048K, reserved 1048576K
}
Event: 3.951 GC heap before
{Heap before GC invocations=13 (full 0):
 garbage-first heap   total 54272K, used 42837K [0x0000000083200000, 0x0000000100000000)
  region size 1024K, 31 young (31744K), 1 survivors (1024K)
 Metaspace       used 21653K, committed 22080K, reserved 1114112K
  class space    used 1876K, committed 2048K, reserved 1048576K
}
Event: 3.951 GC heap after
{Heap after GC invocations=14 (full 0):
 garbage-first heap   total 65536K, used 12133K [0x0000000083200000, 0x0000000100000000)
  region size 1024K, 1 young (1024K), 1 survivors (1024K)
 Metaspace       used 21653K, committed 22080K, reserved 1114112K
  class space    used 1876K, committed 2048K, reserved 1048576K
}
Event: 4.051 GC heap before
{Heap before GC invocations=14 (full 0):
 garbage-first heap   total 65536K, used 50021K [0x0000000083200000, 0x0000000100000000)
  region size 1024K, 38 young (38912K), 1 survivors (1024K)
 Metaspace       used 21787K, committed 22272K, reserved 1114112K
  class space    used 1884K, committed 2112K, reserved 1048576K
}
Event: 4.051 GC heap after
{Heap after GC invocations=15 (full 0):
 garbage-first heap   total 65536K, used 12163K [0x0000000083200000, 0x0000000100000000)
  region size 1024K, 1 young (1024K), 1 survivors (1024K)
 Metaspace       used 21787K, committed 22272K, reserved 1114112K
  class space    used 1884K, committed 2112K, reserved 1048576K
}
Event: 4.138 GC heap before
{Heap before GC invocations=15 (full 0):
 garbage-first heap   total 65536K, used 50051K [0x0000000083200000, 0x0000000100000000)
  region size 1024K, 38 young (38912K), 1 survivors (1024K)
 Metaspace       used 21787K, committed 22272K, reserved 1114112K
  class space    used 1884K, committed 2112K, reserved 1048576K
}
Event: 4.139 GC heap after
{Heap after GC invocations=16 (full 0):
 garbage-first heap   total 65536K, used 12149K [0x0000000083200000, 0x0000000100000000)
  region size 1024K, 1 young (1024K), 1 survivors (1024K)
 Metaspace       used 21787K, committed 22272K, reserved 1114112K
  class space    used 1884K, committed 2112K, reserved 1048576K
}
Event: 4.174 GC heap before
{Heap before GC invocations=16 (full 0):
 garbage-first heap   total 65536K, used 50037K [0x0000000083200000, 0x0000000100000000)
  region size 1024K, 38 young (38912K), 1 survivors (1024K)
 Metaspace       used 21787K, committed 22272K, reserved 1114112K
  class space    used 1884K, committed 2112K, reserved 1048576K
}
Event: 4.175 GC heap after
{Heap after GC invocations=17 (full 0):
 garbage-first heap   total 65536K, used 12153K [0x0000000083200000, 0x0000000100000000)
  region size 1024K, 1 young (1024K), 1 survivors (1024K)
 Metaspace       used 21787K, committed 22272K, reserved 1114112K
  class space    used 1884K, committed 2112K, reserved 1048576K
}
Event: 4.268 GC heap before
{Heap before GC invocations=17 (full 0):
 garbage-first heap   total 65536K, used 50041K [0x0000000083200000, 0x0000000100000000)
  region size 1024K, 38 young (38912K), 1 survivors (1024K)
 Metaspace       used 21790K, committed 22272K, reserved 1114112K
  class space    used 1884K, committed 2112K, reserved 1048576K
}
Event: 4.269 GC heap after
{Heap after GC invocations=18 (full 0):
 garbage-first heap   total 65536K, used 12152K [0x0000000083200000, 0x0000000100000000)
  region size 1024K, 1 young (1024K), 1 survivors (1024K)
 Metaspace       used 21790K, committed 22272K, reserved 1114112K
  class space    used 1884K, committed 2112K, reserved 1048576K
}
Event: 4.374 GC heap before
{Heap before GC invocations=18 (full 0):
 garbage-first heap   total 65536K, used 50040K [0x0000000083200000, 0x0000000100000000)
  region size 1024K, 38 young (38912K), 1 survivors (1024K)
 Metaspace       used 21800K, committed 22272K, reserved 1114112K
  class space    used 1884K, committed 2112K, reserved 1048576K
}
Event: 4.375 GC heap after
{Heap after GC invocations=19 (full 0):
 garbage-first heap   total 65536K, used 12169K [0x0000000083200000, 0x0000000100000000)
  region size 1024K, 1 young (1024K), 1 survivors (1024K)
 Metaspace       used 21800K, committed 22272K, reserved 1114112K
  class space    used 1884K, committed 2112K, reserved 1048576K
}
Event: 4.418 GC heap before
{Heap before GC invocations=19 (full 0):
 garbage-first heap   total 65536K, used 50057K [0x0000000083200000, 0x0000000100000000)
  region size 1024K, 38 young (38912K), 1 survivors (1024K)
 Metaspace       used 21816K, committed 22272K, reserved 1114112K
  class space    used 1887K, committed 2112K, reserved 1048576K
}
Event: 4.419 GC heap after
{Heap after GC invocations=20 (full 0):
 garbage-first heap   total 65536K, used 12165K [0x0000000083200000, 0x0000000100000000)
  region size 1024K, 1 young (1024K), 1 survivors (1024K)
 Metaspace       used 21816K, committed 22272K, reserved 1114112K
  class space    used 1887K, committed 2112K, reserved 1048576K
}
Event: 4.472 GC heap before
{Heap before GC invocations=20 (full 0):
 garbage-first heap   total 65536K, used 50053K [0x0000000083200000, 0x0000000100000000)
  region size 1024K, 38 young (38912K), 1 survivors (1024K)
 Metaspace       used 21835K, committed 22272K, reserved 1114112K
  class space    used 1890K, committed 2112K, reserved 1048576K
}
Event: 4.472 GC heap after
{Heap after GC invocations=21 (full 0):
 garbage-first heap   total 65536K, used 12181K [0x0000000083200000, 0x0000000100000000)
  region size 1024K, 1 young (1024K), 1 survivors (1024K)
 Metaspace       used 21835K, committed 22272K, reserved 1114112K
  class space    used 1890K, committed 2112K, reserved 1048576K
}

