# JRE version: OpenJDK Runtime Environment Corretto-17.0.11.9.1 (17.0.11+9) (build 17.0.11+9-LTS)
# Java VM: OpenJDK 64-Bit Server VM Corretto-17.0.11.9.1 (17.0.11+9-LTS, mixed mode, sharing, tiered, compressed oops, compressed class ptrs, g1 gc, windows-amd64)
GC Precious Log:
 CPUs: 4 total, 4 available
 Memory: 16327M
 Large Page Support: Disabled
 NUMA Support: Disabled
 Compressed Oops: Enabled (Zero based)
 Heap Region Size: 2M
 Heap Min Capacity: 8M
 Heap Initial Capacity: 256M
 Heap Max Capacity: 4082M
 Pre-touch: Disabled
 Parallel Workers: 4
 Concurrent Workers: 1
 Concurrent Refinement Workers: 4
 Periodic GC: Disabled
Heap:
 garbage-first heap   total 419840K, used 157621K [0x0000000700e00000, 0x0000000800000000)
  region size 2048K, 18 young (36864K), 1 survivors (2048K)
 Metaspace       used 33823K, committed 34240K, reserved 1114112K
  class space    used 3211K, committed 3456K, reserved 1048576K
GC Heap History (20 events):
Event: 7.773 GC heap before
{Heap before GC invocations=16 (full 0):
 garbage-first heap   total 49152K, used 37264K [0x0000000700e00000, 0x0000000800000000)
  region size 2048K, 14 young (28672K), 1 survivors (2048K)
 Metaspace       used 27419K, committed 27776K, reserved 1114112K
  class space    used 2520K, committed 2688K, reserved 1048576K
}
Event: 7.780 GC heap after
{Heap after GC invocations=17 (full 0):
 garbage-first heap   total 49152K, used 14335K [0x0000000700e00000, 0x0000000800000000)
  region size 2048K, 2 young (4096K), 2 survivors (4096K)
 Metaspace       used 27419K, committed 27776K, reserved 1114112K
  class space    used 2520K, committed 2688K, reserved 1048576K
}
Event: 8.321 GC heap before
{Heap before GC invocations=17 (full 0):
 garbage-first heap   total 49152K, used 26623K [0x0000000700e00000, 0x0000000800000000)
  region size 2048K, 9 young (18432K), 2 survivors (4096K)
 Metaspace       used 32710K, committed 33024K, reserved 1114112K
  class space    used 3128K, committed 3264K, reserved 1048576K
}
Event: 8.347 GC heap after
{Heap after GC invocations=18 (full 1):
 garbage-first heap   total 49152K, used 15911K [0x0000000700e00000, 0x0000000800000000)
  region size 2048K, 0 young (0K), 0 survivors (0K)
 Metaspace       used 32710K, committed 33024K, reserved 1114112K
  class space    used 3128K, committed 3264K, reserved 1048576K
}
Event: 8.461 GC heap before
{Heap before GC invocations=18 (full 1):
 garbage-first heap   total 49152K, used 34343K [0x0000000700e00000, 0x0000000800000000)
  region size 2048K, 10 young (20480K), 0 survivors (0K)
 Metaspace       used 32959K, committed 33344K, reserved 1114112K
  class space    used 3151K, committed 3328K, reserved 1048576K
}
Event: 8.466 GC heap after
{Heap after GC invocations=19 (full 1):
 garbage-first heap   total 55296K, used 32222K [0x0000000700e00000, 0x0000000800000000)
  region size 2048K, 2 young (4096K), 2 survivors (4096K)
 Metaspace       used 32959K, committed 33344K, reserved 1114112K
  class space    used 3151K, committed 3328K, reserved 1048576K
}
Event: 8.489 GC heap before
{Heap before GC invocations=19 (full 1):
 garbage-first heap   total 55296K, used 36318K [0x0000000700e00000, 0x0000000800000000)
  region size 2048K, 5 young (10240K), 2 survivors (4096K)
 Metaspace       used 32966K, committed 33344K, reserved 1114112K
  class space    used 3151K, committed 3328K, reserved 1048576K
}
Event: 8.492 GC heap after
{Heap after GC invocations=20 (full 1):
 garbage-first heap   total 55296K, used 36927K [0x0000000700e00000, 0x0000000800000000)
  region size 2048K, 1 young (2048K), 1 survivors (2048K)
 Metaspace       used 32966K, committed 33344K, reserved 1114112K
  class space    used 3151K, committed 3328K, reserved 1048576K
}
Event: 8.502 GC heap before
{Heap before GC invocations=20 (full 1):
 garbage-first heap   total 55296K, used 38975K [0x0000000700e00000, 0x0000000800000000)
  region size 2048K, 2 young (4096K), 1 survivors (2048K)
 Metaspace       used 32974K, committed 33344K, reserved 1114112K
  class space    used 3151K, committed 3328K, reserved 1048576K
}
Event: 8.503 GC heap after
{Heap after GC invocations=21 (full 1):
 garbage-first heap   total 159744K, used 38890K [0x0000000700e00000, 0x0000000800000000)
  region size 2048K, 1 young (2048K), 1 survivors (2048K)
 Metaspace       used 32974K, committed 33344K, reserved 1114112K
  class space    used 3151K, committed 3328K, reserved 1048576K
}
Event: 8.578 GC heap before
{Heap before GC invocations=22 (full 1):
 garbage-first heap   total 159744K, used 88042K [0x0000000700e00000, 0x0000000800000000)
  region size 2048K, 26 young (53248K), 1 survivors (2048K)
 Metaspace       used 33044K, committed 33408K, reserved 1114112K
  class space    used 3151K, committed 3328K, reserved 1048576K
}
Event: 8.589 GC heap after
{Heap after GC invocations=23 (full 1):
 garbage-first heap   total 159744K, used 81430K [0x0000000700e00000, 0x0000000800000000)
  region size 2048K, 4 young (8192K), 4 survivors (8192K)
 Metaspace       used 33044K, committed 33408K, reserved 1114112K
  class space    used 3151K, committed 3328K, reserved 1048576K
}
Event: 8.611 GC heap before
{Heap before GC invocations=23 (full 1):
 garbage-first heap   total 159744K, used 101910K [0x0000000700e00000, 0x0000000800000000)
  region size 2048K, 15 young (30720K), 4 survivors (8192K)
 Metaspace       used 33055K, committed 33408K, reserved 1114112K
  class space    used 3151K, committed 3328K, reserved 1048576K
}
Event: 8.619 GC heap after
{Heap after GC invocations=24 (full 1):
 garbage-first heap   total 159744K, used 102780K [0x0000000700e00000, 0x0000000800000000)
  region size 2048K, 2 young (4096K), 2 survivors (4096K)
 Metaspace       used 33055K, committed 33408K, reserved 1114112K
  class space    used 3151K, committed 3328K, reserved 1048576K
}
Event: 8.628 GC heap before
{Heap before GC invocations=24 (full 1):
 garbage-first heap   total 159744K, used 110972K [0x0000000700e00000, 0x0000000800000000)
  region size 2048K, 7 young (14336K), 2 survivors (4096K)
 Metaspace       used 33061K, committed 33472K, reserved 1114112K
  class space    used 3151K, committed 3328K, reserved 1048576K
}
Event: 8.631 GC heap after
{Heap after GC invocations=25 (full 1):
 garbage-first heap   total 159744K, used 113362K [0x0000000700e00000, 0x0000000800000000)
  region size 2048K, 1 young (2048K), 1 survivors (2048K)
 Metaspace       used 33061K, committed 33472K, reserved 1114112K
  class space    used 3151K, committed 3328K, reserved 1048576K
}
Event: 8.637 GC heap before
{Heap before GC invocations=25 (full 1):
 garbage-first heap   total 159744K, used 117458K [0x0000000700e00000, 0x0000000800000000)
  region size 2048K, 4 young (8192K), 1 survivors (2048K)
 Metaspace       used 33065K, committed 33472K, reserved 1114112K
  class space    used 3151K, committed 3328K, reserved 1048576K
}
Event: 8.638 GC heap after
{Heap after GC invocations=26 (full 1):
 garbage-first heap   total 159744K, used 120424K [0x0000000700e00000, 0x0000000800000000)
  region size 2048K, 1 young (2048K), 1 survivors (2048K)
 Metaspace       used 33065K, committed 33472K, reserved 1114112K
  class space    used 3151K, committed 3328K, reserved 1048576K
}
Event: 8.648 GC heap before
{Heap before GC invocations=26 (full 1):
 garbage-first heap   total 159744K, used 122472K [0x0000000700e00000, 0x0000000800000000)
  region size 2048K, 3 young (6144K), 1 survivors (2048K)
 Metaspace       used 33068K, committed 33472K, reserved 1114112K
  class space    used 3151K, committed 3328K, reserved 1048576K
}
Event: 8.650 GC heap after
{Heap after GC invocations=27 (full 1):
 garbage-first heap   total 419840K, used 124853K [0x0000000700e00000, 0x0000000800000000)
  region size 2048K, 1 young (2048K), 1 survivors (2048K)
 Metaspace       used 33068K, committed 33472K, reserved 1114112K
  class space    used 3151K, committed 3328K, reserved 1048576K
}

