# JRE version: OpenJDK Runtime Environment Corretto-17.0.11.9.1 (17.0.11+9) (build 17.0.11+9-LTS)
# Java VM: OpenJDK 64-Bit Server VM Corretto-17.0.11.9.1 (17.0.11+9-LTS, mixed mode, sharing, tiered, compressed oops, compressed class ptrs, g1 gc, windows-amd64)
GC Precious Log:
 CPUs: 16 total, 16 available
 Memory: 15695M
 Large Page Support: Disabled
 NUMA Support: Disabled
 Compressed Oops: Enabled (Zero based)
 Heap Region Size: 2M
 Heap Min Capacity: 8M
 Heap Initial Capacity: 246M
 Heap Max Capacity: 3924M
 Pre-touch: Disabled
 Parallel Workers: 13
 Concurrent Workers: 3
 Concurrent Refinement Workers: 13
 Periodic GC: Disabled
Heap:
 garbage-first heap   total 471040K, used 237652K [0x000000070ac00000, 0x0000000800000000)
  region size 2048K, 36 young (73728K), 8 survivors (16384K)
 Metaspace       used 24020K, committed 24320K, reserved 1114112K
  class space    used 2030K, committed 2176K, reserved 1048576K
GC Heap History (20 events):
Event: 3.749 GC heap before
{Heap before GC invocations=11 (full 0):
 garbage-first heap   total 178176K, used 109395K [0x000000070ac00000, 0x0000000800000000)
  region size 2048K, 6 young (12288K), 2 survivors (4096K)
 Metaspace       used 21410K, committed 21696K, reserved 1114112K
  class space    used 1892K, committed 2048K, reserved 1048576K
}
Event: 3.752 GC heap after
{Heap after GC invocations=12 (full 0):
 garbage-first heap   total 178176K, used 112282K [0x000000070ac00000, 0x0000000800000000)
  region size 2048K, 1 young (2048K), 1 survivors (2048K)
 Metaspace       used 21410K, committed 21696K, reserved 1114112K
  class space    used 1892K, committed 2048K, reserved 1048576K
}
Event: 3.756 GC heap before
{Heap before GC invocations=12 (full 0):
 garbage-first heap   total 178176K, used 116378K [0x000000070ac00000, 0x0000000800000000)
  region size 2048K, 4 young (8192K), 1 survivors (2048K)
 Metaspace       used 21411K, committed 21696K, reserved 1114112K
  class space    used 1892K, committed 2048K, reserved 1048576K
}
Event: 3.759 GC heap after
{Heap after GC invocations=13 (full 0):
 garbage-first heap   total 178176K, used 119241K [0x000000070ac00000, 0x0000000800000000)
  region size 2048K, 1 young (2048K), 1 survivors (2048K)
 Metaspace       used 21411K, committed 21696K, reserved 1114112K
  class space    used 1892K, committed 2048K, reserved 1048576K
}
Event: 3.769 GC heap before
{Heap before GC invocations=13 (full 0):
 garbage-first heap   total 178176K, used 127433K [0x000000070ac00000, 0x0000000800000000)
  region size 2048K, 6 young (12288K), 1 survivors (2048K)
 Metaspace       used 21411K, committed 21696K, reserved 1114112K
  class space    used 1892K, committed 2048K, reserved 1048576K
}
Event: 3.773 GC heap after
{Heap after GC invocations=14 (full 0):
 garbage-first heap   total 485376K, used 129504K [0x000000070ac00000, 0x0000000800000000)
  region size 2048K, 1 young (2048K), 1 survivors (2048K)
 Metaspace       used 21411K, committed 21696K, reserved 1114112K
  class space    used 1892K, committed 2048K, reserved 1048576K
}
Event: 4.623 GC heap before
{Heap before GC invocations=15 (full 0):
 garbage-first heap   total 471040K, used 221664K [0x000000070ac00000, 0x0000000800000000)
  region size 2048K, 47 young (96256K), 1 survivors (2048K)
 Metaspace       used 22531K, committed 22848K, reserved 1114112K
  class space    used 1957K, committed 2112K, reserved 1048576K
}
Event: 4.633 GC heap after
{Heap after GC invocations=16 (full 0):
 garbage-first heap   total 471040K, used 162068K [0x000000070ac00000, 0x0000000800000000)
  region size 2048K, 6 young (12288K), 6 survivors (12288K)
 Metaspace       used 22531K, committed 22848K, reserved 1114112K
  class space    used 1957K, committed 2112K, reserved 1048576K
}
Event: 5.660 GC heap before
{Heap before GC invocations=16 (full 0):
 garbage-first heap   total 471040K, used 248084K [0x000000070ac00000, 0x0000000800000000)
  region size 2048K, 48 young (98304K), 6 survivors (12288K)
 Metaspace       used 22780K, committed 23040K, reserved 1114112K
  class space    used 1970K, committed 2112K, reserved 1048576K
}
Event: 5.665 GC heap after
{Heap after GC invocations=17 (full 0):
 garbage-first heap   total 471040K, used 164357K [0x000000070ac00000, 0x0000000800000000)
  region size 2048K, 1 young (2048K), 1 survivors (2048K)
 Metaspace       used 22780K, committed 23040K, reserved 1114112K
  class space    used 1970K, committed 2112K, reserved 1048576K
}
Event: 6.256 GC heap before
{Heap before GC invocations=17 (full 0):
 garbage-first heap   total 471040K, used 258565K [0x000000070ac00000, 0x0000000800000000)
  region size 2048K, 47 young (96256K), 1 survivors (2048K)
 Metaspace       used 22881K, committed 23232K, reserved 1114112K
  class space    used 1970K, committed 2112K, reserved 1048576K
}
Event: 6.258 GC heap after
{Heap after GC invocations=18 (full 0):
 garbage-first heap   total 471040K, used 166800K [0x000000070ac00000, 0x0000000800000000)
  region size 2048K, 3 young (6144K), 3 survivors (6144K)
 Metaspace       used 22881K, committed 23232K, reserved 1114112K
  class space    used 1970K, committed 2112K, reserved 1048576K
}
Event: 6.863 GC heap before
{Heap before GC invocations=18 (full 0):
 garbage-first heap   total 471040K, used 273296K [0x000000070ac00000, 0x0000000800000000)
  region size 2048K, 55 young (112640K), 3 survivors (6144K)
 Metaspace       used 22890K, committed 23232K, reserved 1114112K
  class space    used 1970K, committed 2112K, reserved 1048576K
}
Event: 6.866 GC heap after
{Heap after GC invocations=19 (full 0):
 garbage-first heap   total 471040K, used 169991K [0x000000070ac00000, 0x0000000800000000)
  region size 2048K, 4 young (8192K), 4 survivors (8192K)
 Metaspace       used 22890K, committed 23232K, reserved 1114112K
  class space    used 1970K, committed 2112K, reserved 1048576K
}
Event: 7.660 GC heap before
{Heap before GC invocations=19 (full 0):
 garbage-first heap   total 471040K, used 319495K [0x000000070ac00000, 0x0000000800000000)
  region size 2048K, 77 young (157696K), 4 survivors (8192K)
 Metaspace       used 23028K, committed 23360K, reserved 1114112K
  class space    used 1970K, committed 2112K, reserved 1048576K
}
Event: 7.667 GC heap after
{Heap after GC invocations=20 (full 0):
 garbage-first heap   total 471040K, used 173640K [0x000000070ac00000, 0x0000000800000000)
  region size 2048K, 6 young (12288K), 6 survivors (12288K)
 Metaspace       used 23028K, committed 23360K, reserved 1114112K
  class space    used 1970K, committed 2112K, reserved 1048576K
}
Event: 8.570 GC heap before
{Heap before GC invocations=20 (full 0):
 garbage-first heap   total 471040K, used 335432K [0x000000070ac00000, 0x0000000800000000)
  region size 2048K, 85 young (174080K), 6 survivors (12288K)
 Metaspace       used 23224K, committed 23488K, reserved 1114112K
  class space    used 1970K, committed 2112K, reserved 1048576K
}
Event: 8.597 GC heap after
{Heap after GC invocations=21 (full 0):
 garbage-first heap   total 471040K, used 178458K [0x000000070ac00000, 0x0000000800000000)
  region size 2048K, 8 young (16384K), 8 survivors (16384K)
 Metaspace       used 23224K, committed 23488K, reserved 1114112K
  class space    used 1970K, committed 2112K, reserved 1048576K
}
Event: 9.545 GC heap before
{Heap before GC invocations=21 (full 0):
 garbage-first heap   total 471040K, used 348442K [0x000000070ac00000, 0x0000000800000000)
  region size 2048K, 91 young (186368K), 8 survivors (16384K)
 Metaspace       used 23308K, committed 23616K, reserved 1114112K
  class space    used 1970K, committed 2112K, reserved 1048576K
}
Event: 9.552 GC heap after
{Heap after GC invocations=22 (full 0):
 garbage-first heap   total 471040K, used 182356K [0x000000070ac00000, 0x0000000800000000)
  region size 2048K, 8 young (16384K), 8 survivors (16384K)
 Metaspace       used 23308K, committed 23616K, reserved 1114112K
  class space    used 1970K, committed 2112K, reserved 1048576K
}

