# JRE version: OpenJDK Runtime Environment Corretto-17.0.11.9.1 (17.0.11+9) (build 17.0.11+9-LTS)
# Java VM: OpenJDK 64-Bit Server VM Corretto-17.0.11.9.1 (17.0.11+9-LTS, mixed mode, sharing, tiered, compressed oops, compressed class ptrs, g1 gc, windows-amd64)
GC Precious Log:
 CPUs: 16 total, 16 available
 Memory: 15695M
 Large Page Support: Disabled
 NUMA Support: Disabled
 Compressed Oops: Enabled (Zero based)
 Heap Region Size: 2M
 Heap Min Capacity: 8M
 Heap Initial Capacity: 246M
 Heap Max Capacity: 3924M
 Pre-touch: Disabled
 Parallel Workers: 13
 Concurrent Workers: 3
 Concurrent Refinement Workers: 13
 Periodic GC: Disabled
Heap:
 garbage-first heap   total 169984K, used 97325K [0x000000070ac00000, 0x0000000800000000)
  region size 2048K, 32 young (65536K), 3 survivors (6144K)
 Metaspace       used 23392K, committed 23744K, reserved 1114112K
  class space    used 1969K, committed 2176K, reserved 1048576K
GC Heap History (20 events):
Event: 1.690 GC heap before
{Heap before GC invocations=1 (full 0):
 garbage-first heap   total 251904K, used 33348K [0x000000070ac00000, 0x0000000800000000)
  region size 2048K, 17 young (34816K), 2 survivors (4096K)
 Metaspace       used 17581K, committed 17792K, reserved 1114112K
  class space    used 1578K, committed 1664K, reserved 1048576K
}
Event: 1.694 GC heap after
{Heap after GC invocations=2 (full 0):
 garbage-first heap   total 251904K, used 6171K [0x000000070ac00000, 0x0000000800000000)
  region size 2048K, 1 young (2048K), 1 survivors (2048K)
 Metaspace       used 17581K, committed 17792K, reserved 1114112K
  class space    used 1578K, committed 1664K, reserved 1048576K
}
Event: 3.982 GC heap before
{Heap before GC invocations=2 (full 0):
 garbage-first heap   total 251904K, used 108571K [0x000000070ac00000, 0x0000000800000000)
  region size 2048K, 53 young (108544K), 1 survivors (2048K)
 Metaspace       used 21178K, committed 21504K, reserved 1114112K
  class space    used 1869K, committed 2048K, reserved 1048576K
}
Event: 3.990 GC heap after
{Heap after GC invocations=3 (full 0):
 garbage-first heap   total 251904K, used 31450K [0x000000070ac00000, 0x0000000800000000)
  region size 2048K, 9 young (18432K), 9 survivors (18432K)
 Metaspace       used 21178K, committed 21504K, reserved 1114112K
  class space    used 1869K, committed 2048K, reserved 1048576K
}
Event: 4.279 GC heap before
{Heap before GC invocations=4 (full 0):
 garbage-first heap   total 116736K, used 84698K [0x000000070ac00000, 0x0000000800000000)
  region size 2048K, 37 young (75776K), 9 survivors (18432K)
 Metaspace       used 21377K, committed 21760K, reserved 1114112K
  class space    used 1881K, committed 2048K, reserved 1048576K
}
Event: 4.286 GC heap after
{Heap after GC invocations=5 (full 0):
 garbage-first heap   total 116736K, used 32185K [0x000000070ac00000, 0x0000000800000000)
  region size 2048K, 1 young (2048K), 1 survivors (2048K)
 Metaspace       used 21377K, committed 21760K, reserved 1114112K
  class space    used 1881K, committed 2048K, reserved 1048576K
}
Event: 4.301 GC heap before
{Heap before GC invocations=5 (full 0):
 garbage-first heap   total 116736K, used 34233K [0x000000070ac00000, 0x0000000800000000)
  region size 2048K, 2 young (4096K), 1 survivors (2048K)
 Metaspace       used 21381K, committed 21760K, reserved 1114112K
  class space    used 1881K, committed 2048K, reserved 1048576K
}
Event: 4.303 GC heap after
{Heap after GC invocations=6 (full 0):
 garbage-first heap   total 116736K, used 31938K [0x000000070ac00000, 0x0000000800000000)
  region size 2048K, 1 young (2048K), 1 survivors (2048K)
 Metaspace       used 21381K, committed 21760K, reserved 1114112K
  class space    used 1881K, committed 2048K, reserved 1048576K
}
Event: 5.034 GC heap before
{Heap before GC invocations=6 (full 0):
 garbage-first heap   total 116736K, used 68802K [0x000000070ac00000, 0x0000000800000000)
  region size 2048K, 20 young (40960K), 1 survivors (2048K)
 Metaspace       used 21402K, committed 21760K, reserved 1114112K
  class space    used 1881K, committed 2048K, reserved 1048576K
}
Event: 5.037 GC heap after
{Heap after GC invocations=7 (full 0):
 garbage-first heap   total 116736K, used 34942K [0x000000070ac00000, 0x0000000800000000)
  region size 2048K, 2 young (4096K), 2 survivors (4096K)
 Metaspace       used 21402K, committed 21760K, reserved 1114112K
  class space    used 1881K, committed 2048K, reserved 1048576K
}
Event: 5.315 GC heap before
{Heap before GC invocations=7 (full 0):
 garbage-first heap   total 116736K, used 77950K [0x000000070ac00000, 0x0000000800000000)
  region size 2048K, 23 young (47104K), 2 survivors (4096K)
 Metaspace       used 21733K, committed 22016K, reserved 1114112K
  class space    used 1920K, committed 2048K, reserved 1048576K
}
Event: 5.319 GC heap after
{Heap after GC invocations=8 (full 0):
 garbage-first heap   total 116736K, used 36610K [0x000000070ac00000, 0x0000000800000000)
  region size 2048K, 2 young (4096K), 2 survivors (4096K)
 Metaspace       used 21733K, committed 22016K, reserved 1114112K
  class space    used 1920K, committed 2048K, reserved 1048576K
}
Event: 5.387 GC heap before
{Heap before GC invocations=8 (full 0):
 garbage-first heap   total 116736K, used 81666K [0x000000070ac00000, 0x0000000800000000)
  region size 2048K, 24 young (49152K), 2 survivors (4096K)
 Metaspace       used 21796K, committed 22080K, reserved 1114112K
  class space    used 1920K, committed 2048K, reserved 1048576K
}
Event: 5.391 GC heap after
{Heap after GC invocations=9 (full 0):
 garbage-first heap   total 116736K, used 39356K [0x000000070ac00000, 0x0000000800000000)
  region size 2048K, 3 young (6144K), 3 survivors (6144K)
 Metaspace       used 21796K, committed 22080K, reserved 1114112K
  class space    used 1920K, committed 2048K, reserved 1048576K
}
Event: 5.521 GC heap before
{Heap before GC invocations=9 (full 0):
 garbage-first heap   total 116736K, used 84412K [0x000000070ac00000, 0x0000000800000000)
  region size 2048K, 25 young (51200K), 3 survivors (6144K)
 Metaspace       used 21862K, committed 22208K, reserved 1114112K
  class space    used 1927K, committed 2112K, reserved 1048576K
}
Event: 5.525 GC heap after
{Heap after GC invocations=10 (full 0):
 garbage-first heap   total 169984K, used 42671K [0x000000070ac00000, 0x0000000800000000)
  region size 2048K, 4 young (8192K), 4 survivors (8192K)
 Metaspace       used 21862K, committed 22208K, reserved 1114112K
  class space    used 1927K, committed 2112K, reserved 1048576K
}
Event: 7.999 GC heap before
{Heap before GC invocations=10 (full 0):
 garbage-first heap   total 169984K, used 122543K [0x000000070ac00000, 0x0000000800000000)
  region size 2048K, 44 young (90112K), 4 survivors (8192K)
 Metaspace       used 22444K, committed 22784K, reserved 1114112K
  class space    used 1950K, committed 2112K, reserved 1048576K
}
Event: 8.001 GC heap after
{Heap after GC invocations=11 (full 0):
 garbage-first heap   total 169984K, used 41136K [0x000000070ac00000, 0x0000000800000000)
  region size 2048K, 3 young (6144K), 3 survivors (6144K)
 Metaspace       used 22444K, committed 22784K, reserved 1114112K
  class space    used 1950K, committed 2112K, reserved 1048576K
}
Event: 15.323 GC heap before
{Heap before GC invocations=11 (full 0):
 garbage-first heap   total 169984K, used 125104K [0x000000070ac00000, 0x0000000800000000)
  region size 2048K, 44 young (90112K), 3 survivors (6144K)
 Metaspace       used 23221K, committed 23616K, reserved 1114112K
  class space    used 1961K, committed 2112K, reserved 1048576K
}
Event: 15.325 GC heap after
{Heap after GC invocations=12 (full 0):
 garbage-first heap   total 169984K, used 39981K [0x000000070ac00000, 0x0000000800000000)
  region size 2048K, 3 young (6144K), 3 survivors (6144K)
 Metaspace       used 23221K, committed 23616K, reserved 1114112K
  class space    used 1961K, committed 2112K, reserved 1048576K
}

