# JRE version: OpenJDK Runtime Environment Corretto-17.0.11.9.1 (17.0.11+9) (build 17.0.11+9-LTS)
# Java VM: OpenJDK 64-Bit Server VM Corretto-17.0.11.9.1 (17.0.11+9-LTS, mixed mode, sharing, tiered, compressed oops, compressed class ptrs, g1 gc, windows-amd64)
GC Precious Log:
 CPUs: 4 total, 4 available
 Memory: 16327M
 Large Page Support: Disabled
 NUMA Support: Disabled
 Compressed Oops: Enabled (Zero based)
 Heap Region Size: 2M
 Heap Min Capacity: 8M
 Heap Initial Capacity: 256M
 Heap Max Capacity: 4082M
 Pre-touch: Disabled
 Parallel Workers: 4
 Concurrent Workers: 1
 Concurrent Refinement Workers: 4
 Periodic GC: Disabled
Heap:
 garbage-first heap   total 444416K, used 153812K [0x0000000700e00000, 0x0000000800000000)
  region size 2048K, 18 young (36864K), 1 survivors (2048K)
 Metaspace       used 33877K, committed 34304K, reserved 1114112K
  class space    used 3222K, committed 3456K, reserved 1048576K
GC Heap History (20 events):
Event: 13.432 GC heap before
{Heap before GC invocations=17 (full 0):
 garbage-first heap   total 49152K, used 28212K [0x0000000700e00000, 0x0000000800000000)
  region size 2048K, 10 young (20480K), 2 survivors (4096K)
 Metaspace       used 32840K, committed 33152K, reserved 1114112K
  class space    used 3138K, committed 3264K, reserved 1048576K
}
Event: 13.458 GC heap after
{Heap after GC invocations=18 (full 1):
 garbage-first heap   total 49152K, used 16004K [0x0000000700e00000, 0x0000000800000000)
  region size 2048K, 0 young (0K), 0 survivors (0K)
 Metaspace       used 32840K, committed 33152K, reserved 1114112K
  class space    used 3138K, committed 3264K, reserved 1048576K
}
Event: 13.524 GC heap before
{Heap before GC invocations=18 (full 1):
 garbage-first heap   total 49152K, used 34436K [0x0000000700e00000, 0x0000000800000000)
  region size 2048K, 10 young (20480K), 0 survivors (0K)
 Metaspace       used 33089K, committed 33472K, reserved 1114112K
  class space    used 3161K, committed 3328K, reserved 1048576K
}
Event: 13.528 GC heap after
{Heap after GC invocations=19 (full 1):
 garbage-first heap   total 53248K, used 29860K [0x0000000700e00000, 0x0000000800000000)
  region size 2048K, 2 young (4096K), 2 survivors (4096K)
 Metaspace       used 33089K, committed 33472K, reserved 1114112K
  class space    used 3161K, committed 3328K, reserved 1048576K
}
Event: 13.535 GC heap before
{Heap before GC invocations=19 (full 1):
 garbage-first heap   total 53248K, used 33956K [0x0000000700e00000, 0x0000000800000000)
  region size 2048K, 5 young (10240K), 2 survivors (4096K)
 Metaspace       used 33098K, committed 33472K, reserved 1114112K
  class space    used 3161K, committed 3328K, reserved 1048576K
}
Event: 13.538 GC heap after
{Heap after GC invocations=20 (full 1):
 garbage-first heap   total 53248K, used 35621K [0x0000000700e00000, 0x0000000800000000)
  region size 2048K, 1 young (2048K), 1 survivors (2048K)
 Metaspace       used 33098K, committed 33472K, reserved 1114112K
  class space    used 3161K, committed 3328K, reserved 1048576K
}
Event: 13.540 GC heap before
{Heap before GC invocations=20 (full 1):
 garbage-first heap   total 53248K, used 35621K [0x0000000700e00000, 0x0000000800000000)
  region size 2048K, 2 young (4096K), 1 survivors (2048K)
 Metaspace       used 33099K, committed 33472K, reserved 1114112K
  class space    used 3161K, committed 3328K, reserved 1048576K
}
Event: 13.541 GC heap after
{Heap after GC invocations=21 (full 1):
 garbage-first heap   total 53248K, used 37690K [0x0000000700e00000, 0x0000000800000000)
  region size 2048K, 1 young (2048K), 1 survivors (2048K)
 Metaspace       used 33099K, committed 33472K, reserved 1114112K
  class space    used 3161K, committed 3328K, reserved 1048576K
}
Event: 13.544 GC heap before
{Heap before GC invocations=21 (full 1):
 garbage-first heap   total 53248K, used 37690K [0x0000000700e00000, 0x0000000800000000)
  region size 2048K, 2 young (4096K), 1 survivors (2048K)
 Metaspace       used 33105K, committed 33472K, reserved 1114112K
  class space    used 3161K, committed 3328K, reserved 1048576K
}
Event: 13.545 GC heap after
{Heap after GC invocations=22 (full 1):
 garbage-first heap   total 157696K, used 39660K [0x0000000700e00000, 0x0000000800000000)
  region size 2048K, 1 young (2048K), 1 survivors (2048K)
 Metaspace       used 33105K, committed 33472K, reserved 1114112K
  class space    used 3161K, committed 3328K, reserved 1048576K
}
Event: 13.603 GC heap before
{Heap before GC invocations=23 (full 1):
 garbage-first heap   total 157696K, used 78572K [0x0000000700e00000, 0x0000000800000000)
  region size 2048K, 21 young (43008K), 1 survivors (2048K)
 Metaspace       used 33183K, committed 33600K, reserved 1114112K
  class space    used 3161K, committed 3328K, reserved 1048576K
}
Event: 13.612 GC heap after
{Heap after GC invocations=24 (full 1):
 garbage-first heap   total 157696K, used 72497K [0x0000000700e00000, 0x0000000800000000)
  region size 2048K, 3 young (6144K), 3 survivors (6144K)
 Metaspace       used 33183K, committed 33600K, reserved 1114112K
  class space    used 3161K, committed 3328K, reserved 1048576K
}
Event: 13.632 GC heap before
{Heap before GC invocations=24 (full 1):
 garbage-first heap   total 157696K, used 92977K [0x0000000700e00000, 0x0000000800000000)
  region size 2048K, 14 young (28672K), 3 survivors (6144K)
 Metaspace       used 33192K, committed 33600K, reserved 1114112K
  class space    used 3161K, committed 3328K, reserved 1048576K
}
Event: 13.639 GC heap after
{Heap after GC invocations=25 (full 1):
 garbage-first heap   total 157696K, used 94750K [0x0000000700e00000, 0x0000000800000000)
  region size 2048K, 2 young (4096K), 2 survivors (4096K)
 Metaspace       used 33192K, committed 33600K, reserved 1114112K
  class space    used 3161K, committed 3328K, reserved 1048576K
}
Event: 13.650 GC heap before
{Heap before GC invocations=25 (full 1):
 garbage-first heap   total 157696K, used 104990K [0x0000000700e00000, 0x0000000800000000)
  region size 2048K, 8 young (16384K), 2 survivors (4096K)
 Metaspace       used 33197K, committed 33600K, reserved 1114112K
  class space    used 3161K, committed 3328K, reserved 1048576K
}
Event: 13.654 GC heap after
{Heap after GC invocations=26 (full 1):
 garbage-first heap   total 157696K, used 107364K [0x0000000700e00000, 0x0000000800000000)
  region size 2048K, 1 young (2048K), 1 survivors (2048K)
 Metaspace       used 33197K, committed 33600K, reserved 1114112K
  class space    used 3161K, committed 3328K, reserved 1048576K
}
Event: 13.662 GC heap before
{Heap before GC invocations=26 (full 1):
 garbage-first heap   total 157696K, used 113508K [0x0000000700e00000, 0x0000000800000000)
  region size 2048K, 5 young (10240K), 1 survivors (2048K)
 Metaspace       used 33197K, committed 33600K, reserved 1114112K
  class space    used 3161K, committed 3328K, reserved 1048576K
}
Event: 13.664 GC heap after
{Heap after GC invocations=27 (full 1):
 garbage-first heap   total 157696K, used 116356K [0x0000000700e00000, 0x0000000800000000)
  region size 2048K, 1 young (2048K), 1 survivors (2048K)
 Metaspace       used 33197K, committed 33600K, reserved 1114112K
  class space    used 3161K, committed 3328K, reserved 1048576K
}
Event: 13.668 GC heap before
{Heap before GC invocations=27 (full 1):
 garbage-first heap   total 157696K, used 118404K [0x0000000700e00000, 0x0000000800000000)
  region size 2048K, 3 young (6144K), 1 survivors (2048K)
 Metaspace       used 33197K, committed 33600K, reserved 1114112K
  class space    used 3161K, committed 3328K, reserved 1048576K
}
Event: 13.670 GC heap after
{Heap after GC invocations=28 (full 1):
 garbage-first heap   total 446464K, used 121044K [0x0000000700e00000, 0x0000000800000000)
  region size 2048K, 1 young (2048K), 1 survivors (2048K)
 Metaspace       used 33197K, committed 33600K, reserved 1114112K
  class space    used 3161K, committed 3328K, reserved 1048576K
}

