# JRE version: OpenJDK Runtime Environment Corretto-17.0.12.7.1 (17.0.12+7) (build 17.0.12+7-LTS)
# Java VM: OpenJDK 64-Bit Server VM Corretto-17.0.12.7.1 (17.0.12+7-LTS, mixed mode, sharing, tiered, compressed oops, compressed class ptrs, g1 gc, windows-amd64)
GC Precious Log:
 CPUs: 16 total, 16 available
 Memory: 15695M
 Large Page Support: Disabled
 NUMA Support: Disabled
 Compressed Oops: Enabled (Zero based)
 Heap Region Size: 2M
 Heap Min Capacity: 8M
 Heap Initial Capacity: 246M
 Heap Max Capacity: 3924M
 Pre-touch: Disabled
 Parallel Workers: 13
 Concurrent Workers: 3
 Concurrent Refinement Workers: 13
 Periodic GC: Disabled
Heap:
 garbage-first heap   total 335872K, used 174053K [0x000000070ac00000, 0x0000000800000000)
  region size 2048K, 24 young (49152K), 6 survivors (12288K)
 Metaspace       used 26914K, committed 27392K, reserved 1114112K
  class space    used 2461K, committed 2688K, reserved 1048576K
GC Heap History (20 events):
Event: 7.721 GC heap before
{Heap before GC invocations=4 (full 0):
 garbage-first heap   total 40960K, used 25039K [0x000000070ac00000, 0x0000000800000000)
  region size 2048K, 12 young (24576K), 2 survivors (4096K)
 Metaspace       used 25981K, committed 26368K, reserved 1114112K
  class space    used 2395K, committed 2560K, reserved 1048576K
}
Event: 7.728 GC heap after
{Heap after GC invocations=5 (full 0):
 garbage-first heap   total 43008K, used 16188K [0x000000070ac00000, 0x0000000800000000)
  region size 2048K, 2 young (4096K), 2 survivors (4096K)
 Metaspace       used 25981K, committed 26368K, reserved 1114112K
  class space    used 2395K, committed 2560K, reserved 1048576K
}
Event: 7.735 GC heap before
{Heap before GC invocations=5 (full 0):
 garbage-first heap   total 43008K, used 16188K [0x000000070ac00000, 0x0000000800000000)
  region size 2048K, 3 young (6144K), 2 survivors (4096K)
 Metaspace       used 25985K, committed 26368K, reserved 1114112K
  class space    used 2395K, committed 2560K, reserved 1048576K
}
Event: 7.739 GC heap after
{Heap after GC invocations=6 (full 0):
 garbage-first heap   total 43008K, used 18432K [0x000000070ac00000, 0x0000000800000000)
  region size 2048K, 1 young (2048K), 1 survivors (2048K)
 Metaspace       used 25985K, committed 26368K, reserved 1114112K
  class space    used 2395K, committed 2560K, reserved 1048576K
}
Event: 7.748 GC heap before
{Heap before GC invocations=6 (full 0):
 garbage-first heap   total 43008K, used 24576K [0x000000070ac00000, 0x0000000800000000)
  region size 2048K, 5 young (10240K), 1 survivors (2048K)
 Metaspace       used 25995K, committed 26368K, reserved 1114112K
  class space    used 2395K, committed 2560K, reserved 1048576K
}
Event: 7.751 GC heap after
{Heap after GC invocations=7 (full 0):
 garbage-first heap   total 43008K, used 26468K [0x000000070ac00000, 0x0000000800000000)
  region size 2048K, 1 young (2048K), 1 survivors (2048K)
 Metaspace       used 25995K, committed 26368K, reserved 1114112K
  class space    used 2395K, committed 2560K, reserved 1048576K
}
Event: 7.753 GC heap before
{Heap before GC invocations=7 (full 0):
 garbage-first heap   total 43008K, used 26468K [0x000000070ac00000, 0x0000000800000000)
  region size 2048K, 2 young (4096K), 1 survivors (2048K)
 Metaspace       used 25995K, committed 26368K, reserved 1114112K
  class space    used 2395K, committed 2560K, reserved 1048576K
}
Event: 7.755 GC heap after
{Heap after GC invocations=8 (full 0):
 garbage-first heap   total 43008K, used 28752K [0x000000070ac00000, 0x0000000800000000)
  region size 2048K, 1 young (2048K), 1 survivors (2048K)
 Metaspace       used 25995K, committed 26368K, reserved 1114112K
  class space    used 2395K, committed 2560K, reserved 1048576K
}
Event: 7.757 GC heap before
{Heap before GC invocations=8 (full 0):
 garbage-first heap   total 43008K, used 28752K [0x000000070ac00000, 0x0000000800000000)
  region size 2048K, 2 young (4096K), 1 survivors (2048K)
 Metaspace       used 25995K, committed 26368K, reserved 1114112K
  class space    used 2395K, committed 2560K, reserved 1048576K
}
Event: 7.759 GC heap after
{Heap after GC invocations=9 (full 0):
 garbage-first heap   total 147456K, used 30795K [0x000000070ac00000, 0x0000000800000000)
  region size 2048K, 1 young (2048K), 1 survivors (2048K)
 Metaspace       used 25995K, committed 26368K, reserved 1114112K
  class space    used 2395K, committed 2560K, reserved 1048576K
}
Event: 7.803 GC heap before
{Heap before GC invocations=10 (full 0):
 garbage-first heap   total 131072K, used 63563K [0x000000070ac00000, 0x0000000800000000)
  region size 2048K, 18 young (36864K), 1 survivors (2048K)
 Metaspace       used 26084K, committed 26432K, reserved 1114112K
  class space    used 2395K, committed 2560K, reserved 1048576K
}
Event: 7.814 GC heap after
{Heap after GC invocations=11 (full 0):
 garbage-first heap   total 131072K, used 64714K [0x000000070ac00000, 0x0000000800000000)
  region size 2048K, 3 young (6144K), 3 survivors (6144K)
 Metaspace       used 26084K, committed 26432K, reserved 1114112K
  class space    used 2395K, committed 2560K, reserved 1048576K
}
Event: 7.816 GC heap before
{Heap before GC invocations=11 (full 0):
 garbage-first heap   total 131072K, used 64714K [0x000000070ac00000, 0x0000000800000000)
  region size 2048K, 4 young (8192K), 3 survivors (6144K)
 Metaspace       used 26102K, committed 26432K, reserved 1114112K
  class space    used 2397K, committed 2560K, reserved 1048576K
}
Event: 7.818 GC heap after
{Heap after GC invocations=12 (full 0):
 garbage-first heap   total 131072K, used 67185K [0x000000070ac00000, 0x0000000800000000)
  region size 2048K, 1 young (2048K), 1 survivors (2048K)
 Metaspace       used 26102K, committed 26432K, reserved 1114112K
  class space    used 2397K, committed 2560K, reserved 1048576K
}
Event: 7.830 GC heap before
{Heap before GC invocations=12 (full 0):
 garbage-first heap   total 131072K, used 79473K [0x000000070ac00000, 0x0000000800000000)
  region size 2048K, 8 young (16384K), 1 survivors (2048K)
 Metaspace       used 26120K, committed 26496K, reserved 1114112K
  class space    used 2398K, committed 2560K, reserved 1048576K
}
Event: 7.834 GC heap after
{Heap after GC invocations=13 (full 0):
 garbage-first heap   total 131072K, used 81378K [0x000000070ac00000, 0x0000000800000000)
  region size 2048K, 1 young (2048K), 1 survivors (2048K)
 Metaspace       used 26120K, committed 26496K, reserved 1114112K
  class space    used 2398K, committed 2560K, reserved 1048576K
}
Event: 7.839 GC heap before
{Heap before GC invocations=13 (full 0):
 garbage-first heap   total 131072K, used 87522K [0x000000070ac00000, 0x0000000800000000)
  region size 2048K, 5 young (10240K), 1 survivors (2048K)
 Metaspace       used 26138K, committed 26496K, reserved 1114112K
  class space    used 2400K, committed 2560K, reserved 1048576K
}
Event: 7.843 GC heap after
{Heap after GC invocations=14 (full 0):
 garbage-first heap   total 382976K, used 88674K [0x000000070ac00000, 0x0000000800000000)
  region size 2048K, 1 young (2048K), 1 survivors (2048K)
 Metaspace       used 26138K, committed 26496K, reserved 1114112K
  class space    used 2400K, committed 2560K, reserved 1048576K
}
Event: 8.667 GC heap before
{Heap before GC invocations=15 (full 0):
 garbage-first heap   total 335872K, used 168546K [0x000000070ac00000, 0x0000000800000000)
  region size 2048K, 41 young (83968K), 1 survivors (2048K)
 Metaspace       used 26281K, committed 26560K, reserved 1114112K
  class space    used 2405K, committed 2560K, reserved 1048576K
}
Event: 8.677 GC heap after
{Heap after GC invocations=16 (full 0):
 garbage-first heap   total 335872K, used 139237K [0x000000070ac00000, 0x0000000800000000)
  region size 2048K, 6 young (12288K), 6 survivors (12288K)
 Metaspace       used 26281K, committed 26560K, reserved 1114112K
  class space    used 2405K, committed 2560K, reserved 1048576K
}

