# JRE version: OpenJDK Runtime Environment Corretto-17.0.11.9.1 (17.0.11+9) (build 17.0.11+9-LTS)
# Java VM: OpenJDK 64-Bit Server VM Corretto-17.0.11.9.1 (17.0.11+9-LTS, mixed mode, sharing, tiered, compressed oops, compressed class ptrs, g1 gc, windows-amd64)
GC Precious Log:
 CPUs: 4 total, 4 available
 Memory: 16327M
 Large Page Support: Disabled
 NUMA Support: Disabled
 Compressed Oops: Enabled (Zero based)
 Heap Region Size: 2M
 Heap Min Capacity: 8M
 Heap Initial Capacity: 256M
 Heap Max Capacity: 4082M
 Pre-touch: Disabled
 Parallel Workers: 4
 Concurrent Workers: 1
 Concurrent Refinement Workers: 4
 Periodic GC: Disabled
Heap:
 garbage-first heap   total 430080K, used 154709K [0x0000000700e00000, 0x0000000800000000)
  region size 2048K, 18 young (36864K), 1 survivors (2048K)
 Metaspace       used 33941K, committed 34368K, reserved 1114112K
  class space    used 3222K, committed 3456K, reserved 1048576K
GC Heap History (20 events):
Event: 12.522 GC heap before
{Heap before GC invocations=18 (full 0):
 garbage-first heap   total 49152K, used 24704K [0x0000000700e00000, 0x0000000800000000)
  region size 2048K, 7 young (14336K), 2 survivors (4096K)
 Metaspace       used 32832K, committed 33280K, reserved 1114112K
  class space    used 3139K, committed 3328K, reserved 1048576K
}
Event: 12.546 GC heap after
{Heap after GC invocations=19 (full 1):
 garbage-first heap   total 49152K, used 16098K [0x0000000700e00000, 0x0000000800000000)
  region size 2048K, 0 young (0K), 0 survivors (0K)
 Metaspace       used 32832K, committed 33280K, reserved 1114112K
  class space    used 3139K, committed 3328K, reserved 1048576K
}
Event: 12.617 GC heap before
{Heap before GC invocations=19 (full 1):
 garbage-first heap   total 49152K, used 34530K [0x0000000700e00000, 0x0000000800000000)
  region size 2048K, 10 young (20480K), 0 survivors (0K)
 Metaspace       used 33081K, committed 33472K, reserved 1114112K
  class space    used 3162K, committed 3328K, reserved 1048576K
}
Event: 12.622 GC heap after
{Heap after GC invocations=20 (full 1):
 garbage-first heap   total 53248K, used 30786K [0x0000000700e00000, 0x0000000800000000)
  region size 2048K, 2 young (4096K), 2 survivors (4096K)
 Metaspace       used 33081K, committed 33472K, reserved 1114112K
  class space    used 3162K, committed 3328K, reserved 1048576K
}
Event: 12.630 GC heap before
{Heap before GC invocations=20 (full 1):
 garbage-first heap   total 53248K, used 34882K [0x0000000700e00000, 0x0000000800000000)
  region size 2048K, 5 young (10240K), 2 survivors (4096K)
 Metaspace       used 33090K, committed 33472K, reserved 1114112K
  class space    used 3162K, committed 3328K, reserved 1048576K
}
Event: 12.633 GC heap after
{Heap after GC invocations=21 (full 1):
 garbage-first heap   total 53248K, used 36020K [0x0000000700e00000, 0x0000000800000000)
  region size 2048K, 1 young (2048K), 1 survivors (2048K)
 Metaspace       used 33090K, committed 33472K, reserved 1114112K
  class space    used 3162K, committed 3328K, reserved 1048576K
}
Event: 12.636 GC heap before
{Heap before GC invocations=21 (full 1):
 garbage-first heap   total 53248K, used 36020K [0x0000000700e00000, 0x0000000800000000)
  region size 2048K, 2 young (4096K), 1 survivors (2048K)
 Metaspace       used 33093K, committed 33472K, reserved 1114112K
  class space    used 3162K, committed 3328K, reserved 1048576K
}
Event: 12.637 GC heap after
{Heap after GC invocations=22 (full 1):
 garbage-first heap   total 53248K, used 38015K [0x0000000700e00000, 0x0000000800000000)
  region size 2048K, 1 young (2048K), 1 survivors (2048K)
 Metaspace       used 33093K, committed 33472K, reserved 1114112K
  class space    used 3162K, committed 3328K, reserved 1048576K
}
Event: 12.640 GC heap before
{Heap before GC invocations=22 (full 1):
 garbage-first heap   total 53248K, used 38015K [0x0000000700e00000, 0x0000000800000000)
  region size 2048K, 2 young (4096K), 1 survivors (2048K)
 Metaspace       used 33100K, committed 33472K, reserved 1114112K
  class space    used 3162K, committed 3328K, reserved 1048576K
}
Event: 12.642 GC heap after
{Heap after GC invocations=23 (full 1):
 garbage-first heap   total 157696K, used 39885K [0x0000000700e00000, 0x0000000800000000)
  region size 2048K, 1 young (2048K), 1 survivors (2048K)
 Metaspace       used 33100K, committed 33472K, reserved 1114112K
  class space    used 3162K, committed 3328K, reserved 1048576K
}
Event: 12.705 GC heap before
{Heap before GC invocations=24 (full 1):
 garbage-first heap   total 157696K, used 80845K [0x0000000700e00000, 0x0000000800000000)
  region size 2048K, 22 young (45056K), 1 survivors (2048K)
 Metaspace       used 33178K, committed 33536K, reserved 1114112K
  class space    used 3162K, committed 3328K, reserved 1048576K
}
Event: 12.714 GC heap after
{Heap after GC invocations=25 (full 1):
 garbage-first heap   total 157696K, used 74575K [0x0000000700e00000, 0x0000000800000000)
  region size 2048K, 3 young (6144K), 3 survivors (6144K)
 Metaspace       used 33178K, committed 33536K, reserved 1114112K
  class space    used 3162K, committed 3328K, reserved 1048576K
}
Event: 12.738 GC heap before
{Heap before GC invocations=25 (full 1):
 garbage-first heap   total 157696K, used 99151K [0x0000000700e00000, 0x0000000800000000)
  region size 2048K, 15 young (30720K), 3 survivors (6144K)
 Metaspace       used 33191K, committed 33536K, reserved 1114112K
  class space    used 3162K, committed 3328K, reserved 1048576K
}
Event: 12.746 GC heap after
{Heap after GC invocations=26 (full 1):
 garbage-first heap   total 157696K, used 98786K [0x0000000700e00000, 0x0000000800000000)
  region size 2048K, 2 young (4096K), 2 survivors (4096K)
 Metaspace       used 33191K, committed 33536K, reserved 1114112K
  class space    used 3162K, committed 3328K, reserved 1048576K
}
Event: 12.758 GC heap before
{Heap before GC invocations=26 (full 1):
 garbage-first heap   total 157696K, used 109026K [0x0000000700e00000, 0x0000000800000000)
  region size 2048K, 8 young (16384K), 2 survivors (4096K)
 Metaspace       used 33191K, committed 33536K, reserved 1114112K
  class space    used 3162K, committed 3328K, reserved 1048576K
}
Event: 12.762 GC heap after
{Heap after GC invocations=27 (full 1):
 garbage-first heap   total 157696K, used 111227K [0x0000000700e00000, 0x0000000800000000)
  region size 2048K, 1 young (2048K), 1 survivors (2048K)
 Metaspace       used 33191K, committed 33536K, reserved 1114112K
  class space    used 3162K, committed 3328K, reserved 1048576K
}
Event: 12.767 GC heap before
{Heap before GC invocations=27 (full 1):
 garbage-first heap   total 157696K, used 115323K [0x0000000700e00000, 0x0000000800000000)
  region size 2048K, 4 young (8192K), 1 survivors (2048K)
 Metaspace       used 33191K, committed 33536K, reserved 1114112K
  class space    used 3162K, committed 3328K, reserved 1048576K
}
Event: 12.769 GC heap after
{Heap after GC invocations=28 (full 1):
 garbage-first heap   total 157696K, used 117740K [0x0000000700e00000, 0x0000000800000000)
  region size 2048K, 1 young (2048K), 1 survivors (2048K)
 Metaspace       used 33191K, committed 33536K, reserved 1114112K
  class space    used 3162K, committed 3328K, reserved 1048576K
}
Event: 12.772 GC heap before
{Heap before GC invocations=28 (full 1):
 garbage-first heap   total 157696K, used 119788K [0x0000000700e00000, 0x0000000800000000)
  region size 2048K, 3 young (6144K), 1 survivors (2048K)
 Metaspace       used 33191K, committed 33536K, reserved 1114112K
  class space    used 3162K, committed 3328K, reserved 1048576K
}
Event: 12.775 GC heap after
{Heap after GC invocations=29 (full 1):
 garbage-first heap   total 471040K, used 121941K [0x0000000700e00000, 0x0000000800000000)
  region size 2048K, 1 young (2048K), 1 survivors (2048K)
 Metaspace       used 33191K, committed 33536K, reserved 1114112K
  class space    used 3162K, committed 3328K, reserved 1048576K
}

