# JRE version: OpenJDK Runtime Environment Corretto-17.0.11.9.1 (17.0.11+9) (build 17.0.11+9-LTS)
# Java VM: OpenJDK 64-Bit Server VM Corretto-17.0.11.9.1 (17.0.11+9-LTS, mixed mode, sharing, tiered, compressed oops, compressed class ptrs, g1 gc, windows-amd64)
GC Precious Log:
 CPUs: 4 total, 4 available
 Memory: 16327M
 Large Page Support: Disabled
 NUMA Support: Disabled
 Compressed Oops: Enabled (Zero based)
 Heap Region Size: 2M
 Heap Min Capacity: 8M
 Heap Initial Capacity: 256M
 Heap Max Capacity: 4082M
 Pre-touch: Disabled
 Parallel Workers: 4
 Concurrent Workers: 1
 Concurrent Refinement Workers: 4
 Periodic GC: Disabled
Heap:
 garbage-first heap   total 614400K, used 153995K [0x0000000700e00000, 0x0000000800000000)
  region size 2048K, 19 young (38912K), 1 survivors (2048K)
 Metaspace       used 33849K, committed 34368K, reserved 1114112K
  class space    used 3222K, committed 3456K, reserved 1048576K
GC Heap History (20 events):
Event: 11.150 GC heap before
{Heap before GC invocations=17 (full 0):
 garbage-first heap   total 49152K, used 26661K [0x0000000700e00000, 0x0000000800000000)
  region size 2048K, 10 young (20480K), 2 survivors (4096K)
 Metaspace       used 32817K, committed 33152K, reserved 1114112K
  class space    used 3138K, committed 3264K, reserved 1048576K
}
Event: 11.175 GC heap after
{Heap after GC invocations=18 (full 1):
 garbage-first heap   total 49152K, used 15916K [0x0000000700e00000, 0x0000000800000000)
  region size 2048K, 0 young (0K), 0 survivors (0K)
 Metaspace       used 32817K, committed 33152K, reserved 1114112K
  class space    used 3138K, committed 3264K, reserved 1048576K
}
Event: 11.250 GC heap before
{Heap before GC invocations=18 (full 1):
 garbage-first heap   total 49152K, used 34348K [0x0000000700e00000, 0x0000000800000000)
  region size 2048K, 10 young (20480K), 0 survivors (0K)
 Metaspace       used 33065K, committed 33408K, reserved 1114112K
  class space    used 3161K, committed 3328K, reserved 1048576K
}
Event: 11.254 GC heap after
{Heap after GC invocations=19 (full 1):
 garbage-first heap   total 53248K, used 29767K [0x0000000700e00000, 0x0000000800000000)
  region size 2048K, 2 young (4096K), 2 survivors (4096K)
 Metaspace       used 33065K, committed 33408K, reserved 1114112K
  class space    used 3161K, committed 3328K, reserved 1048576K
}
Event: 11.261 GC heap before
{Heap before GC invocations=19 (full 1):
 garbage-first heap   total 53248K, used 33863K [0x0000000700e00000, 0x0000000800000000)
  region size 2048K, 5 young (10240K), 2 survivors (4096K)
 Metaspace       used 33074K, committed 33472K, reserved 1114112K
  class space    used 3161K, committed 3328K, reserved 1048576K
}
Event: 11.263 GC heap after
{Heap after GC invocations=20 (full 1):
 garbage-first heap   total 53248K, used 35508K [0x0000000700e00000, 0x0000000800000000)
  region size 2048K, 1 young (2048K), 1 survivors (2048K)
 Metaspace       used 33074K, committed 33472K, reserved 1114112K
  class space    used 3161K, committed 3328K, reserved 1048576K
}
Event: 11.266 GC heap before
{Heap before GC invocations=20 (full 1):
 garbage-first heap   total 53248K, used 35508K [0x0000000700e00000, 0x0000000800000000)
  region size 2048K, 2 young (4096K), 1 survivors (2048K)
 Metaspace       used 33077K, committed 33472K, reserved 1114112K
  class space    used 3161K, committed 3328K, reserved 1048576K
}
Event: 11.267 GC heap after
{Heap after GC invocations=21 (full 1):
 garbage-first heap   total 53248K, used 37437K [0x0000000700e00000, 0x0000000800000000)
  region size 2048K, 1 young (2048K), 1 survivors (2048K)
 Metaspace       used 33077K, committed 33472K, reserved 1114112K
  class space    used 3161K, committed 3328K, reserved 1048576K
}
Event: 11.269 GC heap before
{Heap before GC invocations=21 (full 1):
 garbage-first heap   total 53248K, used 37437K [0x0000000700e00000, 0x0000000800000000)
  region size 2048K, 2 young (4096K), 1 survivors (2048K)
 Metaspace       used 33083K, committed 33472K, reserved 1114112K
  class space    used 3161K, committed 3328K, reserved 1048576K
}
Event: 11.271 GC heap after
{Heap after GC invocations=22 (full 1):
 garbage-first heap   total 157696K, used 39471K [0x0000000700e00000, 0x0000000800000000)
  region size 2048K, 1 young (2048K), 1 survivors (2048K)
 Metaspace       used 33083K, committed 33472K, reserved 1114112K
  class space    used 3161K, committed 3328K, reserved 1048576K
}
Event: 11.335 GC heap before
{Heap before GC invocations=23 (full 1):
 garbage-first heap   total 157696K, used 80431K [0x0000000700e00000, 0x0000000800000000)
  region size 2048K, 22 young (45056K), 1 survivors (2048K)
 Metaspace       used 33154K, committed 33536K, reserved 1114112K
  class space    used 3161K, committed 3328K, reserved 1048576K
}
Event: 11.345 GC heap after
{Heap after GC invocations=24 (full 1):
 garbage-first heap   total 157696K, used 74654K [0x0000000700e00000, 0x0000000800000000)
  region size 2048K, 3 young (6144K), 3 survivors (6144K)
 Metaspace       used 33154K, committed 33536K, reserved 1114112K
  class space    used 3161K, committed 3328K, reserved 1048576K
}
Event: 11.363 GC heap before
{Heap before GC invocations=24 (full 1):
 garbage-first heap   total 157696K, used 95134K [0x0000000700e00000, 0x0000000800000000)
  region size 2048K, 14 young (28672K), 3 survivors (6144K)
 Metaspace       used 33168K, committed 33536K, reserved 1114112K
  class space    used 3161K, committed 3328K, reserved 1048576K
}
Event: 11.371 GC heap after
{Heap after GC invocations=25 (full 1):
 garbage-first heap   total 157696K, used 96484K [0x0000000700e00000, 0x0000000800000000)
  region size 2048K, 2 young (4096K), 2 survivors (4096K)
 Metaspace       used 33168K, committed 33536K, reserved 1114112K
  class space    used 3161K, committed 3328K, reserved 1048576K
}
Event: 11.393 GC heap before
{Heap before GC invocations=25 (full 1):
 garbage-first heap   total 157696K, used 106724K [0x0000000700e00000, 0x0000000800000000)
  region size 2048K, 8 young (16384K), 2 survivors (4096K)
 Metaspace       used 33175K, committed 33536K, reserved 1114112K
  class space    used 3161K, committed 3328K, reserved 1048576K
}
Event: 11.397 GC heap after
{Heap after GC invocations=26 (full 1):
 garbage-first heap   total 157696K, used 108849K [0x0000000700e00000, 0x0000000800000000)
  region size 2048K, 1 young (2048K), 1 survivors (2048K)
 Metaspace       used 33175K, committed 33536K, reserved 1114112K
  class space    used 3161K, committed 3328K, reserved 1048576K
}
Event: 11.402 GC heap before
{Heap before GC invocations=26 (full 1):
 garbage-first heap   total 157696K, used 112945K [0x0000000700e00000, 0x0000000800000000)
  region size 2048K, 4 young (8192K), 1 survivors (2048K)
 Metaspace       used 33175K, committed 33536K, reserved 1114112K
  class space    used 3161K, committed 3328K, reserved 1048576K
}
Event: 11.403 GC heap after
{Heap after GC invocations=27 (full 1):
 garbage-first heap   total 157696K, used 115053K [0x0000000700e00000, 0x0000000800000000)
  region size 2048K, 1 young (2048K), 1 survivors (2048K)
 Metaspace       used 33175K, committed 33536K, reserved 1114112K
  class space    used 3161K, committed 3328K, reserved 1048576K
}
Event: 11.409 GC heap before
{Heap before GC invocations=27 (full 1):
 garbage-first heap   total 204800K, used 117101K [0x0000000700e00000, 0x0000000800000000)
  region size 2048K, 3 young (6144K), 1 survivors (2048K)
 Metaspace       used 33175K, committed 33536K, reserved 1114112K
  class space    used 3161K, committed 3328K, reserved 1048576K
}
Event: 11.413 GC heap after
{Heap after GC invocations=28 (full 1):
 garbage-first heap   total 614400K, used 119179K [0x0000000700e00000, 0x0000000800000000)
  region size 2048K, 1 young (2048K), 1 survivors (2048K)
 Metaspace       used 33175K, committed 33536K, reserved 1114112K
  class space    used 3161K, committed 3328K, reserved 1048576K
}

