# JRE version: OpenJDK Runtime Environment Corretto-17.0.11.9.1 (17.0.11+9) (build 17.0.11+9-LTS)
# Java VM: OpenJDK 64-Bit Server VM Corretto-17.0.11.9.1 (17.0.11+9-LTS, mixed mode, sharing, tiered, compressed oops, compressed class ptrs, g1 gc, windows-amd64)
GC Precious Log:
 CPUs: 4 total, 4 available
 Memory: 16327M
 Large Page Support: Disabled
 NUMA Support: Disabled
 Compressed Oops: Enabled (Zero based)
 Heap Region Size: 2M
 Heap Min Capacity: 8M
 Heap Initial Capacity: 256M
 Heap Max Capacity: 4082M
 Pre-touch: Disabled
 Parallel Workers: 4
 Concurrent Workers: 1
 Concurrent Refinement Workers: 4
 Periodic GC: Disabled
Heap:
 garbage-first heap   total 432128K, used 155718K [0x0000000700e00000, 0x0000000800000000)
  region size 2048K, 18 young (36864K), 1 survivors (2048K)
 Metaspace       used 33905K, committed 34368K, reserved 1114112K
  class space    used 3222K, committed 3456K, reserved 1048576K
GC Heap History (20 events):
Event: 15.679 GC heap before
{Heap before GC invocations=17 (full 0):
 garbage-first heap   total 49152K, used 26646K [0x0000000700e00000, 0x0000000800000000)
  region size 2048K, 10 young (20480K), 2 survivors (4096K)
 Metaspace       used 32905K, committed 33280K, reserved 1114112K
  class space    used 3142K, committed 3328K, reserved 1048576K
}
Event: 15.705 GC heap after
{Heap after GC invocations=18 (full 1):
 garbage-first heap   total 49152K, used 16031K [0x0000000700e00000, 0x0000000800000000)
  region size 2048K, 0 young (0K), 0 survivors (0K)
 Metaspace       used 32905K, committed 33280K, reserved 1114112K
  class space    used 3142K, committed 3328K, reserved 1048576K
}
Event: 15.783 GC heap before
{Heap before GC invocations=18 (full 1):
 garbage-first heap   total 49152K, used 34463K [0x0000000700e00000, 0x0000000800000000)
  region size 2048K, 10 young (20480K), 0 survivors (0K)
 Metaspace       used 33143K, committed 33472K, reserved 1114112K
  class space    used 3165K, committed 3328K, reserved 1048576K
}
Event: 15.788 GC heap after
{Heap after GC invocations=19 (full 1):
 garbage-first heap   total 57344K, used 33483K [0x0000000700e00000, 0x0000000800000000)
  region size 2048K, 2 young (4096K), 2 survivors (4096K)
 Metaspace       used 33143K, committed 33472K, reserved 1114112K
  class space    used 3165K, committed 3328K, reserved 1048576K
}
Event: 15.796 GC heap before
{Heap before GC invocations=19 (full 1):
 garbage-first heap   total 57344K, used 37579K [0x0000000700e00000, 0x0000000800000000)
  region size 2048K, 4 young (8192K), 2 survivors (4096K)
 Metaspace       used 33157K, committed 33536K, reserved 1114112K
  class space    used 3165K, committed 3328K, reserved 1048576K
}
Event: 15.798 GC heap after
{Heap after GC invocations=20 (full 1):
 garbage-first heap   total 57344K, used 35100K [0x0000000700e00000, 0x0000000800000000)
  region size 2048K, 1 young (2048K), 1 survivors (2048K)
 Metaspace       used 33157K, committed 33536K, reserved 1114112K
  class space    used 3165K, committed 3328K, reserved 1048576K
}
Event: 15.803 GC heap before
{Heap before GC invocations=20 (full 1):
 garbage-first heap   total 57344K, used 37148K [0x0000000700e00000, 0x0000000800000000)
  region size 2048K, 3 young (6144K), 1 survivors (2048K)
 Metaspace       used 33168K, committed 33536K, reserved 1114112K
  class space    used 3165K, committed 3328K, reserved 1048576K
}
Event: 15.805 GC heap after
{Heap after GC invocations=21 (full 1):
 garbage-first heap   total 57344K, used 38483K [0x0000000700e00000, 0x0000000800000000)
  region size 2048K, 1 young (2048K), 1 survivors (2048K)
 Metaspace       used 33168K, committed 33536K, reserved 1114112K
  class space    used 3165K, committed 3328K, reserved 1048576K
}
Event: 15.808 GC heap before
{Heap before GC invocations=21 (full 1):
 garbage-first heap   total 57344K, used 38483K [0x0000000700e00000, 0x0000000800000000)
  region size 2048K, 2 young (4096K), 1 survivors (2048K)
 Metaspace       used 33169K, committed 33536K, reserved 1114112K
  class space    used 3165K, committed 3328K, reserved 1048576K
}
Event: 15.809 GC heap after
{Heap after GC invocations=22 (full 1):
 garbage-first heap   total 159744K, used 40462K [0x0000000700e00000, 0x0000000800000000)
  region size 2048K, 1 young (2048K), 1 survivors (2048K)
 Metaspace       used 33169K, committed 33536K, reserved 1114112K
  class space    used 3165K, committed 3328K, reserved 1048576K
}
Event: 15.868 GC heap before
{Heap before GC invocations=23 (full 1):
 garbage-first heap   total 159744K, used 83470K [0x0000000700e00000, 0x0000000800000000)
  region size 2048K, 23 young (47104K), 1 survivors (2048K)
 Metaspace       used 33244K, committed 33600K, reserved 1114112K
  class space    used 3165K, committed 3328K, reserved 1048576K
}
Event: 15.878 GC heap after
{Heap after GC invocations=24 (full 1):
 garbage-first heap   total 159744K, used 77055K [0x0000000700e00000, 0x0000000800000000)
  region size 2048K, 3 young (6144K), 3 survivors (6144K)
 Metaspace       used 33244K, committed 33600K, reserved 1114112K
  class space    used 3165K, committed 3328K, reserved 1048576K
}
Event: 15.902 GC heap before
{Heap before GC invocations=24 (full 1):
 garbage-first heap   total 159744K, used 97535K [0x0000000700e00000, 0x0000000800000000)
  region size 2048K, 14 young (28672K), 3 survivors (6144K)
 Metaspace       used 33251K, committed 33600K, reserved 1114112K
  class space    used 3165K, committed 3328K, reserved 1048576K
}
Event: 15.910 GC heap after
{Heap after GC invocations=25 (full 1):
 garbage-first heap   total 159744K, used 99253K [0x0000000700e00000, 0x0000000800000000)
  region size 2048K, 2 young (4096K), 2 survivors (4096K)
 Metaspace       used 33251K, committed 33600K, reserved 1114112K
  class space    used 3165K, committed 3328K, reserved 1048576K
}
Event: 15.923 GC heap before
{Heap before GC invocations=25 (full 1):
 garbage-first heap   total 159744K, used 109493K [0x0000000700e00000, 0x0000000800000000)
  region size 2048K, 8 young (16384K), 2 survivors (4096K)
 Metaspace       used 33265K, committed 33600K, reserved 1114112K
  class space    used 3165K, committed 3328K, reserved 1048576K
}
Event: 15.927 GC heap after
{Heap after GC invocations=26 (full 1):
 garbage-first heap   total 159744K, used 111638K [0x0000000700e00000, 0x0000000800000000)
  region size 2048K, 1 young (2048K), 1 survivors (2048K)
 Metaspace       used 33265K, committed 33600K, reserved 1114112K
  class space    used 3165K, committed 3328K, reserved 1048576K
}
Event: 15.932 GC heap before
{Heap before GC invocations=26 (full 1):
 garbage-first heap   total 159744K, used 115734K [0x0000000700e00000, 0x0000000800000000)
  region size 2048K, 4 young (8192K), 1 survivors (2048K)
 Metaspace       used 33265K, committed 33600K, reserved 1114112K
  class space    used 3165K, committed 3328K, reserved 1048576K
}
Event: 15.934 GC heap after
{Heap after GC invocations=27 (full 1):
 garbage-first heap   total 159744K, used 118431K [0x0000000700e00000, 0x0000000800000000)
  region size 2048K, 1 young (2048K), 1 survivors (2048K)
 Metaspace       used 33265K, committed 33600K, reserved 1114112K
  class space    used 3165K, committed 3328K, reserved 1048576K
}
Event: 15.938 GC heap before
{Heap before GC invocations=27 (full 1):
 garbage-first heap   total 159744K, used 120479K [0x0000000700e00000, 0x0000000800000000)
  region size 2048K, 3 young (6144K), 1 survivors (2048K)
 Metaspace       used 33265K, committed 33600K, reserved 1114112K
  class space    used 3165K, committed 3328K, reserved 1048576K
}
Event: 15.940 GC heap after
{Heap after GC invocations=28 (full 1):
 garbage-first heap   total 432128K, used 122950K [0x0000000700e00000, 0x0000000800000000)
  region size 2048K, 1 young (2048K), 1 survivors (2048K)
 Metaspace       used 33265K, committed 33600K, reserved 1114112K
  class space    used 3165K, committed 3328K, reserved 1048576K
}

