# JRE version: OpenJDK Runtime Environment Corretto-17.0.13.11.1 (17.0.13+11) (build 17.0.13+11-LTS)
# Java VM: OpenJDK 64-Bit Server VM Corretto-17.0.13.11.1 (17.0.13+11-LTS, mixed mode, sharing, tiered, compressed oops, compressed class ptrs, g1 gc, windows-amd64)
GC Precious Log:
 CPUs: 6 total, 6 available
 Memory: 7987M
 Large Page Support: Disabled
 NUMA Support: Disabled
 Compressed Oops: Enabled (32-bit)
 Heap Region Size: 1M
 Heap Min Capacity: 8M
 Heap Initial Capacity: 126M
 Heap Max Capacity: 1998M
 Pre-touch: Disabled
 Parallel Workers: 6
 Concurrent Workers: 2
 Concurrent Refinement Workers: 6
 Periodic GC: Disabled
Heap:
 garbage-first heap   total 162816K, used 93417K [0x0000000083200000, 0x0000000100000000)
  region size 1024K, 32 young (32768K), 6 survivors (6144K)
 Metaspace       used 32239K, committed 32704K, reserved 1114112K
  class space    used 3085K, committed 3328K, reserved 1048576K
GC Heap History (20 events):
Event: 4.316 GC heap before
{Heap before GC invocations=13 (full 1):
 garbage-first heap   total 56320K, used 36719K [0x0000000083200000, 0x0000000100000000)
  region size 1024K, 6 young (6144K), 1 survivors (1024K)
 Metaspace       used 31464K, committed 31872K, reserved 1114112K
  class space    used 3017K, committed 3200K, reserved 1048576K
}
Event: 4.321 GC heap after
{Heap after GC invocations=14 (full 1):
 garbage-first heap   total 56320K, used 37204K [0x0000000083200000, 0x0000000100000000)
  region size 1024K, 1 young (1024K), 1 survivors (1024K)
 Metaspace       used 31464K, committed 31872K, reserved 1114112K
  class space    used 3017K, committed 3200K, reserved 1048576K
}
Event: 4.330 GC heap before
{Heap before GC invocations=14 (full 1):
 garbage-first heap   total 56320K, used 39252K [0x0000000083200000, 0x0000000100000000)
  region size 1024K, 4 young (4096K), 1 survivors (1024K)
 Metaspace       used 31465K, committed 31872K, reserved 1114112K
  class space    used 3017K, committed 3200K, reserved 1048576K
}
Event: 4.332 GC heap after
{Heap after GC invocations=15 (full 1):
 garbage-first heap   total 112640K, used 39317K [0x0000000083200000, 0x0000000100000000)
  region size 1024K, 1 young (1024K), 1 survivors (1024K)
 Metaspace       used 31465K, committed 31872K, reserved 1114112K
  class space    used 3017K, committed 3200K, reserved 1048576K
}
Event: 4.391 GC heap before
{Heap before GC invocations=16 (full 1):
 garbage-first heap   total 112640K, used 61845K [0x0000000083200000, 0x0000000100000000)
  region size 1024K, 24 young (24576K), 1 survivors (1024K)
 Metaspace       used 31524K, committed 31936K, reserved 1114112K
  class space    used 3018K, committed 3200K, reserved 1048576K
}
Event: 4.399 GC heap after
{Heap after GC invocations=17 (full 1):
 garbage-first heap   total 112640K, used 61973K [0x0000000083200000, 0x0000000100000000)
  region size 1024K, 3 young (3072K), 3 survivors (3072K)
 Metaspace       used 31524K, committed 31936K, reserved 1114112K
  class space    used 3018K, committed 3200K, reserved 1048576K
}
Event: 4.854 GC heap before
{Heap before GC invocations=17 (full 1):
 garbage-first heap   total 112640K, used 73237K [0x0000000083200000, 0x0000000100000000)
  region size 1024K, 15 young (15360K), 3 survivors (3072K)
 Metaspace       used 31676K, committed 32064K, reserved 1114112K
  class space    used 3023K, committed 3200K, reserved 1048576K
}
Event: 4.856 GC heap after
{Heap after GC invocations=18 (full 1):
 garbage-first heap   total 112640K, used 62787K [0x0000000083200000, 0x0000000100000000)
  region size 1024K, 1 young (1024K), 1 survivors (1024K)
 Metaspace       used 31676K, committed 32064K, reserved 1114112K
  class space    used 3023K, committed 3200K, reserved 1048576K
}
Event: 5.036 GC heap before
{Heap before GC invocations=19 (full 1):
 garbage-first heap   total 112640K, used 76099K [0x0000000083200000, 0x0000000100000000)
  region size 1024K, 14 young (14336K), 1 survivors (1024K)
 Metaspace       used 31683K, committed 32064K, reserved 1114112K
  class space    used 3023K, committed 3200K, reserved 1048576K
}
Event: 5.037 GC heap after
{Heap after GC invocations=20 (full 1):
 garbage-first heap   total 112640K, used 63499K [0x0000000083200000, 0x0000000100000000)
  region size 1024K, 2 young (2048K), 2 survivors (2048K)
 Metaspace       used 31683K, committed 32064K, reserved 1114112K
  class space    used 3023K, committed 3200K, reserved 1048576K
}
Event: 5.236 GC heap before
{Heap before GC invocations=20 (full 1):
 garbage-first heap   total 112640K, used 78859K [0x0000000083200000, 0x0000000100000000)
  region size 1024K, 17 young (17408K), 2 survivors (2048K)
 Metaspace       used 31686K, committed 32064K, reserved 1114112K
  class space    used 3023K, committed 3200K, reserved 1048576K
}
Event: 5.237 GC heap after
{Heap after GC invocations=21 (full 1):
 garbage-first heap   total 112640K, used 63427K [0x0000000083200000, 0x0000000100000000)
  region size 1024K, 1 young (1024K), 1 survivors (1024K)
 Metaspace       used 31686K, committed 32064K, reserved 1114112K
  class space    used 3023K, committed 3200K, reserved 1048576K
}
Event: 5.347 GC heap before
{Heap before GC invocations=22 (full 1):
 garbage-first heap   total 112640K, used 79811K [0x0000000083200000, 0x0000000100000000)
  region size 1024K, 18 young (18432K), 1 survivors (1024K)
 Metaspace       used 31689K, committed 32064K, reserved 1114112K
  class space    used 3023K, committed 3200K, reserved 1048576K
}
Event: 5.349 GC heap after
{Heap after GC invocations=23 (full 1):
 garbage-first heap   total 162816K, used 63980K [0x0000000083200000, 0x0000000100000000)
  region size 1024K, 2 young (2048K), 2 survivors (2048K)
 Metaspace       used 31689K, committed 32064K, reserved 1114112K
  class space    used 3023K, committed 3200K, reserved 1048576K
}
Event: 5.619 GC heap before
{Heap before GC invocations=23 (full 1):
 garbage-first heap   total 162816K, used 112108K [0x0000000083200000, 0x0000000100000000)
  region size 1024K, 49 young (50176K), 2 survivors (2048K)
 Metaspace       used 31690K, committed 32064K, reserved 1114112K
  class space    used 3023K, committed 3200K, reserved 1048576K
}
Event: 5.621 GC heap after
{Heap after GC invocations=24 (full 1):
 garbage-first heap   total 162816K, used 64995K [0x0000000083200000, 0x0000000100000000)
  region size 1024K, 3 young (3072K), 3 survivors (3072K)
 Metaspace       used 31690K, committed 32064K, reserved 1114112K
  class space    used 3023K, committed 3200K, reserved 1048576K
}
Event: 5.841 GC heap before
{Heap before GC invocations=24 (full 1):
 garbage-first heap   total 162816K, used 117219K [0x0000000083200000, 0x0000000100000000)
  region size 1024K, 54 young (55296K), 3 survivors (3072K)
 Metaspace       used 31692K, committed 32064K, reserved 1114112K
  class space    used 3023K, committed 3200K, reserved 1048576K
}
Event: 5.843 GC heap after
{Heap after GC invocations=25 (full 1):
 garbage-first heap   total 162816K, used 66565K [0x0000000083200000, 0x0000000100000000)
  region size 1024K, 5 young (5120K), 5 survivors (5120K)
 Metaspace       used 31692K, committed 32064K, reserved 1114112K
  class space    used 3023K, committed 3200K, reserved 1048576K
}
Event: 6.080 GC heap before
{Heap before GC invocations=25 (full 1):
 garbage-first heap   total 162816K, used 120837K [0x0000000083200000, 0x0000000100000000)
  region size 1024K, 58 young (59392K), 5 survivors (5120K)
 Metaspace       used 31698K, committed 32064K, reserved 1114112K
  class space    used 3023K, committed 3200K, reserved 1048576K
}
Event: 6.083 GC heap after
{Heap after GC invocations=26 (full 1):
 garbage-first heap   total 162816K, used 67817K [0x0000000083200000, 0x0000000100000000)
  region size 1024K, 6 young (6144K), 6 survivors (6144K)
 Metaspace       used 31698K, committed 32064K, reserved 1114112K
  class space    used 3023K, committed 3200K, reserved 1048576K
}

