# JRE version: OpenJDK Runtime Environment Corretto-17.0.11.9.1 (17.0.11+9) (build 17.0.11+9-LTS)
# Java VM: OpenJDK 64-Bit Server VM Corretto-17.0.11.9.1 (17.0.11+9-LTS, mixed mode, sharing, tiered, compressed oops, compressed class ptrs, g1 gc, windows-amd64)
GC Precious Log:
 CPUs: 4 total, 4 available
 Memory: 16327M
 Large Page Support: Disabled
 NUMA Support: Disabled
 Compressed Oops: Enabled (Zero based)
 Heap Region Size: 2M
 Heap Min Capacity: 8M
 Heap Initial Capacity: 256M
 Heap Max Capacity: 4082M
 Pre-touch: Disabled
 Parallel Workers: 4
 Concurrent Workers: 1
 Concurrent Refinement Workers: 4
 Periodic GC: Disabled
Heap:
 garbage-first heap   total 417792K, used 156482K [0x0000000700e00000, 0x0000000800000000)
  region size 2048K, 20 young (40960K), 1 survivors (2048K)
 Metaspace       used 33913K, committed 34368K, reserved 1114112K
  class space    used 3221K, committed 3456K, reserved 1048576K
GC Heap History (20 events):
Event: 10.778 GC heap before
{Heap before GC invocations=17 (full 0):
 garbage-first heap   total 49152K, used 26476K [0x0000000700e00000, 0x0000000800000000)
  region size 2048K, 9 young (18432K), 2 survivors (4096K)
 Metaspace       used 32821K, committed 33216K, reserved 1114112K
  class space    used 3138K, committed 3328K, reserved 1048576K
}
Event: 10.802 GC heap after
{Heap after GC invocations=18 (full 1):
 garbage-first heap   total 49152K, used 16079K [0x0000000700e00000, 0x0000000800000000)
  region size 2048K, 0 young (0K), 0 survivors (0K)
 Metaspace       used 32821K, committed 33216K, reserved 1114112K
  class space    used 3138K, committed 3328K, reserved 1048576K
}
Event: 10.861 GC heap before
{Heap before GC invocations=18 (full 1):
 garbage-first heap   total 49152K, used 34511K [0x0000000700e00000, 0x0000000800000000)
  region size 2048K, 10 young (20480K), 0 survivors (0K)
 Metaspace       used 33075K, committed 33472K, reserved 1114112K
  class space    used 3161K, committed 3328K, reserved 1048576K
}
Event: 10.864 GC heap after
{Heap after GC invocations=19 (full 1):
 garbage-first heap   total 53248K, used 29939K [0x0000000700e00000, 0x0000000800000000)
  region size 2048K, 2 young (4096K), 2 survivors (4096K)
 Metaspace       used 33075K, committed 33472K, reserved 1114112K
  class space    used 3161K, committed 3328K, reserved 1048576K
}
Event: 10.871 GC heap before
{Heap before GC invocations=19 (full 1):
 garbage-first heap   total 53248K, used 34035K [0x0000000700e00000, 0x0000000800000000)
  region size 2048K, 5 young (10240K), 2 survivors (4096K)
 Metaspace       used 33078K, committed 33472K, reserved 1114112K
  class space    used 3161K, committed 3328K, reserved 1048576K
}
Event: 10.874 GC heap after
{Heap after GC invocations=20 (full 1):
 garbage-first heap   total 53248K, used 35719K [0x0000000700e00000, 0x0000000800000000)
  region size 2048K, 1 young (2048K), 1 survivors (2048K)
 Metaspace       used 33078K, committed 33472K, reserved 1114112K
  class space    used 3161K, committed 3328K, reserved 1048576K
}
Event: 10.877 GC heap before
{Heap before GC invocations=20 (full 1):
 garbage-first heap   total 53248K, used 35719K [0x0000000700e00000, 0x0000000800000000)
  region size 2048K, 2 young (4096K), 1 survivors (2048K)
 Metaspace       used 33082K, committed 33472K, reserved 1114112K
  class space    used 3161K, committed 3328K, reserved 1048576K
}
Event: 10.878 GC heap after
{Heap after GC invocations=21 (full 1):
 garbage-first heap   total 53248K, used 37803K [0x0000000700e00000, 0x0000000800000000)
  region size 2048K, 1 young (2048K), 1 survivors (2048K)
 Metaspace       used 33082K, committed 33472K, reserved 1114112K
  class space    used 3161K, committed 3328K, reserved 1048576K
}
Event: 10.881 GC heap before
{Heap before GC invocations=21 (full 1):
 garbage-first heap   total 53248K, used 37803K [0x0000000700e00000, 0x0000000800000000)
  region size 2048K, 2 young (4096K), 1 survivors (2048K)
 Metaspace       used 33089K, committed 33472K, reserved 1114112K
  class space    used 3161K, committed 3328K, reserved 1048576K
}
Event: 10.883 GC heap after
{Heap after GC invocations=22 (full 1):
 garbage-first heap   total 157696K, used 39630K [0x0000000700e00000, 0x0000000800000000)
  region size 2048K, 1 young (2048K), 1 survivors (2048K)
 Metaspace       used 33089K, committed 33472K, reserved 1114112K
  class space    used 3161K, committed 3328K, reserved 1048576K
}
Event: 10.944 GC heap before
{Heap before GC invocations=23 (full 1):
 garbage-first heap   total 157696K, used 80590K [0x0000000700e00000, 0x0000000800000000)
  region size 2048K, 22 young (45056K), 1 survivors (2048K)
 Metaspace       used 33167K, committed 33536K, reserved 1114112K
  class space    used 3161K, committed 3328K, reserved 1048576K
}
Event: 10.953 GC heap after
{Heap after GC invocations=24 (full 1):
 garbage-first heap   total 157696K, used 74528K [0x0000000700e00000, 0x0000000800000000)
  region size 2048K, 3 young (6144K), 3 survivors (6144K)
 Metaspace       used 33167K, committed 33536K, reserved 1114112K
  class space    used 3161K, committed 3328K, reserved 1048576K
}
Event: 10.973 GC heap before
{Heap before GC invocations=24 (full 1):
 garbage-first heap   total 157696K, used 95008K [0x0000000700e00000, 0x0000000800000000)
  region size 2048K, 14 young (28672K), 3 survivors (6144K)
 Metaspace       used 33179K, committed 33536K, reserved 1114112K
  class space    used 3161K, committed 3328K, reserved 1048576K
}
Event: 10.980 GC heap after
{Heap after GC invocations=25 (full 1):
 garbage-first heap   total 157696K, used 96992K [0x0000000700e00000, 0x0000000800000000)
  region size 2048K, 2 young (4096K), 2 survivors (4096K)
 Metaspace       used 33179K, committed 33536K, reserved 1114112K
  class space    used 3161K, committed 3328K, reserved 1048576K
}
Event: 10.996 GC heap before
{Heap before GC invocations=25 (full 1):
 garbage-first heap   total 157696K, used 107232K [0x0000000700e00000, 0x0000000800000000)
  region size 2048K, 8 young (16384K), 2 survivors (4096K)
 Metaspace       used 33181K, committed 33536K, reserved 1114112K
  class space    used 3161K, committed 3328K, reserved 1048576K
}
Event: 11.000 GC heap after
{Heap after GC invocations=26 (full 1):
 garbage-first heap   total 157696K, used 109008K [0x0000000700e00000, 0x0000000800000000)
  region size 2048K, 1 young (2048K), 1 survivors (2048K)
 Metaspace       used 33181K, committed 33536K, reserved 1114112K
  class space    used 3161K, committed 3328K, reserved 1048576K
}
Event: 11.006 GC heap before
{Heap before GC invocations=26 (full 1):
 garbage-first heap   total 157696K, used 113104K [0x0000000700e00000, 0x0000000800000000)
  region size 2048K, 4 young (8192K), 1 survivors (2048K)
 Metaspace       used 33181K, committed 33536K, reserved 1114112K
  class space    used 3161K, committed 3328K, reserved 1048576K
}
Event: 11.007 GC heap after
{Heap after GC invocations=27 (full 1):
 garbage-first heap   total 157696K, used 115497K [0x0000000700e00000, 0x0000000800000000)
  region size 2048K, 1 young (2048K), 1 survivors (2048K)
 Metaspace       used 33181K, committed 33536K, reserved 1114112K
  class space    used 3161K, committed 3328K, reserved 1048576K
}
Event: 11.011 GC heap before
{Heap before GC invocations=27 (full 1):
 garbage-first heap   total 157696K, used 117545K [0x0000000700e00000, 0x0000000800000000)
  region size 2048K, 3 young (6144K), 1 survivors (2048K)
 Metaspace       used 33181K, committed 33536K, reserved 1114112K
  class space    used 3161K, committed 3328K, reserved 1048576K
}
Event: 11.013 GC heap after
{Heap after GC invocations=28 (full 1):
 garbage-first heap   total 417792K, used 119618K [0x0000000700e00000, 0x0000000800000000)
  region size 2048K, 1 young (2048K), 1 survivors (2048K)
 Metaspace       used 33181K, committed 33536K, reserved 1114112K
  class space    used 3161K, committed 3328K, reserved 1048576K
}

